This file contains any messages produced by compilers while
running configure, to aid debugging if configure makes a mistake.

It was created by fnxmlparser configure 0.0.0.1, which was
generated by GNU Autoconf 2.61.  Invocation command line was

  $ ./configure --prefix=/usr --enable-static=no --build=i686-pc-linux-gnu --host=arm-linux --target=arm-linux --with-install-extern-dir=Fn/debug

## --------- ##
## Platform. ##
## --------- ##

hostname = lenny.dev
uname -m = i686
uname -r = 2.6.26-1-686
uname -s = Linux
uname -v = #1 SMP Sat Jan 10 18:29:31 UTC 2009

/usr/bin/uname -p = unknown
/bin/uname -X     = unknown

/bin/arch              = unknown
/usr/bin/arch -k       = unknown
/usr/convex/getsysinfo = unknown
/usr/bin/hostinfo      = unknown
/bin/machine           = unknown
/usr/bin/oslevel       = unknown
/bin/universe          = unknown

PATH: /opt/fn3/CROSS_BIN
PATH: /usr/local/bin
PATH: /usr/bin
PATH: /bin
PATH: /usr/games
PATH: /opt/public/java/bin
PATH: /opt/freescale/usr/local/gcc-4.1.2-glibc-2.5-nptl-3/arm-none-linux-gnueabi/bin


## ----------- ##
## Core tests. ##
## ----------- ##

configure:2017: checking for a BSD-compatible install
configure:2073: result: /usr/bin/install -c
configure:2084: checking whether build environment is sane
configure:2127: result: yes
configure:2155: checking for a thread-safe mkdir -p
configure:2194: result: /bin/mkdir -p
configure:2207: checking for gawk
configure:2223: found /usr/bin/gawk
configure:2234: result: gawk
configure:2245: checking whether make sets $(MAKE)
configure:2266: result: yes
configure:2346: checking for arm-linux-strip
configure:2373: result: /opt/fn3/armel_gcc/arm-2010q1/bin/arm-none-linux-gnueabi-strip
configure:2572: checking for C++ compiler version
configure:2579: /opt/fn3/armel_gcc/arm-2010q1/bin/arm-none-linux-gnueabi-g++ --version >&5
arm-none-linux-gnueabi-g++ (Sourcery G++ Lite 2010q1-202) 4.4.1
Copyright (C) 2009 Free Software Foundation, Inc.
This is free software; see the source for copying conditions.  There is NO
warranty; not even for MERCHANTABILITY or FITNESS FOR A PARTICULAR PURPOSE.

configure:2582: $? = 0
configure:2589: /opt/fn3/armel_gcc/arm-2010q1/bin/arm-none-linux-gnueabi-g++ -v >&5
Using built-in specs.
Target: arm-none-linux-gnueabi
Configured with: /scratch/julian/2010q1-release-linux-lite/src/gcc-4.4-2010q1/configure --build=i686-pc-linux-gnu --host=i686-pc-linux-gnu --target=arm-none-linux-gnueabi --enable-threads --disable-libmudflap --disable-libssp --disable-libstdcxx-pch --enable-extra-sgxxlite-multilibs --with-arch=armv5te --with-gnu-as --with-gnu-ld --with-specs='%{funwind-tables|fno-unwind-tables|mabi=*|ffreestanding|nostdlib:;:-funwind-tables} %{O2:%{!fno-remove-local-statics: -fremove-local-statics}} %{O*:%{O|O0|O1|O2|Os:;:%{!fno-remove-local-statics: -fremove-local-statics}}}' --enable-languages=c,c++ --enable-shared --disable-lto --enable-symvers=gnu --enable-__cxa_atexit --with-pkgversion='Sourcery G++ Lite 2010q1-202' --with-bugurl=https://support.codesourcery.com/GNUToolchain/ --disable-nls --prefix=/opt/codesourcery --with-sysroot=/opt/codesourcery/arm-none-linux-gnueabi/libc --with-build-sysroot=/scratch/julian/2010q1-release-linux-lite/install/arm-none-linux-gnueabi/libc --with-gmp=/scratch/julian/2010q1-release-linux-lite/obj/host-libs-2010q1-202-arm-none-linux-gnueabi-i686-pc-linux-gnu/usr --with-mpfr=/scratch/julian/2010q1-release-linux-lite/obj/host-libs-2010q1-202-arm-none-linux-gnueabi-i686-pc-linux-gnu/usr --with-ppl=/scratch/julian/2010q1-release-linux-lite/obj/host-libs-2010q1-202-arm-none-linux-gnueabi-i686-pc-linux-gnu/usr --with-host-libstdcxx='-static-libgcc -Wl,-Bstatic,-lstdc++,-Bdynamic -lm' --with-cloog=/scratch/julian/2010q1-release-linux-lite/obj/host-libs-2010q1-202-arm-none-linux-gnueabi-i686-pc-linux-gnu/usr --disable-libgomp --enable-poison-system-directories --with-build-time-tools=/scratch/julian/2010q1-release-linux-lite/install/arm-none-linux-gnueabi/bin --with-build-time-tools=/scratch/julian/2010q1-release-linux-lite/install/arm-none-linux-gnueabi/bin
Thread model: posix
gcc version 4.4.1 (Sourcery G++ Lite 2010q1-202) 
configure:2592: $? = 0
configure:2599: /opt/fn3/armel_gcc/arm-2010q1/bin/arm-none-linux-gnueabi-g++ -V >&5
arm-none-linux-gnueabi-g++: '-V' option must have argument
configure:2602: $? = 1
configure:2625: checking for C++ compiler default output file name
configure:2652: /opt/fn3/armel_gcc/arm-2010q1/bin/arm-none-linux-gnueabi-g++   -Wl,--rpath -Wl,/opt/fn3/mx515_lucid_dev/lib  -Wl,--rpath -Wl,/opt/fn3/mx515_lucid_dev/usr/lib conftest.cpp  >&5
configure:2655: $? = 0
configure:2693: result: a.out
configure:2710: checking whether the C++ compiler works
configure:2740: result: yes
configure:2747: checking whether we are cross compiling
configure:2749: result: yes
configure:2752: checking for suffix of executables
configure:2759: /opt/fn3/armel_gcc/arm-2010q1/bin/arm-none-linux-gnueabi-g++ -o conftest   -Wl,--rpath -Wl,/opt/fn3/mx515_lucid_dev/lib  -Wl,--rpath -Wl,/opt/fn3/mx515_lucid_dev/usr/lib conftest.cpp  >&5
configure:2762: $? = 0
configure:2786: result: 
configure:2792: checking for suffix of object files
configure:2818: /opt/fn3/armel_gcc/arm-2010q1/bin/arm-none-linux-gnueabi-g++ -c   conftest.cpp >&5
configure:2821: $? = 0
configure:2844: result: o
configure:2848: checking whether we are using the GNU C++ compiler
configure:2877: /opt/fn3/armel_gcc/arm-2010q1/bin/arm-none-linux-gnueabi-g++ -c   conftest.cpp >&5
configure:2883: $? = 0
configure:2900: result: yes
configure:2905: checking whether /opt/fn3/armel_gcc/arm-2010q1/bin/arm-none-linux-gnueabi-g++ accepts -g
configure:2935: /opt/fn3/armel_gcc/arm-2010q1/bin/arm-none-linux-gnueabi-g++ -c -g  conftest.cpp >&5
configure:2941: $? = 0
configure:3040: result: yes
configure:3074: checking for style of include used by make
configure:3102: result: GNU
configure:3127: checking dependency style of /opt/fn3/armel_gcc/arm-2010q1/bin/arm-none-linux-gnueabi-g++
configure:3218: result: gcc3
configure:3241: checking for arm-linux-gcc
configure:3268: result: /opt/fn3/armel_gcc/arm-2010q1/bin/arm-none-linux-gnueabi-gcc
configure:3546: checking for C compiler version
configure:3553: /opt/fn3/armel_gcc/arm-2010q1/bin/arm-none-linux-gnueabi-gcc --version >&5
arm-none-linux-gnueabi-gcc (Sourcery G++ Lite 2010q1-202) 4.4.1
Copyright (C) 2009 Free Software Foundation, Inc.
This is free software; see the source for copying conditions.  There is NO
warranty; not even for MERCHANTABILITY or FITNESS FOR A PARTICULAR PURPOSE.

configure:3556: $? = 0
configure:3563: /opt/fn3/armel_gcc/arm-2010q1/bin/arm-none-linux-gnueabi-gcc -v >&5
Using built-in specs.
Target: arm-none-linux-gnueabi
Configured with: /scratch/julian/2010q1-release-linux-lite/src/gcc-4.4-2010q1/configure --build=i686-pc-linux-gnu --host=i686-pc-linux-gnu --target=arm-none-linux-gnueabi --enable-threads --disable-libmudflap --disable-libssp --disable-libstdcxx-pch --enable-extra-sgxxlite-multilibs --with-arch=armv5te --with-gnu-as --with-gnu-ld --with-specs='%{funwind-tables|fno-unwind-tables|mabi=*|ffreestanding|nostdlib:;:-funwind-tables} %{O2:%{!fno-remove-local-statics: -fremove-local-statics}} %{O*:%{O|O0|O1|O2|Os:;:%{!fno-remove-local-statics: -fremove-local-statics}}}' --enable-languages=c,c++ --enable-shared --disable-lto --enable-symvers=gnu --enable-__cxa_atexit --with-pkgversion='Sourcery G++ Lite 2010q1-202' --with-bugurl=https://support.codesourcery.com/GNUToolchain/ --disable-nls --prefix=/opt/codesourcery --with-sysroot=/opt/codesourcery/arm-none-linux-gnueabi/libc --with-build-sysroot=/scratch/julian/2010q1-release-linux-lite/install/arm-none-linux-gnueabi/libc --with-gmp=/scratch/julian/2010q1-release-linux-lite/obj/host-libs-2010q1-202-arm-none-linux-gnueabi-i686-pc-linux-gnu/usr --with-mpfr=/scratch/julian/2010q1-release-linux-lite/obj/host-libs-2010q1-202-arm-none-linux-gnueabi-i686-pc-linux-gnu/usr --with-ppl=/scratch/julian/2010q1-release-linux-lite/obj/host-libs-2010q1-202-arm-none-linux-gnueabi-i686-pc-linux-gnu/usr --with-host-libstdcxx='-static-libgcc -Wl,-Bstatic,-lstdc++,-Bdynamic -lm' --with-cloog=/scratch/julian/2010q1-release-linux-lite/obj/host-libs-2010q1-202-arm-none-linux-gnueabi-i686-pc-linux-gnu/usr --disable-libgomp --enable-poison-system-directories --with-build-time-tools=/scratch/julian/2010q1-release-linux-lite/install/arm-none-linux-gnueabi/bin --with-build-time-tools=/scratch/julian/2010q1-release-linux-lite/install/arm-none-linux-gnueabi/bin
Thread model: posix
gcc version 4.4.1 (Sourcery G++ Lite 2010q1-202) 
configure:3566: $? = 0
configure:3573: /opt/fn3/armel_gcc/arm-2010q1/bin/arm-none-linux-gnueabi-gcc -V >&5
arm-none-linux-gnueabi-gcc: '-V' option must have argument
configure:3576: $? = 1
configure:3579: checking whether we are using the GNU C compiler
configure:3608: /opt/fn3/armel_gcc/arm-2010q1/bin/arm-none-linux-gnueabi-gcc -c   conftest.c >&5
configure:3614: $? = 0
configure:3631: result: yes
configure:3636: checking whether /opt/fn3/armel_gcc/arm-2010q1/bin/arm-none-linux-gnueabi-gcc accepts -g
configure:3666: /opt/fn3/armel_gcc/arm-2010q1/bin/arm-none-linux-gnueabi-gcc -c -g  conftest.c >&5
configure:3672: $? = 0
configure:3771: result: yes
configure:3788: checking for /opt/fn3/armel_gcc/arm-2010q1/bin/arm-none-linux-gnueabi-gcc option to accept ISO C89
configure:3862: /opt/fn3/armel_gcc/arm-2010q1/bin/arm-none-linux-gnueabi-gcc  -c -g -O2  conftest.c >&5
configure:3868: $? = 0
configure:3891: result: none needed
configure:3911: checking dependency style of /opt/fn3/armel_gcc/arm-2010q1/bin/arm-none-linux-gnueabi-gcc
configure:4002: result: gcc3
configure:4022: checking for pthread_rwlock_init in -lpthread
configure:4057: /opt/fn3/armel_gcc/arm-2010q1/bin/arm-none-linux-gnueabi-gcc -o conftest -g -O2  -Wl,--rpath -Wl,/opt/fn3/mx515_lucid_dev/lib  -Wl,--rpath -Wl,/opt/fn3/mx515_lucid_dev/usr/lib conftest.c -lpthread   >&5
configure:4063: $? = 0
configure:4081: result: yes
configure:4173: checking build system type
configure:4191: result: i686-pc-linux-gnu
configure:4213: checking host system type
configure:4228: result: arm-unknown-linux-gnu
configure:4250: checking for a sed that does not truncate output
configure:4306: result: /bin/sed
configure:4309: checking for grep that handles long lines and -e
configure:4383: result: /bin/grep
configure:4388: checking for egrep
configure:4466: result: /bin/grep -E
configure:4482: checking for ld used by /opt/fn3/armel_gcc/arm-2010q1/bin/arm-none-linux-gnueabi-gcc
configure:4549: result: /opt/fn3/armel_gcc/arm-2010q1/bin/arm-none-linux-gnueabi-ld
configure:4558: checking if the linker (/opt/fn3/armel_gcc/arm-2010q1/bin/arm-none-linux-gnueabi-ld) is GNU ld
configure:4573: result: yes
configure:4578: checking for /opt/fn3/armel_gcc/arm-2010q1/bin/arm-none-linux-gnueabi-ld option to reload object files
configure:4585: result: -r
configure:4603: checking for BSD-compatible nm
configure:4652: result: /opt/fn3/armel_gcc/arm-2010q1/bin/arm-none-linux-gnueabi-nm
configure:4656: checking whether ln -s works
configure:4660: result: yes
configure:4667: checking how to recognize dependent libraries
configure:4853: result: pass_all
configure:5097: checking how to run the C preprocessor
configure:5137: /opt/fn3/armel_gcc/arm-2010q1/bin/arm-none-linux-gnueabi-gcc -E  conftest.c
configure:5143: $? = 0
configure:5174: /opt/fn3/armel_gcc/arm-2010q1/bin/arm-none-linux-gnueabi-gcc -E  conftest.c
conftest.c:11: fatal error: ac_nonexistent.h: No such file or directory
compilation terminated.
configure:5180: $? = 1
configure: failed program was:
| /* confdefs.h.  */
| #define PACKAGE_NAME "fnxmlparser"
| #define PACKAGE_TARNAME "fnxmlparser"
| #define PACKAGE_VERSION "0.0.0.1"
| #define PACKAGE_STRING "fnxmlparser 0.0.0.1"
| #define PACKAGE_BUGREPORT "wyqscnu@163.com"
| #define PACKAGE "fnxmlparser"
| #define VERSION "0.0.0.1"
| #define HAVE_LIBPTHREAD 1
| /* end confdefs.h.  */
| #include <ac_nonexistent.h>
configure:5213: result: /opt/fn3/armel_gcc/arm-2010q1/bin/arm-none-linux-gnueabi-gcc -E
configure:5242: /opt/fn3/armel_gcc/arm-2010q1/bin/arm-none-linux-gnueabi-gcc -E  conftest.c
configure:5248: $? = 0
configure:5279: /opt/fn3/armel_gcc/arm-2010q1/bin/arm-none-linux-gnueabi-gcc -E  conftest.c
conftest.c:11: fatal error: ac_nonexistent.h: No such file or directory
compilation terminated.
configure:5285: $? = 1
configure: failed program was:
| /* confdefs.h.  */
| #define PACKAGE_NAME "fnxmlparser"
| #define PACKAGE_TARNAME "fnxmlparser"
| #define PACKAGE_VERSION "0.0.0.1"
| #define PACKAGE_STRING "fnxmlparser 0.0.0.1"
| #define PACKAGE_BUGREPORT "wyqscnu@163.com"
| #define PACKAGE "fnxmlparser"
| #define VERSION "0.0.0.1"
| #define HAVE_LIBPTHREAD 1
| /* end confdefs.h.  */
| #include <ac_nonexistent.h>
configure:5323: checking for ANSI C header files
configure:5353: /opt/fn3/armel_gcc/arm-2010q1/bin/arm-none-linux-gnueabi-gcc -c -g -O2  conftest.c >&5
configure:5359: $? = 0
configure:5487: result: yes
configure:5511: checking for sys/types.h
configure:5532: /opt/fn3/armel_gcc/arm-2010q1/bin/arm-none-linux-gnueabi-gcc -c -g -O2  conftest.c >&5
configure:5538: $? = 0
configure:5554: result: yes
configure:5511: checking for sys/stat.h
configure:5532: /opt/fn3/armel_gcc/arm-2010q1/bin/arm-none-linux-gnueabi-gcc -c -g -O2  conftest.c >&5
configure:5538: $? = 0
configure:5554: result: yes
configure:5511: checking for stdlib.h
configure:5532: /opt/fn3/armel_gcc/arm-2010q1/bin/arm-none-linux-gnueabi-gcc -c -g -O2  conftest.c >&5
configure:5538: $? = 0
configure:5554: result: yes
configure:5511: checking for string.h
configure:5532: /opt/fn3/armel_gcc/arm-2010q1/bin/arm-none-linux-gnueabi-gcc -c -g -O2  conftest.c >&5
configure:5538: $? = 0
configure:5554: result: yes
configure:5511: checking for memory.h
configure:5532: /opt/fn3/armel_gcc/arm-2010q1/bin/arm-none-linux-gnueabi-gcc -c -g -O2  conftest.c >&5
configure:5538: $? = 0
configure:5554: result: yes
configure:5511: checking for strings.h
configure:5532: /opt/fn3/armel_gcc/arm-2010q1/bin/arm-none-linux-gnueabi-gcc -c -g -O2  conftest.c >&5
configure:5538: $? = 0
configure:5554: result: yes
configure:5511: checking for inttypes.h
configure:5532: /opt/fn3/armel_gcc/arm-2010q1/bin/arm-none-linux-gnueabi-gcc -c -g -O2  conftest.c >&5
configure:5538: $? = 0
configure:5554: result: yes
configure:5511: checking for stdint.h
configure:5532: /opt/fn3/armel_gcc/arm-2010q1/bin/arm-none-linux-gnueabi-gcc -c -g -O2  conftest.c >&5
configure:5538: $? = 0
configure:5554: result: yes
configure:5511: checking for unistd.h
configure:5532: /opt/fn3/armel_gcc/arm-2010q1/bin/arm-none-linux-gnueabi-gcc -c -g -O2  conftest.c >&5
configure:5538: $? = 0
configure:5554: result: yes
configure:5581: checking dlfcn.h usability
configure:5598: /opt/fn3/armel_gcc/arm-2010q1/bin/arm-none-linux-gnueabi-gcc -c -g -O2  conftest.c >&5
configure:5604: $? = 0
configure:5618: result: yes
configure:5622: checking dlfcn.h presence
configure:5637: /opt/fn3/armel_gcc/arm-2010q1/bin/arm-none-linux-gnueabi-gcc -E  conftest.c
configure:5643: $? = 0
configure:5657: result: yes
configure:5690: checking for dlfcn.h
configure:5698: result: yes
configure:5721: checking how to run the C++ preprocessor
configure:5757: /opt/fn3/armel_gcc/arm-2010q1/bin/arm-none-linux-gnueabi-g++ -E  conftest.cpp
configure:5763: $? = 0
configure:5794: /opt/fn3/armel_gcc/arm-2010q1/bin/arm-none-linux-gnueabi-g++ -E  conftest.cpp
conftest.cpp:22: fatal error: ac_nonexistent.h: No such file or directory
compilation terminated.
configure:5800: $? = 1
configure: failed program was:
| /* confdefs.h.  */
| #define PACKAGE_NAME "fnxmlparser"
| #define PACKAGE_TARNAME "fnxmlparser"
| #define PACKAGE_VERSION "0.0.0.1"
| #define PACKAGE_STRING "fnxmlparser 0.0.0.1"
| #define PACKAGE_BUGREPORT "wyqscnu@163.com"
| #define PACKAGE "fnxmlparser"
| #define VERSION "0.0.0.1"
| #define HAVE_LIBPTHREAD 1
| #define STDC_HEADERS 1
| #define HAVE_SYS_TYPES_H 1
| #define HAVE_SYS_STAT_H 1
| #define HAVE_STDLIB_H 1
| #define HAVE_STRING_H 1
| #define HAVE_MEMORY_H 1
| #define HAVE_STRINGS_H 1
| #define HAVE_INTTYPES_H 1
| #define HAVE_STDINT_H 1
| #define HAVE_UNISTD_H 1
| #define HAVE_DLFCN_H 1
| /* end confdefs.h.  */
| #include <ac_nonexistent.h>
configure:5833: result: /opt/fn3/armel_gcc/arm-2010q1/bin/arm-none-linux-gnueabi-g++ -E
configure:5862: /opt/fn3/armel_gcc/arm-2010q1/bin/arm-none-linux-gnueabi-g++ -E  conftest.cpp
configure:5868: $? = 0
configure:5899: /opt/fn3/armel_gcc/arm-2010q1/bin/arm-none-linux-gnueabi-g++ -E  conftest.cpp
conftest.cpp:22: fatal error: ac_nonexistent.h: No such file or directory
compilation terminated.
configure:5905: $? = 1
configure: failed program was:
| /* confdefs.h.  */
| #define PACKAGE_NAME "fnxmlparser"
| #define PACKAGE_TARNAME "fnxmlparser"
| #define PACKAGE_VERSION "0.0.0.1"
| #define PACKAGE_STRING "fnxmlparser 0.0.0.1"
| #define PACKAGE_BUGREPORT "wyqscnu@163.com"
| #define PACKAGE "fnxmlparser"
| #define VERSION "0.0.0.1"
| #define HAVE_LIBPTHREAD 1
| #define STDC_HEADERS 1
| #define HAVE_SYS_TYPES_H 1
| #define HAVE_SYS_STAT_H 1
| #define HAVE_STDLIB_H 1
| #define HAVE_STRING_H 1
| #define HAVE_MEMORY_H 1
| #define HAVE_STRINGS_H 1
| #define HAVE_INTTYPES_H 1
| #define HAVE_STDINT_H 1
| #define HAVE_UNISTD_H 1
| #define HAVE_DLFCN_H 1
| /* end confdefs.h.  */
| #include <ac_nonexistent.h>
configure:5954: checking for arm-linux-g77
configure:5984: result: no
configure:5954: checking for arm-linux-xlf
configure:5984: result: no
configure:5954: checking for arm-linux-f77
configure:5984: result: no
configure:5954: checking for arm-linux-frt
configure:5984: result: no
configure:5954: checking for arm-linux-pgf77
configure:5984: result: no
configure:5954: checking for arm-linux-cf77
configure:5984: result: no
configure:5954: checking for arm-linux-fort77
configure:5984: result: no
configure:5954: checking for arm-linux-fl32
configure:5984: result: no
configure:5954: checking for arm-linux-af77
configure:5984: result: no
configure:5954: checking for arm-linux-xlf90
configure:5984: result: no
configure:5954: checking for arm-linux-f90
configure:5984: result: no
configure:5954: checking for arm-linux-pgf90
configure:5984: result: no
configure:5954: checking for arm-linux-pghpf
configure:5984: result: no
configure:5954: checking for arm-linux-epcf90
configure:5984: result: no
configure:5954: checking for arm-linux-gfortran
configure:5984: result: no
configure:5954: checking for arm-linux-g95
configure:5984: result: no
configure:5954: checking for arm-linux-xlf95
configure:5984: result: no
configure:5954: checking for arm-linux-f95
configure:5984: result: no
configure:5954: checking for arm-linux-fort
configure:5984: result: no
configure:5954: checking for arm-linux-ifort
configure:5984: result: no
configure:5954: checking for arm-linux-ifc
configure:5984: result: no
configure:5954: checking for arm-linux-efc
configure:5984: result: no
configure:5954: checking for arm-linux-pgf95
configure:5984: result: no
configure:5954: checking for arm-linux-lf95
configure:5984: result: no
configure:5954: checking for arm-linux-ftn
configure:5984: result: no
configure:5998: checking for g77
configure:6028: result: no
configure:5998: checking for xlf
configure:6028: result: no
configure:5998: checking for f77
configure:6028: result: no
configure:5998: checking for frt
configure:6028: result: no
configure:5998: checking for pgf77
configure:6028: result: no
configure:5998: checking for cf77
configure:6028: result: no
configure:5998: checking for fort77
configure:6028: result: no
configure:5998: checking for fl32
configure:6028: result: no
configure:5998: checking for af77
configure:6028: result: no
configure:5998: checking for xlf90
configure:6028: result: no
configure:5998: checking for f90
configure:6028: result: no
configure:5998: checking for pgf90
configure:6028: result: no
configure:5998: checking for pghpf
configure:6028: result: no
configure:5998: checking for epcf90
configure:6028: result: no
configure:5998: checking for gfortran
configure:6028: result: no
configure:5998: checking for g95
configure:6028: result: no
configure:5998: checking for xlf95
configure:6028: result: no
configure:5998: checking for f95
configure:6028: result: no
configure:5998: checking for fort
configure:6028: result: no
configure:5998: checking for ifort
configure:6028: result: no
configure:5998: checking for ifc
configure:6028: result: no
configure:5998: checking for efc
configure:6028: result: no
configure:5998: checking for pgf95
configure:6028: result: no
configure:5998: checking for lf95
configure:6028: result: no
configure:5998: checking for ftn
configure:6028: result: no
configure:6055: checking for Fortran 77 compiler version
configure:6062:  --version >&5
./configure: line 6063: --version: command not found
configure:6065: $? = 127
configure:6072:  -v >&5
./configure: line 6073: -v: command not found
configure:6075: $? = 127
configure:6082:  -V >&5
./configure: line 6083: -V: command not found
configure:6085: $? = 127
configure:6093: checking whether we are using the GNU Fortran 77 compiler
configure:6112:  -c  conftest.F >&5
./configure: line 6113: -c: command not found
configure:6118: $? = 127
configure: failed program was:
|       program main
| #ifndef __GNUC__
|        choke me
| #endif
| 
|       end
configure:6135: result: no
configure:6141: checking whether  accepts -g
configure:6158:  -c -g conftest.f >&5
./configure: line 6159: -c: command not found
configure:6164: $? = 127
configure: failed program was:
|       program main
| 
|       end
configure:6180: result: no
configure:6209: checking the maximum length of command line arguments
configure:6321: result: 98304
configure:6333: checking command to parse /opt/fn3/armel_gcc/arm-2010q1/bin/arm-none-linux-gnueabi-nm output from /opt/fn3/armel_gcc/arm-2010q1/bin/arm-none-linux-gnueabi-gcc object
configure:6438: /opt/fn3/armel_gcc/arm-2010q1/bin/arm-none-linux-gnueabi-gcc -c -g -O2  conftest.c >&5
configure:6441: $? = 0
configure:6445: /opt/fn3/armel_gcc/arm-2010q1/bin/arm-none-linux-gnueabi-nm conftest.o \| sed -n -e 's/^.*[ 	]\([ABCDGIRSTW][ABCDGIRSTW]*\)[ 	][ 	]*\([_A-Za-z][_A-Za-z0-9]*\)$/\1 \2 \2/p' \> conftest.nm
configure:6448: $? = 0
configure:6500: /opt/fn3/armel_gcc/arm-2010q1/bin/arm-none-linux-gnueabi-gcc -o conftest -g -O2  -Wl,--rpath -Wl,/opt/fn3/mx515_lucid_dev/lib  -Wl,--rpath -Wl,/opt/fn3/mx515_lucid_dev/usr/lib conftest.c conftstm.o >&5
configure:6503: $? = 0
configure:6541: result: ok
configure:6545: checking for objdir
configure:6560: result: .libs
configure:6612: checking for arm-linux-ar
configure:6639: result: /opt/fn3/armel_gcc/arm-2010q1/bin/arm-none-linux-gnueabi-ar
configure:6708: checking for arm-linux-ranlib
configure:6735: result: /opt/fn3/armel_gcc/arm-2010q1/bin/arm-none-linux-gnueabi-ranlib
configure:6804: checking for arm-linux-strip
configure:6831: result: /opt/fn3/armel_gcc/arm-2010q1/bin/arm-none-linux-gnueabi-strip
configure:7469: checking if /opt/fn3/armel_gcc/arm-2010q1/bin/arm-none-linux-gnueabi-gcc supports -fno-rtti -fno-exceptions
configure:7487: /opt/fn3/armel_gcc/arm-2010q1/bin/arm-none-linux-gnueabi-gcc -c -g -O2  -fno-rtti -fno-exceptions conftest.c >&5
cc1: warning: command line option "-fno-rtti" is valid for C++/ObjC++ but not for C
configure:7491: $? = 0
configure:7504: result: no
configure:7519: checking for /opt/fn3/armel_gcc/arm-2010q1/bin/arm-none-linux-gnueabi-gcc option to produce PIC
configure:7751: result: -fPIC
configure:7759: checking if /opt/fn3/armel_gcc/arm-2010q1/bin/arm-none-linux-gnueabi-gcc PIC flag -fPIC works
configure:7777: /opt/fn3/armel_gcc/arm-2010q1/bin/arm-none-linux-gnueabi-gcc -c -g -O2  -fPIC -DPIC conftest.c >&5
configure:7781: $? = 0
configure:7794: result: yes
configure:7822: checking if /opt/fn3/armel_gcc/arm-2010q1/bin/arm-none-linux-gnueabi-gcc static flag -static works
configure:7850: result: yes
configure:7860: checking if /opt/fn3/armel_gcc/arm-2010q1/bin/arm-none-linux-gnueabi-gcc supports -c -o file.o
configure:7881: /opt/fn3/armel_gcc/arm-2010q1/bin/arm-none-linux-gnueabi-gcc -c -g -O2  -o out/conftest2.o conftest.c >&5
configure:7885: $? = 0
configure:7907: result: yes
configure:7933: checking whether the /opt/fn3/armel_gcc/arm-2010q1/bin/arm-none-linux-gnueabi-gcc linker (/opt/fn3/armel_gcc/arm-2010q1/bin/arm-none-linux-gnueabi-ld) supports shared libraries
configure:8914: result: yes
configure:8935: checking whether -lc should be explicitly linked in
configure:8940: /opt/fn3/armel_gcc/arm-2010q1/bin/arm-none-linux-gnueabi-gcc -c -g -O2  conftest.c >&5
configure:8943: $? = 0
configure:8958: /opt/fn3/armel_gcc/arm-2010q1/bin/arm-none-linux-gnueabi-gcc -shared conftest.o  -v -Wl,-soname -Wl,conftest -o conftest 2\>\&1 \| grep  -lc  \>/dev/null 2\>\&1
configure:8961: $? = 0
configure:8973: result: no
configure:8981: checking dynamic linker characteristics
configure:9595: result: GNU/Linux ld.so
configure:9619: checking how to hardcode library paths into programs
configure:9644: result: immediate
configure:9658: checking whether stripping libraries is possible
configure:9663: result: yes
configure:10465: checking if libtool supports shared libraries
configure:10467: result: yes
configure:10470: checking whether to build shared libraries
configure:10491: result: yes
configure:10494: checking whether to build static libraries
configure:10498: result: no
configure:10592: creating libtool
configure:11185: checking for ld used by /opt/fn3/armel_gcc/arm-2010q1/bin/arm-none-linux-gnueabi-g++
configure:11252: result: /opt/fn3/armel_gcc/arm-2010q1/bin/arm-none-linux-gnueabi-ld
configure:11261: checking if the linker (/opt/fn3/armel_gcc/arm-2010q1/bin/arm-none-linux-gnueabi-ld) is GNU ld
configure:11276: result: yes
configure:11327: checking whether the /opt/fn3/armel_gcc/arm-2010q1/bin/arm-none-linux-gnueabi-g++ linker (/opt/fn3/armel_gcc/arm-2010q1/bin/arm-none-linux-gnueabi-ld) supports shared libraries
configure:12273: result: yes
configure:12290: /opt/fn3/armel_gcc/arm-2010q1/bin/arm-none-linux-gnueabi-g++ -c -g -O2  conftest.cpp >&5
configure:12293: $? = 0
configure:12449: checking for /opt/fn3/armel_gcc/arm-2010q1/bin/arm-none-linux-gnueabi-g++ option to produce PIC
configure:12733: result: -fPIC
configure:12741: checking if /opt/fn3/armel_gcc/arm-2010q1/bin/arm-none-linux-gnueabi-g++ PIC flag -fPIC works
configure:12759: /opt/fn3/armel_gcc/arm-2010q1/bin/arm-none-linux-gnueabi-g++ -c -g -O2  -fPIC -DPIC conftest.cpp >&5
configure:12763: $? = 0
configure:12776: result: yes
configure:12804: checking if /opt/fn3/armel_gcc/arm-2010q1/bin/arm-none-linux-gnueabi-g++ static flag -static works
configure:12832: result: yes
configure:12842: checking if /opt/fn3/armel_gcc/arm-2010q1/bin/arm-none-linux-gnueabi-g++ supports -c -o file.o
configure:12863: /opt/fn3/armel_gcc/arm-2010q1/bin/arm-none-linux-gnueabi-g++ -c -g -O2  -o out/conftest2.o conftest.cpp >&5
configure:12867: $? = 0
configure:12889: result: yes
configure:12915: checking whether the /opt/fn3/armel_gcc/arm-2010q1/bin/arm-none-linux-gnueabi-g++ linker (/opt/fn3/armel_gcc/arm-2010q1/bin/arm-none-linux-gnueabi-ld) supports shared libraries
configure:12944: result: yes
configure:13011: checking dynamic linker characteristics
configure:13573: result: GNU/Linux ld.so
configure:13597: checking how to hardcode library paths into programs
configure:13622: result: immediate
configure:19871: checking for ANSI C header files
configure:20035: result: yes
configure:20053: checking for stdlib.h
configure:20059: result: yes
configure:20053: checking for string.h
configure:20059: result: yes
configure:20063: checking sys/time.h usability
configure:20080: /opt/fn3/armel_gcc/arm-2010q1/bin/arm-none-linux-gnueabi-gcc -c -g -O2  conftest.c >&5
configure:20086: $? = 0
configure:20100: result: yes
configure:20104: checking sys/time.h presence
configure:20119: /opt/fn3/armel_gcc/arm-2010q1/bin/arm-none-linux-gnueabi-gcc -E  conftest.c
configure:20125: $? = 0
configure:20139: result: yes
configure:20172: checking for sys/time.h
configure:20180: result: yes
configure:20053: checking for unistd.h
configure:20059: result: yes
configure:20195: checking for an ANSI C-conforming const
configure:20270: /opt/fn3/armel_gcc/arm-2010q1/bin/arm-none-linux-gnueabi-gcc -c -g -O2  conftest.c >&5
configure:20276: $? = 0
configure:20291: result: yes
configure:20301: checking whether time.h and sys/time.h may both be included
configure:20331: /opt/fn3/armel_gcc/arm-2010q1/bin/arm-none-linux-gnueabi-gcc -c -g -O2  conftest.c >&5
configure:20337: $? = 0
configure:20352: result: yes
configure:20369: checking for gettimeofday
configure:20425: /opt/fn3/armel_gcc/arm-2010q1/bin/arm-none-linux-gnueabi-gcc -o conftest -g -O2  -Wl,--rpath -Wl,/opt/fn3/mx515_lucid_dev/lib  -Wl,--rpath -Wl,/opt/fn3/mx515_lucid_dev/usr/lib conftest.c -lpthread  >&5
configure:20431: $? = 0
configure:20449: result: yes
configure:20369: checking for memset
configure:20425: /opt/fn3/armel_gcc/arm-2010q1/bin/arm-none-linux-gnueabi-gcc -o conftest -g -O2  -Wl,--rpath -Wl,/opt/fn3/mx515_lucid_dev/lib  -Wl,--rpath -Wl,/opt/fn3/mx515_lucid_dev/usr/lib conftest.c -lpthread  >&5
conftest.c:52: warning: conflicting types for built-in function 'memset'
configure:20431: $? = 0
configure:20449: result: yes
configure:20465: fnxmlparser-0.0.0.1           A xmlparser library for telephony application.
configure:20482: LIBFNXMLPARSER_VER : "0.0.0.1"
configure:20594: checking pkg-config is at least version 0.9.0
configure:20597: result: yes
configure:20609: checking for ADVERTISEMENTSKIN
configure:20617: $PKG_CONFIG --exists --print-errors "fnadvertisementskin"
configure:20620: $? = 0
configure:20635: $PKG_CONFIG --exists --print-errors "fnadvertisementskin"
configure:20638: $? = 0
configure:20714: result: yes
configure:20727: checking for LIBXML2
configure:20735: $PKG_CONFIG --exists --print-errors "libxml-2.0"
configure:20738: $? = 0
configure:20753: $PKG_CONFIG --exists --print-errors "libxml-2.0"
configure:20756: $? = 0
configure:20832: result: yes
configure:20841: checking for MODULEDEF
configure:20849: $PKG_CONFIG --exists --print-errors "ModuleDef"
configure:20852: $? = 0
configure:20867: $PKG_CONFIG --exists --print-errors "ModuleDef"
configure:20870: $? = 0
configure:20946: result: yes
configure:20987: FOUND CFLAGS DEFINES : "-g -O2 -I/opt/fn3/mx515_lucid_dev/usr/Fn/debug/include/fnadvertisementskin -I/opt/fn3/mx515_lucid_dev/usr/Fn/debug/include/FnVpu -I/opt/fn3/mx515_lucid_dev/usr/Fn/debug/include/FnVideoIO -I/opt/i.mx515/tools/kernel_header/include -I/opt/fn3/mx515_lucid_dev/usr/include   -I/opt/fn3/mx515_lucid_dev/usr/include/libxml2   -I/opt/fn3/mx515_lucid_dev/usr/Fn/debug/include/ModuleDef -I/opt/fn3/mx515_lucid_dev/usr/Fn/debug/include/vialtypes -I/opt/fn3/mx515_lucid_dev/usr/Fn/debug/include/Vial  "
configure:20989: FOUND CPPFLAGS DEFINES : " -g -O2 -I/opt/fn3/mx515_lucid_dev/usr/Fn/debug/include/fnadvertisementskin -I/opt/fn3/mx515_lucid_dev/usr/Fn/debug/include/FnVpu -I/opt/fn3/mx515_lucid_dev/usr/Fn/debug/include/FnVideoIO -I/opt/i.mx515/tools/kernel_header/include -I/opt/fn3/mx515_lucid_dev/usr/include   -I/opt/fn3/mx515_lucid_dev/usr/include/libxml2   -I/opt/fn3/mx515_lucid_dev/usr/Fn/debug/include/ModuleDef -I/opt/fn3/mx515_lucid_dev/usr/Fn/debug/include/vialtypes -I/opt/fn3/mx515_lucid_dev/usr/Fn/debug/include/Vial  "
configure:20991: FOUND LIBS DEFINES : "-lpthread  -pthread -L/opt/fn3/mx515_lucid_dev/usr/Fn/debug/lib -L/opt/fn3/mx515_lucid_dev/usr/lib -lfnadvertisementskin -lFnVpu -lvpu -lFnVideoIO -lavformat -lavcodec -lavutil -lswscale   -L/opt/fn3/mx515_lucid_dev/usr/lib -lxml2   -L/opt/fn3/mx515_lucid_dev/usr/Fn/debug/lib -lModuleDef -lVial  "
configure:20993: FOUND INCLUDES DEFINES : ""
configure:21119: creating ./config.status

## ---------------------- ##
## Running config.status. ##
## ---------------------- ##

This file was extended by fnxmlparser config.status 0.0.0.1, which was
generated by GNU Autoconf 2.61.  Invocation command line was

  CONFIG_FILES    = 
  CONFIG_HEADERS  = 
  CONFIG_LINKS    = 
  CONFIG_COMMANDS = 
  $ ./config.status 

on lenny.dev

config.status:676: creating Makefile
config.status:676: creating src/fnadvertisement/Makefile
config.status:676: creating config.h
config.status:912: config.h is unchanged
config.status:959: executing depfiles commands

## ---------------- ##
## Cache variables. ##
## ---------------- ##

ac_cv_build=i686-pc-linux-gnu
ac_cv_c_compiler_gnu=yes
ac_cv_c_const=yes
ac_cv_cxx_compiler_gnu=yes
ac_cv_env_ADVERTISEMENTSKIN_CFLAGS_set=
ac_cv_env_ADVERTISEMENTSKIN_CFLAGS_value=
ac_cv_env_ADVERTISEMENTSKIN_LIBS_set=
ac_cv_env_ADVERTISEMENTSKIN_LIBS_value=
ac_cv_env_CCC_set=
ac_cv_env_CCC_value=
ac_cv_env_CC_set=set
ac_cv_env_CC_value=/opt/fn3/armel_gcc/arm-2010q1/bin/arm-none-linux-gnueabi-gcc
ac_cv_env_CFLAGS_set=
ac_cv_env_CFLAGS_value=
ac_cv_env_CPPFLAGS_set=
ac_cv_env_CPPFLAGS_value=
ac_cv_env_CPP_set=
ac_cv_env_CPP_value=
ac_cv_env_CXXCPP_set=
ac_cv_env_CXXCPP_value=
ac_cv_env_CXXFLAGS_set=
ac_cv_env_CXXFLAGS_value=
ac_cv_env_CXX_set=set
ac_cv_env_CXX_value=/opt/fn3/armel_gcc/arm-2010q1/bin/arm-none-linux-gnueabi-g++
ac_cv_env_F77_set=
ac_cv_env_F77_value=
ac_cv_env_FFLAGS_set=
ac_cv_env_FFLAGS_value=
ac_cv_env_LDFLAGS_set=set
ac_cv_env_LDFLAGS_value='-Wl,--rpath -Wl,/opt/fn3/mx515_lucid_dev/lib  -Wl,--rpath -Wl,/opt/fn3/mx515_lucid_dev/usr/lib'
ac_cv_env_LIBS_set=
ac_cv_env_LIBS_value=
ac_cv_env_LIBXML2_CFLAGS_set=
ac_cv_env_LIBXML2_CFLAGS_value=
ac_cv_env_LIBXML2_LIBS_set=
ac_cv_env_LIBXML2_LIBS_value=
ac_cv_env_MODULEDEF_CFLAGS_set=
ac_cv_env_MODULEDEF_CFLAGS_value=
ac_cv_env_MODULEDEF_LIBS_set=
ac_cv_env_MODULEDEF_LIBS_value=
ac_cv_env_PKG_CONFIG_set=set
ac_cv_env_PKG_CONFIG_value=/opt/fn3/CROSS_BIN/pkg-config
ac_cv_env_build_alias_set=set
ac_cv_env_build_alias_value=i686-pc-linux-gnu
ac_cv_env_host_alias_set=set
ac_cv_env_host_alias_value=arm-linux
ac_cv_env_target_alias_set=set
ac_cv_env_target_alias_value=arm-linux
ac_cv_f77_compiler_gnu=no
ac_cv_func_gettimeofday=yes
ac_cv_func_memset=yes
ac_cv_header_dlfcn_h=yes
ac_cv_header_inttypes_h=yes
ac_cv_header_memory_h=yes
ac_cv_header_stdc=yes
ac_cv_header_stdint_h=yes
ac_cv_header_stdlib_h=yes
ac_cv_header_string_h=yes
ac_cv_header_strings_h=yes
ac_cv_header_sys_stat_h=yes
ac_cv_header_sys_time_h=yes
ac_cv_header_sys_types_h=yes
ac_cv_header_time=yes
ac_cv_header_unistd_h=yes
ac_cv_host=arm-unknown-linux-gnu
ac_cv_lib_pthread_pthread_rwlock_init=yes
ac_cv_objext=o
ac_cv_path_EGREP='/bin/grep -E'
ac_cv_path_GREP=/bin/grep
ac_cv_path_install='/usr/bin/install -c'
ac_cv_path_mkdir=/bin/mkdir
ac_cv_prog_AR=/opt/fn3/armel_gcc/arm-2010q1/bin/arm-none-linux-gnueabi-ar
ac_cv_prog_AWK=gawk
ac_cv_prog_CC=/opt/fn3/armel_gcc/arm-2010q1/bin/arm-none-linux-gnueabi-gcc
ac_cv_prog_CPP='/opt/fn3/armel_gcc/arm-2010q1/bin/arm-none-linux-gnueabi-gcc -E'
ac_cv_prog_CXXCPP='/opt/fn3/armel_gcc/arm-2010q1/bin/arm-none-linux-gnueabi-g++ -E'
ac_cv_prog_RANLIB=/opt/fn3/armel_gcc/arm-2010q1/bin/arm-none-linux-gnueabi-ranlib
ac_cv_prog_STRIP=/opt/fn3/armel_gcc/arm-2010q1/bin/arm-none-linux-gnueabi-strip
ac_cv_prog_cc_c89=
ac_cv_prog_cc_g=yes
ac_cv_prog_cxx_g=yes
ac_cv_prog_f77_g=no
ac_cv_prog_make_make_set=yes
am_cv_CC_dependencies_compiler_type=gcc3
am_cv_CXX_dependencies_compiler_type=gcc3
lt_cv_deplibs_check_method=pass_all
lt_cv_file_magic_cmd='$MAGIC_CMD'
lt_cv_file_magic_test_file=
lt_cv_ld_reload_flag=-r
lt_cv_objdir=.libs
lt_cv_path_LD=/opt/fn3/armel_gcc/arm-2010q1/bin/arm-none-linux-gnueabi-ld
lt_cv_path_LDCXX=/opt/fn3/armel_gcc/arm-2010q1/bin/arm-none-linux-gnueabi-ld
lt_cv_path_NM=/opt/fn3/armel_gcc/arm-2010q1/bin/arm-none-linux-gnueabi-nm
lt_cv_path_SED=/bin/sed
lt_cv_prog_compiler_c_o=yes
lt_cv_prog_compiler_c_o_CXX=yes
lt_cv_prog_compiler_pic_works=yes
lt_cv_prog_compiler_pic_works_CXX=yes
lt_cv_prog_compiler_rtti_exceptions=no
lt_cv_prog_compiler_static_works=yes
lt_cv_prog_compiler_static_works_CXX=yes
lt_cv_prog_gnu_ld=yes
lt_cv_prog_gnu_ldcxx=yes
lt_cv_sys_global_symbol_pipe='sed -n -e '\''s/^.*[ 	]\([ABCDGIRSTW][ABCDGIRSTW]*\)[ 	][ 	]*\([_A-Za-z][_A-Za-z0-9]*\)$/\1 \2 \2/p'\'''
lt_cv_sys_global_symbol_to_c_name_address='sed -n -e '\''s/^: \([^ ]*\) $/  {\"\1\", (lt_ptr) 0},/p'\'' -e '\''s/^[BCDEGRST] \([^ ]*\) \([^ ]*\)$/  {"\2", (lt_ptr) \&\2},/p'\'''
lt_cv_sys_global_symbol_to_cdecl='sed -n -e '\''s/^. .* \(.*\)$/extern int \1;/p'\'''
lt_cv_sys_lib_dlsearch_path_spec='/lib /usr/lib /lib/i486-linux-gnu /usr/lib/i486-linux-gnu /usr/local/lib '
lt_cv_sys_lib_search_path_spec='/opt/fn3/armel_gcc/arm-2010q1/lib/gcc/arm-none-linux-gnueabi/4.4.1 /opt/fn3/armel_gcc/arm-2010q1/lib/gcc /opt/fn3/armel_gcc/arm-2010q1/arm-none-linux-gnueabi/lib /opt/fn3/armel_gcc/arm-2010q1/arm-none-linux-gnueabi/libc/lib /opt/fn3/armel_gcc/arm-2010q1/arm-none-linux-gnueabi/libc/usr/lib'
lt_cv_sys_max_cmd_len=98304
lt_lt_cv_prog_compiler_c_o='"yes"'
lt_lt_cv_prog_compiler_c_o_CXX='"yes"'
lt_lt_cv_sys_global_symbol_pipe='"sed -n -e '\''s/^.*[ 	]\\([ABCDGIRSTW][ABCDGIRSTW]*\\)[ 	][ 	]*\\([_A-Za-z][_A-Za-z0-9]*\\)\$/\\1 \\2 \\2/p'\''"'
lt_lt_cv_sys_global_symbol_to_c_name_address='"sed -n -e '\''s/^: \\([^ ]*\\) \$/  {\\\"\\1\\\", (lt_ptr) 0},/p'\'' -e '\''s/^[BCDEGRST] \\([^ ]*\\) \\([^ ]*\\)\$/  {\"\\2\", (lt_ptr) \\&\\2},/p'\''"'
lt_lt_cv_sys_global_symbol_to_cdecl='"sed -n -e '\''s/^. .* \\(.*\\)\$/extern int \\1;/p'\''"'
pkg_cv_ADVERTISEMENTSKIN_CFLAGS='-I/opt/fn3/mx515_lucid_dev/usr/Fn/debug/include/fnadvertisementskin -I/opt/fn3/mx515_lucid_dev/usr/Fn/debug/include/FnVpu -I/opt/fn3/mx515_lucid_dev/usr/Fn/debug/include/FnVideoIO -I/opt/i.mx515/tools/kernel_header/include -I/opt/fn3/mx515_lucid_dev/usr/include  '
pkg_cv_ADVERTISEMENTSKIN_LIBS='-pthread -L/opt/fn3/mx515_lucid_dev/usr/Fn/debug/lib -L/opt/fn3/mx515_lucid_dev/usr/lib -lfnadvertisementskin -lFnVpu -lvpu -lFnVideoIO -lavformat -lavcodec -lavutil -lswscale  '
pkg_cv_LIBXML2_CFLAGS='-I/opt/fn3/mx515_lucid_dev/usr/include/libxml2  '
pkg_cv_LIBXML2_LIBS='-L/opt/fn3/mx515_lucid_dev/usr/lib -lxml2  '
pkg_cv_MODULEDEF_CFLAGS='-I/opt/fn3/mx515_lucid_dev/usr/Fn/debug/include/ModuleDef -I/opt/fn3/mx515_lucid_dev/usr/Fn/debug/include/vialtypes -I/opt/fn3/mx515_lucid_dev/usr/Fn/debug/include/Vial  '
pkg_cv_MODULEDEF_LIBS='-L/opt/fn3/mx515_lucid_dev/usr/Fn/debug/lib -lModuleDef -lVial  '

## ----------------- ##
## Output variables. ##
## ----------------- ##

ACLOCAL='${SHELL} /home/xuzhenjie/prj/advertisement/fnAdvertisement/missing --run aclocal-1.10'
ADVERTISEMENTSKIN_CFLAGS='-I/opt/fn3/mx515_lucid_dev/usr/Fn/debug/include/fnadvertisementskin -I/opt/fn3/mx515_lucid_dev/usr/Fn/debug/include/FnVpu -I/opt/fn3/mx515_lucid_dev/usr/Fn/debug/include/FnVideoIO -I/opt/i.mx515/tools/kernel_header/include -I/opt/fn3/mx515_lucid_dev/usr/include  '
ADVERTISEMENTSKIN_LIBS='-pthread -L/opt/fn3/mx515_lucid_dev/usr/Fn/debug/lib -L/opt/fn3/mx515_lucid_dev/usr/lib -lfnadvertisementskin -lFnVpu -lvpu -lFnVideoIO -lavformat -lavcodec -lavutil -lswscale  '
AMDEPBACKSLASH='\'
AMDEP_FALSE='#'
AMDEP_TRUE=''
AMTAR='${SHELL} /home/xuzhenjie/prj/advertisement/fnAdvertisement/missing --run tar'
AR='/opt/fn3/armel_gcc/arm-2010q1/bin/arm-none-linux-gnueabi-ar'
AUTOCONF='${SHELL} /home/xuzhenjie/prj/advertisement/fnAdvertisement/missing --run autoconf'
AUTOHEADER='${SHELL} /home/xuzhenjie/prj/advertisement/fnAdvertisement/missing --run autoheader'
AUTOMAKE='${SHELL} /home/xuzhenjie/prj/advertisement/fnAdvertisement/missing --run automake-1.10'
AWK='gawk'
CC='/opt/fn3/armel_gcc/arm-2010q1/bin/arm-none-linux-gnueabi-gcc'
CCDEPMODE='depmode=gcc3'
CFLAGS='-g -O2 -I/opt/fn3/mx515_lucid_dev/usr/Fn/debug/include/fnadvertisementskin -I/opt/fn3/mx515_lucid_dev/usr/Fn/debug/include/FnVpu -I/opt/fn3/mx515_lucid_dev/usr/Fn/debug/include/FnVideoIO -I/opt/i.mx515/tools/kernel_header/include -I/opt/fn3/mx515_lucid_dev/usr/include   -I/opt/fn3/mx515_lucid_dev/usr/include/libxml2   -I/opt/fn3/mx515_lucid_dev/usr/Fn/debug/include/ModuleDef -I/opt/fn3/mx515_lucid_dev/usr/Fn/debug/include/vialtypes -I/opt/fn3/mx515_lucid_dev/usr/Fn/debug/include/Vial  '
CPP='/opt/fn3/armel_gcc/arm-2010q1/bin/arm-none-linux-gnueabi-gcc -E'
CPPFLAGS=' -g -O2 -I/opt/fn3/mx515_lucid_dev/usr/Fn/debug/include/fnadvertisementskin -I/opt/fn3/mx515_lucid_dev/usr/Fn/debug/include/FnVpu -I/opt/fn3/mx515_lucid_dev/usr/Fn/debug/include/FnVideoIO -I/opt/i.mx515/tools/kernel_header/include -I/opt/fn3/mx515_lucid_dev/usr/include   -I/opt/fn3/mx515_lucid_dev/usr/include/libxml2   -I/opt/fn3/mx515_lucid_dev/usr/Fn/debug/include/ModuleDef -I/opt/fn3/mx515_lucid_dev/usr/Fn/debug/include/vialtypes -I/opt/fn3/mx515_lucid_dev/usr/Fn/debug/include/Vial  '
CXX='/opt/fn3/armel_gcc/arm-2010q1/bin/arm-none-linux-gnueabi-g++'
CXXCPP='/opt/fn3/armel_gcc/arm-2010q1/bin/arm-none-linux-gnueabi-g++ -E'
CXXDEPMODE='depmode=gcc3'
CXXFLAGS='-g -O2'
CYGPATH_W='echo'
DEFS='-DHAVE_CONFIG_H'
DEPDIR='.deps'
DSYMUTIL=''
ECHO='echo'
ECHO_C=''
ECHO_N='-n'
ECHO_T=''
EGREP='/bin/grep -E'
EXEEXT=''
F77=''
FFLAGS=''
GREP='/bin/grep'
INSTALL_DATA='${INSTALL} -m 644'
INSTALL_PROGRAM='${INSTALL}'
INSTALL_SCRIPT='${INSTALL}'
INSTALL_STRIP_PROGRAM='$(install_sh) -c -s'
LDFLAGS='-Wl,--rpath -Wl,/opt/fn3/mx515_lucid_dev/lib  -Wl,--rpath -Wl,/opt/fn3/mx515_lucid_dev/usr/lib'
LIBFNXMLPARSER_SO_VERSION='0:0:0'
LIBFNXMLPARSER_VERSION='0.0.0.1'
LIBOBJS=''
LIBS='-lpthread  -pthread -L/opt/fn3/mx515_lucid_dev/usr/Fn/debug/lib -L/opt/fn3/mx515_lucid_dev/usr/lib -lfnadvertisementskin -lFnVpu -lvpu -lFnVideoIO -lavformat -lavcodec -lavutil -lswscale   -L/opt/fn3/mx515_lucid_dev/usr/lib -lxml2   -L/opt/fn3/mx515_lucid_dev/usr/Fn/debug/lib -lModuleDef -lVial  '
LIBTOOL='$(SHELL) $(top_builddir)/libtool'
LIBXML2_CFLAGS='-I/opt/fn3/mx515_lucid_dev/usr/include/libxml2  '
LIBXML2_LIBS='-L/opt/fn3/mx515_lucid_dev/usr/lib -lxml2  '
LN_S='ln -s'
LTLIBOBJS=''
MAKEINFO='${SHELL} /home/xuzhenjie/prj/advertisement/fnAdvertisement/missing --run makeinfo'
MODULEDEF_CFLAGS='-I/opt/fn3/mx515_lucid_dev/usr/Fn/debug/include/ModuleDef -I/opt/fn3/mx515_lucid_dev/usr/Fn/debug/include/vialtypes -I/opt/fn3/mx515_lucid_dev/usr/Fn/debug/include/Vial  '
MODULEDEF_LIBS='-L/opt/fn3/mx515_lucid_dev/usr/Fn/debug/lib -lModuleDef -lVial  '
NMEDIT=''
OBJEXT='o'
PACKAGE='fnxmlparser'
PACKAGE_BUGREPORT='wyqscnu@163.com'
PACKAGE_NAME='fnxmlparser'
PACKAGE_STRING='fnxmlparser 0.0.0.1'
PACKAGE_TARNAME='fnxmlparser'
PACKAGE_VERSION='0.0.0.1'
PATH_SEPARATOR=':'
PKG_CONFIG='/opt/fn3/CROSS_BIN/pkg-config'
RANLIB='/opt/fn3/armel_gcc/arm-2010q1/bin/arm-none-linux-gnueabi-ranlib'
SED='/bin/sed'
SET_MAKE=''
SHELL='/bin/sh'
STRIP='/opt/fn3/armel_gcc/arm-2010q1/bin/arm-none-linux-gnueabi-strip'
VERSION='0.0.0.1'
ac_ct_CC=''
ac_ct_CXX=''
ac_ct_F77=''
am__fastdepCC_FALSE='#'
am__fastdepCC_TRUE=''
am__fastdepCXX_FALSE='#'
am__fastdepCXX_TRUE=''
am__include='include'
am__isrc=''
am__leading_dot='.'
am__quote=''
am__tar='${AMTAR} chof - "$$tardir"'
am__untar='${AMTAR} xf -'
bindir='${exec_prefix}/bin'
build='i686-pc-linux-gnu'
build_alias='i686-pc-linux-gnu'
build_cpu='i686'
build_os='linux-gnu'
build_vendor='pc'
datadir='${datarootdir}'
datarootdir='${prefix}/share'
docdir='${datarootdir}/doc/${PACKAGE_TARNAME}'
dvidir='${docdir}'
exec_prefix='${prefix}'
host='arm-unknown-linux-gnu'
host_alias='arm-linux'
host_cpu='arm'
host_os='linux-gnu'
host_vendor='unknown'
htmldir='${docdir}'
includedir='${prefix}/include'
infodir='${datarootdir}/info'
install_extern_dir='Fn/debug'
install_sh='$(SHELL) /home/xuzhenjie/prj/advertisement/fnAdvertisement/install-sh'
libdir='${exec_prefix}/lib'
libexecdir='${exec_prefix}/libexec'
localedir='${datarootdir}/locale'
localstatedir='${prefix}/var'
mandir='${datarootdir}/man'
mkdir_p='/bin/mkdir -p'
oldincludedir='/usr/include'
pdfdir='${docdir}'
prefix='/usr/Fn/debug'
program_transform_name='s,x,x,'
psdir='${docdir}'
realprefix='/usr'
sbindir='${exec_prefix}/sbin'
sharedstatedir='${prefix}/com'
sysconfdir='${prefix}/etc'
target_alias='arm-linux'

## ----------- ##
## confdefs.h. ##
## ----------- ##

#define PACKAGE_NAME "fnxmlparser"
#define PACKAGE_TARNAME "fnxmlparser"
#define PACKAGE_VERSION "0.0.0.1"
#define PACKAGE_STRING "fnxmlparser 0.0.0.1"
#define PACKAGE_BUGREPORT "wyqscnu@163.com"
#define PACKAGE "fnxmlparser"
#define VERSION "0.0.0.1"
#define HAVE_LIBPTHREAD 1
#define STDC_HEADERS 1
#define HAVE_SYS_TYPES_H 1
#define HAVE_SYS_STAT_H 1
#define HAVE_STDLIB_H 1
#define HAVE_STRING_H 1
#define HAVE_MEMORY_H 1
#define HAVE_STRINGS_H 1
#define HAVE_INTTYPES_H 1
#define HAVE_STDINT_H 1
#define HAVE_UNISTD_H 1
#define HAVE_DLFCN_H 1
#define STDC_HEADERS 1
#define HAVE_STDLIB_H 1
#define HAVE_STRING_H 1
#define HAVE_SYS_TIME_H 1
#define HAVE_UNISTD_H 1
#define TIME_WITH_SYS_TIME 1
#define HAVE_GETTIMEOFDAY 1
#define HAVE_MEMSET 1

configure: exit 0
