This file contains any messages produced by compilers while
running configure, to aid debugging if configure makes a mistake.

It was created by main configure VERSION, which was
generated by GNU Autoconf 2.61.  Invocation command line was

  $ ./configure 

## --------- ##
## Platform. ##
## --------- ##

hostname = lenny505
uname -m = i686
uname -r = 2.6.26-2-686
uname -s = Linux
uname -v = #1 SMP Mon Jun 21 05:58:44 UTC 2010

/usr/bin/uname -p = unknown
/bin/uname -X     = unknown

/bin/arch              = unknown
/usr/bin/arch -k       = unknown
/usr/convex/getsysinfo = unknown
/usr/bin/hostinfo      = unknown
/bin/machine           = unknown
/usr/bin/oslevel       = unknown
/bin/universe          = unknown

PATH: /usr/local/bin
PATH: /usr/bin
PATH: /bin
PATH: /usr/games


## ----------- ##
## Core tests. ##
## ----------- ##

configure:1788: checking for a BSD-compatible install
configure:1844: result: /usr/bin/install -c
configure:1855: checking whether build environment is sane
configure:1898: result: yes
configure:1926: checking for a thread-safe mkdir -p
configure:1965: result: /bin/mkdir -p
configure:1978: checking for gawk
configure:2008: result: no
configure:1978: checking for mawk
configure:1994: found /usr/bin/mawk
configure:2005: result: mawk
configure:2016: checking whether make sets $(MAKE)
configure:2037: result: yes
configure:2284: checking for g++
configure:2300: found /usr/bin/g++
configure:2311: result: g++
configure:2342: checking for C++ compiler version
configure:2349: g++ --version >&5
g++ (Debian 4.3.2-1.1) 4.3.2
Copyright (C) 2008 Free Software Foundation, Inc.
This is free software; see the source for copying conditions.  There is NO
warranty; not even for MERCHANTABILITY or FITNESS FOR A PARTICULAR PURPOSE.

configure:2352: $? = 0
configure:2359: g++ -v >&5
Using built-in specs.
Target: i486-linux-gnu
Configured with: ../src/configure -v --with-pkgversion='Debian 4.3.2-1.1' --with-bugurl=file:///usr/share/doc/gcc-4.3/README.Bugs --enable-languages=c,c++,fortran,objc,obj-c++ --prefix=/usr --enable-shared --with-system-zlib --libexecdir=/usr/lib --without-included-gettext --enable-threads=posix --enable-nls --with-gxx-include-dir=/usr/include/c++/4.3 --program-suffix=-4.3 --enable-clocale=gnu --enable-libstdcxx-debug --enable-objc-gc --enable-mpfr --enable-targets=all --enable-cld --enable-checking=release --build=i486-linux-gnu --host=i486-linux-gnu --target=i486-linux-gnu
Thread model: posix
gcc version 4.3.2 (Debian 4.3.2-1.1) 
configure:2362: $? = 0
configure:2369: g++ -V >&5
g++: '-V' option must have argument
configure:2372: $? = 1
configure:2395: checking for C++ compiler default output file name
configure:2422: g++    conftest.cpp  >&5
configure:2425: $? = 0
configure:2463: result: a.out
configure:2480: checking whether the C++ compiler works
configure:2490: ./a.out
configure:2493: $? = 0
configure:2510: result: yes
configure:2517: checking whether we are cross compiling
configure:2519: result: no
configure:2522: checking for suffix of executables
configure:2529: g++ -o conftest    conftest.cpp  >&5
configure:2532: $? = 0
configure:2556: result: 
configure:2562: checking for suffix of object files
configure:2588: g++ -c   conftest.cpp >&5
configure:2591: $? = 0
configure:2614: result: o
configure:2618: checking whether we are using the GNU C++ compiler
configure:2647: g++ -c   conftest.cpp >&5
configure:2653: $? = 0
configure:2670: result: yes
configure:2675: checking whether g++ accepts -g
configure:2705: g++ -c -g  conftest.cpp >&5
configure:2711: $? = 0
configure:2810: result: yes
configure:2844: checking for style of include used by make
configure:2872: result: GNU
configure:2897: checking dependency style of g++
configure:2988: result: gcc3
configure:3051: checking for gcc
configure:3067: found /usr/bin/gcc
configure:3078: result: gcc
configure:3316: checking for C compiler version
configure:3323: gcc --version >&5
gcc (GCC) 4.1.3 20080704 (prerelease) (Debian 4.1.2-25)
Copyright (C) 2006 Free Software Foundation, Inc.
This is free software; see the source for copying conditions.  There is NO
warranty; not even for MERCHANTABILITY or FITNESS FOR A PARTICULAR PURPOSE.

configure:3326: $? = 0
configure:3333: gcc -v >&5
Using built-in specs.
Target: i486-linux-gnu
Configured with: ../src/configure -v --enable-languages=c,c++ --prefix=/usr --enable-shared --with-system-zlib --libexecdir=/usr/lib --without-included-gettext --enable-threads=posix --enable-nls --with-gxx-include-dir=/usr/include/c++/4.1.3 --program-suffix=-4.1 --enable-__cxa_atexit --enable-clocale=gnu --enable-libstdcxx-debug --with-tune=generic --enable-checking=release i486-linux-gnu
Thread model: posix
gcc version 4.1.3 20080704 (prerelease) (Debian 4.1.2-25)
configure:3336: $? = 0
configure:3343: gcc -V >&5
gcc: '-V' option must have argument
configure:3346: $? = 1
configure:3349: checking whether we are using the GNU C compiler
configure:3378: gcc -c   conftest.c >&5
configure:3384: $? = 0
configure:3401: result: yes
configure:3406: checking whether gcc accepts -g
configure:3436: gcc -c -g  conftest.c >&5
configure:3442: $? = 0
configure:3541: result: yes
configure:3558: checking for gcc option to accept ISO C89
configure:3632: gcc  -c -g -O2  conftest.c >&5
configure:3638: $? = 0
configure:3661: result: none needed
configure:3681: checking dependency style of gcc
configure:3772: result: gcc3
configure:3792: checking for main in -lpthread
configure:3821: gcc -o conftest -g -O2   conftest.c -lpthread   >&5
configure:3827: $? = 0
configure:3845: result: yes
configure:3863: checking how to run the C preprocessor
configure:3903: gcc -E  conftest.c
configure:3909: $? = 0
configure:3940: gcc -E  conftest.c
conftest.c:11:28: error: ac_nonexistent.h: No such file or directory
configure:3946: $? = 1
configure: failed program was:
| /* confdefs.h.  */
| #define PACKAGE_NAME "main"
| #define PACKAGE_TARNAME "main"
| #define PACKAGE_VERSION "VERSION"
| #define PACKAGE_STRING "main VERSION"
| #define PACKAGE_BUGREPORT "BUG-REPORT-ADDRESS"
| #define PACKAGE "main"
| #define VERSION "1.0"
| #define HAVE_LIBPTHREAD 1
| /* end confdefs.h.  */
| #include <ac_nonexistent.h>
configure:3979: result: gcc -E
configure:4008: gcc -E  conftest.c
configure:4014: $? = 0
configure:4045: gcc -E  conftest.c
conftest.c:11:28: error: ac_nonexistent.h: No such file or directory
configure:4051: $? = 1
configure: failed program was:
| /* confdefs.h.  */
| #define PACKAGE_NAME "main"
| #define PACKAGE_TARNAME "main"
| #define PACKAGE_VERSION "VERSION"
| #define PACKAGE_STRING "main VERSION"
| #define PACKAGE_BUGREPORT "BUG-REPORT-ADDRESS"
| #define PACKAGE "main"
| #define VERSION "1.0"
| #define HAVE_LIBPTHREAD 1
| /* end confdefs.h.  */
| #include <ac_nonexistent.h>
configure:4089: checking for grep that handles long lines and -e
configure:4163: result: /bin/grep
configure:4168: checking for egrep
configure:4246: result: /bin/grep -E
configure:4251: checking for ANSI C header files
configure:4281: gcc -c -g -O2  conftest.c >&5
configure:4287: $? = 0
configure:4386: gcc -o conftest -g -O2   conftest.c -lpthread  >&5
configure:4389: $? = 0
configure:4395: ./conftest
configure:4398: $? = 0
configure:4415: result: yes
configure:4439: checking for sys/types.h
configure:4460: gcc -c -g -O2  conftest.c >&5
configure:4466: $? = 0
configure:4482: result: yes
configure:4439: checking for sys/stat.h
configure:4460: gcc -c -g -O2  conftest.c >&5
configure:4466: $? = 0
configure:4482: result: yes
configure:4439: checking for stdlib.h
configure:4460: gcc -c -g -O2  conftest.c >&5
configure:4466: $? = 0
configure:4482: result: yes
configure:4439: checking for string.h
configure:4460: gcc -c -g -O2  conftest.c >&5
configure:4466: $? = 0
configure:4482: result: yes
configure:4439: checking for memory.h
configure:4460: gcc -c -g -O2  conftest.c >&5
configure:4466: $? = 0
configure:4482: result: yes
configure:4439: checking for strings.h
configure:4460: gcc -c -g -O2  conftest.c >&5
configure:4466: $? = 0
configure:4482: result: yes
configure:4439: checking for inttypes.h
configure:4460: gcc -c -g -O2  conftest.c >&5
configure:4466: $? = 0
configure:4482: result: yes
configure:4439: checking for stdint.h
configure:4460: gcc -c -g -O2  conftest.c >&5
configure:4466: $? = 0
configure:4482: result: yes
configure:4439: checking for unistd.h
configure:4460: gcc -c -g -O2  conftest.c >&5
configure:4466: $? = 0
configure:4482: result: yes
configure:4502: checking for stdint.h
configure:4508: result: yes
configure:4502: checking for stdlib.h
configure:4508: result: yes
configure:4502: checking for string.h
configure:4508: result: yes
configure:4502: checking for unistd.h
configure:4508: result: yes
configure:4685: checking for ranlib
configure:4701: found /usr/bin/ranlib
configure:4712: result: ranlib
configure:4739: checking for an ANSI C-conforming const
configure:4814: gcc -c -g -O2  conftest.c >&5
configure:4820: $? = 0
configure:4835: result: yes
configure:4845: checking for inline
configure:4871: gcc -c -g -O2  conftest.c >&5
configure:4877: $? = 0
configure:4895: result: inline
configure:4915: checking for int32_t
configure:4946: gcc -c -g -O2  conftest.c >&5
configure:4952: $? = 0
configure:4981: gcc -c -g -O2  conftest.c >&5
conftest.c: In function 'main':
conftest.c:62: warning: integer overflow in expression
conftest.c:62: error: size of array 'test_array' is negative
configure:4987: $? = 1
configure: failed program was:
| /* confdefs.h.  */
| #define PACKAGE_NAME "main"
| #define PACKAGE_TARNAME "main"
| #define PACKAGE_VERSION "VERSION"
| #define PACKAGE_STRING "main VERSION"
| #define PACKAGE_BUGREPORT "BUG-REPORT-ADDRESS"
| #define PACKAGE "main"
| #define VERSION "1.0"
| #define HAVE_LIBPTHREAD 1
| #define STDC_HEADERS 1
| #define HAVE_SYS_TYPES_H 1
| #define HAVE_SYS_STAT_H 1
| #define HAVE_STDLIB_H 1
| #define HAVE_STRING_H 1
| #define HAVE_MEMORY_H 1
| #define HAVE_STRINGS_H 1
| #define HAVE_INTTYPES_H 1
| #define HAVE_STDINT_H 1
| #define HAVE_UNISTD_H 1
| #define HAVE_STDINT_H 1
| #define HAVE_STDLIB_H 1
| #define HAVE_STRING_H 1
| #define HAVE_UNISTD_H 1
| /* end confdefs.h.  */
| #include <stdio.h>
| #ifdef HAVE_SYS_TYPES_H
| # include <sys/types.h>
| #endif
| #ifdef HAVE_SYS_STAT_H
| # include <sys/stat.h>
| #endif
| #ifdef STDC_HEADERS
| # include <stdlib.h>
| # include <stddef.h>
| #else
| # ifdef HAVE_STDLIB_H
| #  include <stdlib.h>
| # endif
| #endif
| #ifdef HAVE_STRING_H
| # if !defined STDC_HEADERS && defined HAVE_MEMORY_H
| #  include <memory.h>
| # endif
| # include <string.h>
| #endif
| #ifdef HAVE_STRINGS_H
| # include <strings.h>
| #endif
| #ifdef HAVE_INTTYPES_H
| # include <inttypes.h>
| #endif
| #ifdef HAVE_STDINT_H
| # include <stdint.h>
| #endif
| #ifdef HAVE_UNISTD_H
| # include <unistd.h>
| #endif
| int
| main ()
| {
| static int test_array [1 - 2 * !((int32_t) ((((int32_t) 1 << (32 - 2)) - 1) * 2 + 1)
| 	         < (int32_t) ((((int32_t) 1 << (32 - 2)) - 1) * 2 + 2))];
| test_array [0] = 0
| 
|   ;
|   return 0;
| }
configure:5016: result: yes
configure:5029: checking for int64_t
configure:5060: gcc -c -g -O2  conftest.c >&5
configure:5066: $? = 0
configure:5095: gcc -c -g -O2  conftest.c >&5
conftest.c: In function 'main':
conftest.c:62: warning: integer overflow in expression
conftest.c:62: error: size of array 'test_array' is negative
configure:5101: $? = 1
configure: failed program was:
| /* confdefs.h.  */
| #define PACKAGE_NAME "main"
| #define PACKAGE_TARNAME "main"
| #define PACKAGE_VERSION "VERSION"
| #define PACKAGE_STRING "main VERSION"
| #define PACKAGE_BUGREPORT "BUG-REPORT-ADDRESS"
| #define PACKAGE "main"
| #define VERSION "1.0"
| #define HAVE_LIBPTHREAD 1
| #define STDC_HEADERS 1
| #define HAVE_SYS_TYPES_H 1
| #define HAVE_SYS_STAT_H 1
| #define HAVE_STDLIB_H 1
| #define HAVE_STRING_H 1
| #define HAVE_MEMORY_H 1
| #define HAVE_STRINGS_H 1
| #define HAVE_INTTYPES_H 1
| #define HAVE_STDINT_H 1
| #define HAVE_UNISTD_H 1
| #define HAVE_STDINT_H 1
| #define HAVE_STDLIB_H 1
| #define HAVE_STRING_H 1
| #define HAVE_UNISTD_H 1
| /* end confdefs.h.  */
| #include <stdio.h>
| #ifdef HAVE_SYS_TYPES_H
| # include <sys/types.h>
| #endif
| #ifdef HAVE_SYS_STAT_H
| # include <sys/stat.h>
| #endif
| #ifdef STDC_HEADERS
| # include <stdlib.h>
| # include <stddef.h>
| #else
| # ifdef HAVE_STDLIB_H
| #  include <stdlib.h>
| # endif
| #endif
| #ifdef HAVE_STRING_H
| # if !defined STDC_HEADERS && defined HAVE_MEMORY_H
| #  include <memory.h>
| # endif
| # include <string.h>
| #endif
| #ifdef HAVE_STRINGS_H
| # include <strings.h>
| #endif
| #ifdef HAVE_INTTYPES_H
| # include <inttypes.h>
| #endif
| #ifdef HAVE_STDINT_H
| # include <stdint.h>
| #endif
| #ifdef HAVE_UNISTD_H
| # include <unistd.h>
| #endif
| int
| main ()
| {
| static int test_array [1 - 2 * !((int64_t) ((((int64_t) 1 << (64 - 2)) - 1) * 2 + 1)
| 	         < (int64_t) ((((int64_t) 1 << (64 - 2)) - 1) * 2 + 2))];
| test_array [0] = 0
| 
|   ;
|   return 0;
| }
configure:5130: result: yes
configure:5142: checking for size_t
configure:5172: gcc -c -g -O2  conftest.c >&5
configure:5178: $? = 0
configure:5193: result: yes
configure:5205: checking for ssize_t
configure:5235: gcc -c -g -O2  conftest.c >&5
configure:5241: $? = 0
configure:5256: result: yes
configure:5268: checking whether time.h and sys/time.h may both be included
configure:5298: gcc -c -g -O2  conftest.c >&5
configure:5304: $? = 0
configure:5319: result: yes
configure:5330: checking for uint16_t
configure:5361: gcc -c -g -O2  conftest.c >&5
configure:5367: $? = 0
configure:5388: result: yes
configure:5402: checking for uint32_t
configure:5433: gcc -c -g -O2  conftest.c >&5
configure:5439: $? = 0
configure:5460: result: yes
configure:5478: checking for uint64_t
configure:5509: gcc -c -g -O2  conftest.c >&5
configure:5515: $? = 0
configure:5536: result: yes
configure:5560: checking for stdlib.h
configure:5566: result: yes
configure:5700: checking for GNU libc compatible malloc
configure:5734: gcc -o conftest -g -O2   conftest.c -lpthread  >&5
configure:5737: $? = 0
configure:5743: ./conftest
configure:5746: $? = 0
configure:5762: result: yes
configure:5796: checking for memset
configure:5852: gcc -o conftest -g -O2   conftest.c -lpthread  >&5
conftest.c:51: warning: conflicting types for built-in function 'memset'
configure:5858: $? = 0
configure:5876: result: yes
configure:5796: checking for stpcpy
configure:5852: gcc -o conftest -g -O2   conftest.c -lpthread  >&5
conftest.c:52: warning: conflicting types for built-in function 'stpcpy'
configure:5858: $? = 0
configure:5876: result: yes
configure:5796: checking for strndup
configure:5852: gcc -o conftest -g -O2   conftest.c -lpthread  >&5
conftest.c:53: warning: conflicting types for built-in function 'strndup'
configure:5858: $? = 0
configure:5876: result: yes
configure:6010: creating ./config.status

## ---------------------- ##
## Running config.status. ##
## ---------------------- ##

This file was extended by main config.status VERSION, which was
generated by GNU Autoconf 2.61.  Invocation command line was

  CONFIG_FILES    = 
  CONFIG_HEADERS  = 
  CONFIG_LINKS    = 
  CONFIG_COMMANDS = 
  $ ./config.status 

on lenny505

config.status:644: creating Makefile
config.status:644: creating src/contacts/core/Makefile
config.status:644: creating src/main/core/Makefile
config.status:644: creating config.h
config.status:881: config.h is unchanged
config.status:928: executing depfiles commands

## ---------------- ##
## Cache variables. ##
## ---------------- ##

ac_cv_c_compiler_gnu=yes
ac_cv_c_const=yes
ac_cv_c_inline=inline
ac_cv_c_int32_t=yes
ac_cv_c_int64_t=yes
ac_cv_c_uint16_t=yes
ac_cv_c_uint32_t=yes
ac_cv_c_uint64_t=yes
ac_cv_cxx_compiler_gnu=yes
ac_cv_env_CCC_set=
ac_cv_env_CCC_value=
ac_cv_env_CC_set=
ac_cv_env_CC_value=
ac_cv_env_CFLAGS_set=
ac_cv_env_CFLAGS_value=
ac_cv_env_CPPFLAGS_set=
ac_cv_env_CPPFLAGS_value=
ac_cv_env_CPP_set=
ac_cv_env_CPP_value=
ac_cv_env_CXXFLAGS_set=
ac_cv_env_CXXFLAGS_value=
ac_cv_env_CXX_set=
ac_cv_env_CXX_value=
ac_cv_env_LDFLAGS_set=
ac_cv_env_LDFLAGS_value=
ac_cv_env_LIBS_set=
ac_cv_env_LIBS_value=
ac_cv_env_build_alias_set=
ac_cv_env_build_alias_value=
ac_cv_env_host_alias_set=
ac_cv_env_host_alias_value=
ac_cv_env_target_alias_set=
ac_cv_env_target_alias_value=
ac_cv_func_malloc_0_nonnull=yes
ac_cv_func_memset=yes
ac_cv_func_stpcpy=yes
ac_cv_func_strndup=yes
ac_cv_header_inttypes_h=yes
ac_cv_header_memory_h=yes
ac_cv_header_stdc=yes
ac_cv_header_stdint_h=yes
ac_cv_header_stdlib_h=yes
ac_cv_header_string_h=yes
ac_cv_header_strings_h=yes
ac_cv_header_sys_stat_h=yes
ac_cv_header_sys_types_h=yes
ac_cv_header_time=yes
ac_cv_header_unistd_h=yes
ac_cv_lib_pthread_main=yes
ac_cv_objext=o
ac_cv_path_EGREP='/bin/grep -E'
ac_cv_path_GREP=/bin/grep
ac_cv_path_install='/usr/bin/install -c'
ac_cv_path_mkdir=/bin/mkdir
ac_cv_prog_AWK=mawk
ac_cv_prog_CPP='gcc -E'
ac_cv_prog_ac_ct_CC=gcc
ac_cv_prog_ac_ct_CXX=g++
ac_cv_prog_ac_ct_RANLIB=ranlib
ac_cv_prog_cc_c89=
ac_cv_prog_cc_g=yes
ac_cv_prog_cxx_g=yes
ac_cv_prog_make_make_set=yes
ac_cv_type_size_t=yes
ac_cv_type_ssize_t=yes
am_cv_CC_dependencies_compiler_type=gcc3
am_cv_CXX_dependencies_compiler_type=gcc3

## ----------------- ##
## Output variables. ##
## ----------------- ##

ACLOCAL='${SHELL} /home/elon/prj/phoneBook/missing --run aclocal-1.10'
AMDEPBACKSLASH='\'
AMDEP_FALSE='#'
AMDEP_TRUE=''
AMTAR='${SHELL} /home/elon/prj/phoneBook/missing --run tar'
AUTOCONF='${SHELL} /home/elon/prj/phoneBook/missing --run autoconf'
AUTOHEADER='${SHELL} /home/elon/prj/phoneBook/missing --run autoheader'
AUTOMAKE='${SHELL} /home/elon/prj/phoneBook/missing --run automake-1.10'
AWK='mawk'
CC='gcc'
CCDEPMODE='depmode=gcc3'
CFLAGS='-g -O2'
CPP='gcc -E'
CPPFLAGS=''
CXX='g++'
CXXDEPMODE='depmode=gcc3'
CXXFLAGS='-g -O2'
CYGPATH_W='echo'
DEFS='-DHAVE_CONFIG_H'
DEPDIR='.deps'
ECHO_C=''
ECHO_N='-n'
ECHO_T=''
EGREP='/bin/grep -E'
EXEEXT=''
GREP='/bin/grep'
INSTALL_DATA='${INSTALL} -m 644'
INSTALL_PROGRAM='${INSTALL}'
INSTALL_SCRIPT='${INSTALL}'
INSTALL_STRIP_PROGRAM='$(install_sh) -c -s'
LDFLAGS=''
LIBOBJS=''
LIBS='-lpthread '
LTLIBOBJS=''
MAKEINFO='${SHELL} /home/elon/prj/phoneBook/missing --run makeinfo'
OBJEXT='o'
PACKAGE='main'
PACKAGE_BUGREPORT='BUG-REPORT-ADDRESS'
PACKAGE_NAME='main'
PACKAGE_STRING='main VERSION'
PACKAGE_TARNAME='main'
PACKAGE_VERSION='VERSION'
PATH_SEPARATOR=':'
RANLIB='ranlib'
SET_MAKE=''
SHELL='/bin/sh'
STRIP=''
VERSION='1.0'
ac_ct_CC='gcc'
ac_ct_CXX='g++'
am__fastdepCC_FALSE='#'
am__fastdepCC_TRUE=''
am__fastdepCXX_FALSE='#'
am__fastdepCXX_TRUE=''
am__include='include'
am__isrc=''
am__leading_dot='.'
am__quote=''
am__tar='${AMTAR} chof - "$$tardir"'
am__untar='${AMTAR} xf -'
bindir='${exec_prefix}/bin'
build_alias=''
datadir='${datarootdir}'
datarootdir='${prefix}/share'
docdir='${datarootdir}/doc/${PACKAGE_TARNAME}'
dvidir='${docdir}'
exec_prefix='${prefix}'
host_alias=''
htmldir='${docdir}'
includedir='${prefix}/include'
infodir='${datarootdir}/info'
install_sh='$(SHELL) /home/elon/prj/phoneBook/install-sh'
libdir='${exec_prefix}/lib'
libexecdir='${exec_prefix}/libexec'
localedir='${datarootdir}/locale'
localstatedir='${prefix}/var'
mandir='${datarootdir}/man'
mkdir_p='/bin/mkdir -p'
oldincludedir='/usr/include'
pdfdir='${docdir}'
prefix='/usr/local'
program_transform_name='s,x,x,'
psdir='${docdir}'
sbindir='${exec_prefix}/sbin'
sharedstatedir='${prefix}/com'
sysconfdir='${prefix}/etc'
target_alias=''

## ----------- ##
## confdefs.h. ##
## ----------- ##

#define PACKAGE_NAME "main"
#define PACKAGE_TARNAME "main"
#define PACKAGE_VERSION "VERSION"
#define PACKAGE_STRING "main VERSION"
#define PACKAGE_BUGREPORT "BUG-REPORT-ADDRESS"
#define PACKAGE "main"
#define VERSION "1.0"
#define HAVE_LIBPTHREAD 1
#define STDC_HEADERS 1
#define HAVE_SYS_TYPES_H 1
#define HAVE_SYS_STAT_H 1
#define HAVE_STDLIB_H 1
#define HAVE_STRING_H 1
#define HAVE_MEMORY_H 1
#define HAVE_STRINGS_H 1
#define HAVE_INTTYPES_H 1
#define HAVE_STDINT_H 1
#define HAVE_UNISTD_H 1
#define HAVE_STDINT_H 1
#define HAVE_STDLIB_H 1
#define HAVE_STRING_H 1
#define HAVE_UNISTD_H 1
#define TIME_WITH_SYS_TIME 1
#define HAVE_STDLIB_H 1
#define HAVE_MALLOC 1
#define HAVE_MEMSET 1
#define HAVE_STPCPY 1
#define HAVE_STRNDUP 1

configure: exit 0
