This file contains any messages produced by compilers while
running configure, to aid debugging if configure makes a mistake.

It was created by thread configure 1.0, which was
generated by GNU Autoconf 2.61.  Invocation command line was

  $ ./configure 

## --------- ##
## Platform. ##
## --------- ##

hostname = lenny
uname -m = i686
uname -r = 2.6.24-1-686
uname -s = Linux
uname -v = #1 SMP Thu May 8 02:16:39 UTC 2008

/usr/bin/uname -p = unknown
/bin/uname -X     = unknown

/bin/arch              = unknown
/usr/bin/arch -k       = unknown
/usr/convex/getsysinfo = unknown
/usr/bin/hostinfo      = unknown
/bin/machine           = unknown
/usr/bin/oslevel       = unknown
/bin/universe          = unknown

PATH: /usr/local/bin
PATH: /usr/bin
PATH: /bin
PATH: /usr/games


## ----------- ##
## Core tests. ##
## ----------- ##

configure:1788: checking for a BSD-compatible install
configure:1844: result: /usr/bin/install -c
configure:1855: checking whether build environment is sane
configure:1898: result: yes
configure:1926: checking for a thread-safe mkdir -p
configure:1965: result: /bin/mkdir -p
configure:1978: checking for gawk
configure:2008: result: no
configure:1978: checking for mawk
configure:1994: found /usr/bin/mawk
configure:2005: result: mawk
configure:2016: checking whether make sets $(MAKE)
configure:2037: result: yes
configure:2284: checking for g++
configure:2300: found /usr/bin/g++
configure:2311: result: g++
configure:2342: checking for C++ compiler version
configure:2349: g++ --version >&5
g++ (Debian 4.3.2-1.1) 4.3.2
Copyright (C) 2008 Free Software Foundation, Inc.
This is free software; see the source for copying conditions.  There is NO
warranty; not even for MERCHANTABILITY or FITNESS FOR A PARTICULAR PURPOSE.

configure:2352: $? = 0
configure:2359: g++ -v >&5
Using built-in specs.
Target: i486-linux-gnu
Configured with: ../src/configure -v --with-pkgversion='Debian 4.3.2-1.1' --with-bugurl=file:///usr/share/doc/gcc-4.3/README.Bugs --enable-languages=c,c++,fortran,objc,obj-c++ --prefix=/usr --enable-shared --with-system-zlib --libexecdir=/usr/lib --without-included-gettext --enable-threads=posix --enable-nls --with-gxx-include-dir=/usr/include/c++/4.3 --program-suffix=-4.3 --enable-clocale=gnu --enable-libstdcxx-debug --enable-objc-gc --enable-mpfr --enable-targets=all --enable-cld --enable-checking=release --build=i486-linux-gnu --host=i486-linux-gnu --target=i486-linux-gnu
Thread model: posix
gcc version 4.3.2 (Debian 4.3.2-1.1) 
configure:2362: $? = 0
configure:2369: g++ -V >&5
g++: '-V' option must have argument
configure:2372: $? = 1
configure:2395: checking for C++ compiler default output file name
configure:2422: g++    conftest.cpp  >&5
configure:2425: $? = 0
configure:2463: result: a.out
configure:2480: checking whether the C++ compiler works
configure:2490: ./a.out
configure:2493: $? = 0
configure:2510: result: yes
configure:2517: checking whether we are cross compiling
configure:2519: result: no
configure:2522: checking for suffix of executables
configure:2529: g++ -o conftest    conftest.cpp  >&5
configure:2532: $? = 0
configure:2556: result: 
configure:2562: checking for suffix of object files
configure:2588: g++ -c   conftest.cpp >&5
configure:2591: $? = 0
configure:2614: result: o
configure:2618: checking whether we are using the GNU C++ compiler
configure:2647: g++ -c   conftest.cpp >&5
configure:2653: $? = 0
configure:2670: result: yes
configure:2675: checking whether g++ accepts -g
configure:2705: g++ -c -g  conftest.cpp >&5
configure:2711: $? = 0
configure:2810: result: yes
configure:2844: checking for style of include used by make
configure:2872: result: GNU
configure:2897: checking dependency style of g++
configure:2988: result: gcc3
configure:3048: checking for ranlib
configure:3064: found /usr/bin/ranlib
configure:3075: result: ranlib
configure:3150: checking for gcc
configure:3166: found /usr/bin/gcc
configure:3177: result: gcc
configure:3415: checking for C compiler version
configure:3422: gcc --version >&5
gcc (Debian 4.3.2-1.1) 4.3.2
Copyright (C) 2008 Free Software Foundation, Inc.
This is free software; see the source for copying conditions.  There is NO
warranty; not even for MERCHANTABILITY or FITNESS FOR A PARTICULAR PURPOSE.

configure:3425: $? = 0
configure:3432: gcc -v >&5
Using built-in specs.
Target: i486-linux-gnu
Configured with: ../src/configure -v --with-pkgversion='Debian 4.3.2-1.1' --with-bugurl=file:///usr/share/doc/gcc-4.3/README.Bugs --enable-languages=c,c++,fortran,objc,obj-c++ --prefix=/usr --enable-shared --with-system-zlib --libexecdir=/usr/lib --without-included-gettext --enable-threads=posix --enable-nls --with-gxx-include-dir=/usr/include/c++/4.3 --program-suffix=-4.3 --enable-clocale=gnu --enable-libstdcxx-debug --enable-objc-gc --enable-mpfr --enable-targets=all --enable-cld --enable-checking=release --build=i486-linux-gnu --host=i486-linux-gnu --target=i486-linux-gnu
Thread model: posix
gcc version 4.3.2 (Debian 4.3.2-1.1) 
configure:3435: $? = 0
configure:3442: gcc -V >&5
gcc: '-V' option must have argument
configure:3445: $? = 1
configure:3448: checking whether we are using the GNU C compiler
configure:3477: gcc -c   conftest.c >&5
configure:3483: $? = 0
configure:3500: result: yes
configure:3505: checking whether gcc accepts -g
configure:3535: gcc -c -g  conftest.c >&5
configure:3541: $? = 0
configure:3640: result: yes
configure:3657: checking for gcc option to accept ISO C89
configure:3731: gcc  -c -g -O2  conftest.c >&5
configure:3737: $? = 0
configure:3760: result: none needed
configure:3780: checking dependency style of gcc
configure:3871: result: gcc3
configure:3892: checking how to run the C preprocessor
configure:3932: gcc -E  conftest.c
configure:3938: $? = 0
configure:3969: gcc -E  conftest.c
conftest.c:10:28: error: ac_nonexistent.h: No such file or directory
configure:3975: $? = 1
configure: failed program was:
| /* confdefs.h.  */
| #define PACKAGE_NAME "thread"
| #define PACKAGE_TARNAME "thread"
| #define PACKAGE_VERSION "1.0"
| #define PACKAGE_STRING "thread 1.0"
| #define PACKAGE_BUGREPORT "BUG-REPORT-ADDRESS"
| #define PACKAGE "thread"
| #define VERSION "1.0"
| /* end confdefs.h.  */
| #include <ac_nonexistent.h>
configure:4008: result: gcc -E
configure:4037: gcc -E  conftest.c
configure:4043: $? = 0
configure:4074: gcc -E  conftest.c
conftest.c:10:28: error: ac_nonexistent.h: No such file or directory
configure:4080: $? = 1
configure: failed program was:
| /* confdefs.h.  */
| #define PACKAGE_NAME "thread"
| #define PACKAGE_TARNAME "thread"
| #define PACKAGE_VERSION "1.0"
| #define PACKAGE_STRING "thread 1.0"
| #define PACKAGE_BUGREPORT "BUG-REPORT-ADDRESS"
| #define PACKAGE "thread"
| #define VERSION "1.0"
| /* end confdefs.h.  */
| #include <ac_nonexistent.h>
configure:4118: checking for grep that handles long lines and -e
configure:4192: result: /bin/grep
configure:4197: checking for egrep
configure:4275: result: /bin/grep -E
configure:4280: checking for ANSI C header files
configure:4310: gcc -c -g -O2  conftest.c >&5
configure:4316: $? = 0
configure:4415: gcc -o conftest -g -O2   conftest.c  >&5
configure:4418: $? = 0
configure:4424: ./conftest
configure:4427: $? = 0
configure:4444: result: yes
configure:4468: checking for sys/types.h
configure:4489: gcc -c -g -O2  conftest.c >&5
configure:4495: $? = 0
configure:4511: result: yes
configure:4468: checking for sys/stat.h
configure:4489: gcc -c -g -O2  conftest.c >&5
configure:4495: $? = 0
configure:4511: result: yes
configure:4468: checking for stdlib.h
configure:4489: gcc -c -g -O2  conftest.c >&5
configure:4495: $? = 0
configure:4511: result: yes
configure:4468: checking for string.h
configure:4489: gcc -c -g -O2  conftest.c >&5
configure:4495: $? = 0
configure:4511: result: yes
configure:4468: checking for memory.h
configure:4489: gcc -c -g -O2  conftest.c >&5
configure:4495: $? = 0
configure:4511: result: yes
configure:4468: checking for strings.h
configure:4489: gcc -c -g -O2  conftest.c >&5
configure:4495: $? = 0
configure:4511: result: yes
configure:4468: checking for inttypes.h
configure:4489: gcc -c -g -O2  conftest.c >&5
configure:4495: $? = 0
configure:4511: result: yes
configure:4468: checking for stdint.h
configure:4489: gcc -c -g -O2  conftest.c >&5
configure:4495: $? = 0
configure:4511: result: yes
configure:4468: checking for unistd.h
configure:4489: gcc -c -g -O2  conftest.c >&5
configure:4495: $? = 0
configure:4511: result: yes
configure:4528: checking for stdlib.h
configure:4534: result: yes
configure:4797: creating ./config.status

## ---------------------- ##
## Running config.status. ##
## ---------------------- ##

This file was extended by thread config.status 1.0, which was
generated by GNU Autoconf 2.61.  Invocation command line was

  CONFIG_FILES    = 
  CONFIG_HEADERS  = 
  CONFIG_LINKS    = 
  CONFIG_COMMANDS = 
  $ ./config.status 

on lenny

config.status:644: creating Makefile
config.status:644: creating core/Makefile
config.status:644: creating lib/Makefile
config.status:644: creating config.h
config.status:871: config.h is unchanged
config.status:918: executing depfiles commands

## ---------------- ##
## Cache variables. ##
## ---------------- ##

ac_cv_c_compiler_gnu=yes
ac_cv_cxx_compiler_gnu=yes
ac_cv_env_CCC_set=
ac_cv_env_CCC_value=
ac_cv_env_CC_set=
ac_cv_env_CC_value=
ac_cv_env_CFLAGS_set=
ac_cv_env_CFLAGS_value=
ac_cv_env_CPPFLAGS_set=
ac_cv_env_CPPFLAGS_value=
ac_cv_env_CPP_set=
ac_cv_env_CPP_value=
ac_cv_env_CXXFLAGS_set=
ac_cv_env_CXXFLAGS_value=
ac_cv_env_CXX_set=
ac_cv_env_CXX_value=
ac_cv_env_LDFLAGS_set=
ac_cv_env_LDFLAGS_value=
ac_cv_env_LIBS_set=
ac_cv_env_LIBS_value=
ac_cv_env_build_alias_set=
ac_cv_env_build_alias_value=
ac_cv_env_host_alias_set=
ac_cv_env_host_alias_value=
ac_cv_env_target_alias_set=
ac_cv_env_target_alias_value=
ac_cv_header_inttypes_h=yes
ac_cv_header_memory_h=yes
ac_cv_header_stdc=yes
ac_cv_header_stdint_h=yes
ac_cv_header_stdlib_h=yes
ac_cv_header_string_h=yes
ac_cv_header_strings_h=yes
ac_cv_header_sys_stat_h=yes
ac_cv_header_sys_types_h=yes
ac_cv_header_unistd_h=yes
ac_cv_objext=o
ac_cv_path_EGREP='/bin/grep -E'
ac_cv_path_GREP=/bin/grep
ac_cv_path_install='/usr/bin/install -c'
ac_cv_path_mkdir=/bin/mkdir
ac_cv_prog_AWK=mawk
ac_cv_prog_CPP='gcc -E'
ac_cv_prog_ac_ct_CC=gcc
ac_cv_prog_ac_ct_CXX=g++
ac_cv_prog_ac_ct_RANLIB=ranlib
ac_cv_prog_cc_c89=
ac_cv_prog_cc_g=yes
ac_cv_prog_cxx_g=yes
ac_cv_prog_make_make_set=yes
am_cv_CC_dependencies_compiler_type=gcc3
am_cv_CXX_dependencies_compiler_type=gcc3

## ----------------- ##
## Output variables. ##
## ----------------- ##

ACLOCAL='${SHELL} /home/elon/prj/MultiThread/missing --run aclocal-1.10'
AMDEPBACKSLASH='\'
AMDEP_FALSE='#'
AMDEP_TRUE=''
AMTAR='${SHELL} /home/elon/prj/MultiThread/missing --run tar'
AUTOCONF='${SHELL} /home/elon/prj/MultiThread/missing --run autoconf'
AUTOHEADER='${SHELL} /home/elon/prj/MultiThread/missing --run autoheader'
AUTOMAKE='${SHELL} /home/elon/prj/MultiThread/missing --run automake-1.10'
AWK='mawk'
CC='gcc'
CCDEPMODE='depmode=gcc3'
CFLAGS='-g -O2'
CPP='gcc -E'
CPPFLAGS=''
CXX='g++'
CXXDEPMODE='depmode=gcc3'
CXXFLAGS='-g -O2'
CYGPATH_W='echo'
DEFS='-DHAVE_CONFIG_H'
DEPDIR='.deps'
ECHO_C=''
ECHO_N='-n'
ECHO_T=''
EGREP='/bin/grep -E'
EXEEXT=''
GREP='/bin/grep'
INSTALL_DATA='${INSTALL} -m 644'
INSTALL_PROGRAM='${INSTALL}'
INSTALL_SCRIPT='${INSTALL}'
INSTALL_STRIP_PROGRAM='$(install_sh) -c -s'
LDFLAGS=''
LIBOBJS=''
LIBS=''
LTLIBOBJS=''
MAKEINFO='${SHELL} /home/elon/prj/MultiThread/missing --run makeinfo'
OBJEXT='o'
PACKAGE='thread'
PACKAGE_BUGREPORT='BUG-REPORT-ADDRESS'
PACKAGE_NAME='thread'
PACKAGE_STRING='thread 1.0'
PACKAGE_TARNAME='thread'
PACKAGE_VERSION='1.0'
PATH_SEPARATOR=':'
RANLIB='ranlib'
SET_MAKE=''
SHELL='/bin/sh'
STRIP=''
VERSION='1.0'
ac_ct_CC='gcc'
ac_ct_CXX='g++'
am__fastdepCC_FALSE='#'
am__fastdepCC_TRUE=''
am__fastdepCXX_FALSE='#'
am__fastdepCXX_TRUE=''
am__include='include'
am__isrc=''
am__leading_dot='.'
am__quote=''
am__tar='${AMTAR} chof - "$$tardir"'
am__untar='${AMTAR} xf -'
bindir='${exec_prefix}/bin'
build_alias=''
datadir='${datarootdir}'
datarootdir='${prefix}/share'
docdir='${datarootdir}/doc/${PACKAGE_TARNAME}'
dvidir='${docdir}'
exec_prefix='${prefix}'
host_alias=''
htmldir='${docdir}'
includedir='${prefix}/include'
infodir='${datarootdir}/info'
install_sh='$(SHELL) /home/elon/prj/MultiThread/install-sh'
libdir='${exec_prefix}/lib'
libexecdir='${exec_prefix}/libexec'
localedir='${datarootdir}/locale'
localstatedir='${prefix}/var'
mandir='${datarootdir}/man'
mkdir_p='/bin/mkdir -p'
oldincludedir='/usr/include'
pdfdir='${docdir}'
prefix='/usr/local'
program_transform_name='s,x,x,'
psdir='${docdir}'
sbindir='${exec_prefix}/sbin'
sharedstatedir='${prefix}/com'
sysconfdir='${prefix}/etc'
target_alias=''

## ----------- ##
## confdefs.h. ##
## ----------- ##

#define PACKAGE_NAME "thread"
#define PACKAGE_TARNAME "thread"
#define PACKAGE_VERSION "1.0"
#define PACKAGE_STRING "thread 1.0"
#define PACKAGE_BUGREPORT "BUG-REPORT-ADDRESS"
#define PACKAGE "thread"
#define VERSION "1.0"
#define STDC_HEADERS 1
#define HAVE_SYS_TYPES_H 1
#define HAVE_SYS_STAT_H 1
#define HAVE_STDLIB_H 1
#define HAVE_STRING_H 1
#define HAVE_MEMORY_H 1
#define HAVE_STRINGS_H 1
#define HAVE_INTTYPES_H 1
#define HAVE_STDINT_H 1
#define HAVE_UNISTD_H 1
#define HAVE_STDLIB_H 1

configure: exit 0
