This file contains any messages produced by compilers while
running configure, to aid debugging if configure makes a mistake.

It was created by DeamonProcess configure 1.0, which was
generated by GNU Autoconf 2.61.  Invocation command line was

  $ ./configure 

## --------- ##
## Platform. ##
## --------- ##

hostname = lenny
uname -m = i686
uname -r = 2.6.24-1-686
uname -s = Linux
uname -v = #1 SMP Thu May 8 02:16:39 UTC 2008

/usr/bin/uname -p = unknown
/bin/uname -X     = unknown

/bin/arch              = unknown
/usr/bin/arch -k       = unknown
/usr/convex/getsysinfo = unknown
/usr/bin/hostinfo      = unknown
/bin/machine           = unknown
/usr/bin/oslevel       = unknown
/bin/universe          = unknown

PATH: /usr/local/bin
PATH: /usr/bin
PATH: /bin
PATH: /usr/games


## ----------- ##
## Core tests. ##
## ----------- ##

configure:1787: checking for a BSD-compatible install
configure:1843: result: /usr/bin/install -c
configure:1854: checking whether build environment is sane
configure:1897: result: yes
configure:1925: checking for a thread-safe mkdir -p
configure:1964: result: /bin/mkdir -p
configure:1977: checking for gawk
configure:2007: result: no
configure:1977: checking for mawk
configure:1993: found /usr/bin/mawk
configure:2004: result: mawk
configure:2015: checking whether make sets $(MAKE)
configure:2036: result: yes
configure:2284: checking for g++
configure:2300: found /usr/bin/g++
configure:2311: result: g++
configure:2342: checking for C++ compiler version
configure:2349: g++ --version >&5
g++ (Debian 4.3.2-1.1) 4.3.2
Copyright (C) 2008 Free Software Foundation, Inc.
This is free software; see the source for copying conditions.  There is NO
warranty; not even for MERCHANTABILITY or FITNESS FOR A PARTICULAR PURPOSE.

configure:2352: $? = 0
configure:2359: g++ -v >&5
Using built-in specs.
Target: i486-linux-gnu
Configured with: ../src/configure -v --with-pkgversion='Debian 4.3.2-1.1' --with-bugurl=file:///usr/share/doc/gcc-4.3/README.Bugs --enable-languages=c,c++,fortran,objc,obj-c++ --prefix=/usr --enable-shared --with-system-zlib --libexecdir=/usr/lib --without-included-gettext --enable-threads=posix --enable-nls --with-gxx-include-dir=/usr/include/c++/4.3 --program-suffix=-4.3 --enable-clocale=gnu --enable-libstdcxx-debug --enable-objc-gc --enable-mpfr --enable-targets=all --enable-cld --enable-checking=release --build=i486-linux-gnu --host=i486-linux-gnu --target=i486-linux-gnu
Thread model: posix
gcc version 4.3.2 (Debian 4.3.2-1.1) 
configure:2362: $? = 0
configure:2369: g++ -V >&5
g++: '-V' option must have argument
configure:2372: $? = 1
configure:2395: checking for C++ compiler default output file name
configure:2422: g++    conftest.cpp  >&5
configure:2425: $? = 0
configure:2463: result: a.out
configure:2480: checking whether the C++ compiler works
configure:2490: ./a.out
configure:2493: $? = 0
configure:2510: result: yes
configure:2517: checking whether we are cross compiling
configure:2519: result: no
configure:2522: checking for suffix of executables
configure:2529: g++ -o conftest    conftest.cpp  >&5
configure:2532: $? = 0
configure:2556: result: 
configure:2562: checking for suffix of object files
configure:2588: g++ -c   conftest.cpp >&5
configure:2591: $? = 0
configure:2614: result: o
configure:2618: checking whether we are using the GNU C++ compiler
configure:2647: g++ -c   conftest.cpp >&5
configure:2653: $? = 0
configure:2670: result: yes
configure:2675: checking whether g++ accepts -g
configure:2705: g++ -c -g  conftest.cpp >&5
configure:2711: $? = 0
configure:2810: result: yes
configure:2844: checking for style of include used by make
configure:2872: result: GNU
configure:2897: checking dependency style of g++
configure:2988: result: gcc3
configure:3055: checking for gcc
configure:3071: found /usr/bin/gcc
configure:3082: result: gcc
configure:3320: checking for C compiler version
configure:3327: gcc --version >&5
gcc (Debian 4.3.2-1.1) 4.3.2
Copyright (C) 2008 Free Software Foundation, Inc.
This is free software; see the source for copying conditions.  There is NO
warranty; not even for MERCHANTABILITY or FITNESS FOR A PARTICULAR PURPOSE.

configure:3330: $? = 0
configure:3337: gcc -v >&5
Using built-in specs.
Target: i486-linux-gnu
Configured with: ../src/configure -v --with-pkgversion='Debian 4.3.2-1.1' --with-bugurl=file:///usr/share/doc/gcc-4.3/README.Bugs --enable-languages=c,c++,fortran,objc,obj-c++ --prefix=/usr --enable-shared --with-system-zlib --libexecdir=/usr/lib --without-included-gettext --enable-threads=posix --enable-nls --with-gxx-include-dir=/usr/include/c++/4.3 --program-suffix=-4.3 --enable-clocale=gnu --enable-libstdcxx-debug --enable-objc-gc --enable-mpfr --enable-targets=all --enable-cld --enable-checking=release --build=i486-linux-gnu --host=i486-linux-gnu --target=i486-linux-gnu
Thread model: posix
gcc version 4.3.2 (Debian 4.3.2-1.1) 
configure:3340: $? = 0
configure:3347: gcc -V >&5
gcc: '-V' option must have argument
configure:3350: $? = 1
configure:3353: checking whether we are using the GNU C compiler
configure:3382: gcc -c   conftest.c >&5
configure:3388: $? = 0
configure:3405: result: yes
configure:3410: checking whether gcc accepts -g
configure:3440: gcc -c -g  conftest.c >&5
configure:3446: $? = 0
configure:3545: result: yes
configure:3562: checking for gcc option to accept ISO C89
configure:3636: gcc  -c -g -O2  conftest.c >&5
configure:3642: $? = 0
configure:3665: result: none needed
configure:3685: checking dependency style of gcc
configure:3776: result: gcc3
configure:3797: checking how to run the C preprocessor
configure:3837: gcc -E  conftest.c
configure:3843: $? = 0
configure:3874: gcc -E  conftest.c
conftest.c:10:28: error: ac_nonexistent.h: No such file or directory
configure:3880: $? = 1
configure: failed program was:
| /* confdefs.h.  */
| #define PACKAGE_NAME "DeamonProcess"
| #define PACKAGE_TARNAME "deamonprocess"
| #define PACKAGE_VERSION "1.0"
| #define PACKAGE_STRING "DeamonProcess 1.0"
| #define PACKAGE_BUGREPORT "BUG-REPORT-ADDRESS"
| #define PACKAGE "DeamonProcess"
| #define VERSION "1.0"
| /* end confdefs.h.  */
| #include <ac_nonexistent.h>
configure:3913: result: gcc -E
configure:3942: gcc -E  conftest.c
configure:3948: $? = 0
configure:3979: gcc -E  conftest.c
conftest.c:10:28: error: ac_nonexistent.h: No such file or directory
configure:3985: $? = 1
configure: failed program was:
| /* confdefs.h.  */
| #define PACKAGE_NAME "DeamonProcess"
| #define PACKAGE_TARNAME "deamonprocess"
| #define PACKAGE_VERSION "1.0"
| #define PACKAGE_STRING "DeamonProcess 1.0"
| #define PACKAGE_BUGREPORT "BUG-REPORT-ADDRESS"
| #define PACKAGE "DeamonProcess"
| #define VERSION "1.0"
| /* end confdefs.h.  */
| #include <ac_nonexistent.h>
configure:4023: checking for grep that handles long lines and -e
configure:4097: result: /bin/grep
configure:4102: checking for egrep
configure:4180: result: /bin/grep -E
configure:4185: checking for ANSI C header files
configure:4215: gcc -c -g -O2  conftest.c >&5
configure:4221: $? = 0
configure:4320: gcc -o conftest -g -O2   conftest.c  >&5
configure:4323: $? = 0
configure:4329: ./conftest
configure:4332: $? = 0
configure:4349: result: yes
configure:4359: checking for sys/wait.h that is POSIX.1 compatible
configure:4395: gcc -c -g -O2  conftest.c >&5
configure:4401: $? = 0
configure:4416: result: yes
configure:4440: checking for sys/types.h
configure:4461: gcc -c -g -O2  conftest.c >&5
configure:4467: $? = 0
configure:4483: result: yes
configure:4440: checking for sys/stat.h
configure:4461: gcc -c -g -O2  conftest.c >&5
configure:4467: $? = 0
configure:4483: result: yes
configure:4440: checking for stdlib.h
configure:4461: gcc -c -g -O2  conftest.c >&5
configure:4467: $? = 0
configure:4483: result: yes
configure:4440: checking for string.h
configure:4461: gcc -c -g -O2  conftest.c >&5
configure:4467: $? = 0
configure:4483: result: yes
configure:4440: checking for memory.h
configure:4461: gcc -c -g -O2  conftest.c >&5
configure:4467: $? = 0
configure:4483: result: yes
configure:4440: checking for strings.h
configure:4461: gcc -c -g -O2  conftest.c >&5
configure:4467: $? = 0
configure:4483: result: yes
configure:4440: checking for inttypes.h
configure:4461: gcc -c -g -O2  conftest.c >&5
configure:4467: $? = 0
configure:4483: result: yes
configure:4440: checking for stdint.h
configure:4461: gcc -c -g -O2  conftest.c >&5
configure:4467: $? = 0
configure:4483: result: yes
configure:4440: checking for unistd.h
configure:4461: gcc -c -g -O2  conftest.c >&5
configure:4467: $? = 0
configure:4483: result: yes
configure:4502: checking for stdlib.h
configure:4508: result: yes
configure:4512: checking syslog.h usability
configure:4529: gcc -c -g -O2  conftest.c >&5
configure:4535: $? = 0
configure:4549: result: yes
configure:4553: checking syslog.h presence
configure:4568: gcc -E  conftest.c
configure:4574: $? = 0
configure:4588: result: yes
configure:4621: checking for syslog.h
configure:4629: result: yes
configure:4502: checking for unistd.h
configure:4508: result: yes
configure:4644: checking for pid_t
configure:4674: gcc -c -g -O2  conftest.c >&5
configure:4680: $? = 0
configure:4695: result: yes
configure:4724: checking vfork.h usability
configure:4741: gcc -c -g -O2  conftest.c >&5
conftest.c:57:19: error: vfork.h: No such file or directory
configure:4747: $? = 1
configure: failed program was:
| /* confdefs.h.  */
| #define PACKAGE_NAME "DeamonProcess"
| #define PACKAGE_TARNAME "deamonprocess"
| #define PACKAGE_VERSION "1.0"
| #define PACKAGE_STRING "DeamonProcess 1.0"
| #define PACKAGE_BUGREPORT "BUG-REPORT-ADDRESS"
| #define PACKAGE "DeamonProcess"
| #define VERSION "1.0"
| #define STDC_HEADERS 1
| #define HAVE_SYS_WAIT_H 1
| #define HAVE_SYS_TYPES_H 1
| #define HAVE_SYS_STAT_H 1
| #define HAVE_STDLIB_H 1
| #define HAVE_STRING_H 1
| #define HAVE_MEMORY_H 1
| #define HAVE_STRINGS_H 1
| #define HAVE_INTTYPES_H 1
| #define HAVE_STDINT_H 1
| #define HAVE_UNISTD_H 1
| #define HAVE_STDLIB_H 1
| #define HAVE_SYSLOG_H 1
| #define HAVE_UNISTD_H 1
| /* end confdefs.h.  */
| #include <stdio.h>
| #ifdef HAVE_SYS_TYPES_H
| # include <sys/types.h>
| #endif
| #ifdef HAVE_SYS_STAT_H
| # include <sys/stat.h>
| #endif
| #ifdef STDC_HEADERS
| # include <stdlib.h>
| # include <stddef.h>
| #else
| # ifdef HAVE_STDLIB_H
| #  include <stdlib.h>
| # endif
| #endif
| #ifdef HAVE_STRING_H
| # if !defined STDC_HEADERS && defined HAVE_MEMORY_H
| #  include <memory.h>
| # endif
| # include <string.h>
| #endif
| #ifdef HAVE_STRINGS_H
| # include <strings.h>
| #endif
| #ifdef HAVE_INTTYPES_H
| # include <inttypes.h>
| #endif
| #ifdef HAVE_STDINT_H
| # include <stdint.h>
| #endif
| #ifdef HAVE_UNISTD_H
| # include <unistd.h>
| #endif
| #include <vfork.h>
configure:4761: result: no
configure:4765: checking vfork.h presence
configure:4780: gcc -E  conftest.c
conftest.c:24:19: error: vfork.h: No such file or directory
configure:4786: $? = 1
configure: failed program was:
| /* confdefs.h.  */
| #define PACKAGE_NAME "DeamonProcess"
| #define PACKAGE_TARNAME "deamonprocess"
| #define PACKAGE_VERSION "1.0"
| #define PACKAGE_STRING "DeamonProcess 1.0"
| #define PACKAGE_BUGREPORT "BUG-REPORT-ADDRESS"
| #define PACKAGE "DeamonProcess"
| #define VERSION "1.0"
| #define STDC_HEADERS 1
| #define HAVE_SYS_WAIT_H 1
| #define HAVE_SYS_TYPES_H 1
| #define HAVE_SYS_STAT_H 1
| #define HAVE_STDLIB_H 1
| #define HAVE_STRING_H 1
| #define HAVE_MEMORY_H 1
| #define HAVE_STRINGS_H 1
| #define HAVE_INTTYPES_H 1
| #define HAVE_STDINT_H 1
| #define HAVE_UNISTD_H 1
| #define HAVE_STDLIB_H 1
| #define HAVE_SYSLOG_H 1
| #define HAVE_UNISTD_H 1
| /* end confdefs.h.  */
| #include <vfork.h>
configure:4800: result: no
configure:4833: checking for vfork.h
configure:4841: result: no
configure:4859: checking for fork
configure:4915: gcc -o conftest -g -O2   conftest.c  >&5
conftest.c:47: warning: conflicting types for built-in function 'fork'
configure:4921: $? = 0
configure:4939: result: yes
configure:4859: checking for vfork
configure:4915: gcc -o conftest -g -O2   conftest.c  >&5
configure:4921: $? = 0
configure:4939: result: yes
configure:4950: checking for working fork
configure:4982: gcc -o conftest -g -O2   conftest.c  >&5
configure:4985: $? = 0
configure:4991: ./conftest
configure:4994: $? = 0
configure:5010: result: yes
configure:5031: checking for working vfork
configure:5169: result: yes
configure:5324: creating ./config.status

## ---------------------- ##
## Running config.status. ##
## ---------------------- ##

This file was extended by DeamonProcess config.status 1.0, which was
generated by GNU Autoconf 2.61.  Invocation command line was

  CONFIG_FILES    = 
  CONFIG_HEADERS  = 
  CONFIG_LINKS    = 
  CONFIG_COMMANDS = 
  $ ./config.status 

on lenny

config.status:642: creating Makefile
config.status:642: creating core/Makefile
config.status:642: creating config.h
config.status:923: executing depfiles commands

## ---------------- ##
## Cache variables. ##
## ---------------- ##

ac_cv_c_compiler_gnu=yes
ac_cv_cxx_compiler_gnu=yes
ac_cv_env_CCC_set=
ac_cv_env_CCC_value=
ac_cv_env_CC_set=
ac_cv_env_CC_value=
ac_cv_env_CFLAGS_set=
ac_cv_env_CFLAGS_value=
ac_cv_env_CPPFLAGS_set=
ac_cv_env_CPPFLAGS_value=
ac_cv_env_CPP_set=
ac_cv_env_CPP_value=
ac_cv_env_CXXFLAGS_set=
ac_cv_env_CXXFLAGS_value=
ac_cv_env_CXX_set=
ac_cv_env_CXX_value=
ac_cv_env_LDFLAGS_set=
ac_cv_env_LDFLAGS_value=
ac_cv_env_LIBS_set=
ac_cv_env_LIBS_value=
ac_cv_env_build_alias_set=
ac_cv_env_build_alias_value=
ac_cv_env_host_alias_set=
ac_cv_env_host_alias_value=
ac_cv_env_target_alias_set=
ac_cv_env_target_alias_value=
ac_cv_func_fork=yes
ac_cv_func_fork_works=yes
ac_cv_func_vfork=yes
ac_cv_func_vfork_works=yes
ac_cv_header_inttypes_h=yes
ac_cv_header_memory_h=yes
ac_cv_header_stdc=yes
ac_cv_header_stdint_h=yes
ac_cv_header_stdlib_h=yes
ac_cv_header_string_h=yes
ac_cv_header_strings_h=yes
ac_cv_header_sys_stat_h=yes
ac_cv_header_sys_types_h=yes
ac_cv_header_sys_wait_h=yes
ac_cv_header_syslog_h=yes
ac_cv_header_unistd_h=yes
ac_cv_header_vfork_h=no
ac_cv_objext=o
ac_cv_path_EGREP='/bin/grep -E'
ac_cv_path_GREP=/bin/grep
ac_cv_path_install='/usr/bin/install -c'
ac_cv_path_mkdir=/bin/mkdir
ac_cv_prog_AWK=mawk
ac_cv_prog_CPP='gcc -E'
ac_cv_prog_ac_ct_CC=gcc
ac_cv_prog_ac_ct_CXX=g++
ac_cv_prog_cc_c89=
ac_cv_prog_cc_g=yes
ac_cv_prog_cxx_g=yes
ac_cv_prog_make_make_set=yes
ac_cv_type_pid_t=yes
am_cv_CC_dependencies_compiler_type=gcc3
am_cv_CXX_dependencies_compiler_type=gcc3

## ----------------- ##
## Output variables. ##
## ----------------- ##

ACLOCAL='${SHELL} /home/elon/prj/DeamonProcess/missing --run aclocal-1.10'
AMDEPBACKSLASH='\'
AMDEP_FALSE='#'
AMDEP_TRUE=''
AMTAR='${SHELL} /home/elon/prj/DeamonProcess/missing --run tar'
AUTOCONF='${SHELL} /home/elon/prj/DeamonProcess/missing --run autoconf'
AUTOHEADER='${SHELL} /home/elon/prj/DeamonProcess/missing --run autoheader'
AUTOMAKE='${SHELL} /home/elon/prj/DeamonProcess/missing --run automake-1.10'
AWK='mawk'
CC='gcc'
CCDEPMODE='depmode=gcc3'
CFLAGS='-g -O2'
CPP='gcc -E'
CPPFLAGS=''
CXX='g++'
CXXDEPMODE='depmode=gcc3'
CXXFLAGS='-g -O2'
CYGPATH_W='echo'
DEFS='-DHAVE_CONFIG_H'
DEPDIR='.deps'
ECHO_C=''
ECHO_N='-n'
ECHO_T=''
EGREP='/bin/grep -E'
EXEEXT=''
GREP='/bin/grep'
INSTALL_DATA='${INSTALL} -m 644'
INSTALL_PROGRAM='${INSTALL}'
INSTALL_SCRIPT='${INSTALL}'
INSTALL_STRIP_PROGRAM='$(install_sh) -c -s'
LDFLAGS=''
LIBOBJS=''
LIBS=''
LTLIBOBJS=''
MAKEINFO='${SHELL} /home/elon/prj/DeamonProcess/missing --run makeinfo'
OBJEXT='o'
PACKAGE='DeamonProcess'
PACKAGE_BUGREPORT='BUG-REPORT-ADDRESS'
PACKAGE_NAME='DeamonProcess'
PACKAGE_STRING='DeamonProcess 1.0'
PACKAGE_TARNAME='deamonprocess'
PACKAGE_VERSION='1.0'
PATH_SEPARATOR=':'
SET_MAKE=''
SHELL='/bin/sh'
STRIP=''
VERSION='1.0'
ac_ct_CC='gcc'
ac_ct_CXX='g++'
am__fastdepCC_FALSE='#'
am__fastdepCC_TRUE=''
am__fastdepCXX_FALSE='#'
am__fastdepCXX_TRUE=''
am__include='include'
am__isrc=''
am__leading_dot='.'
am__quote=''
am__tar='${AMTAR} chof - "$$tardir"'
am__untar='${AMTAR} xf -'
bindir='${exec_prefix}/bin'
build_alias=''
datadir='${datarootdir}'
datarootdir='${prefix}/share'
docdir='${datarootdir}/doc/${PACKAGE_TARNAME}'
dvidir='${docdir}'
exec_prefix='${prefix}'
host_alias=''
htmldir='${docdir}'
includedir='${prefix}/include'
infodir='${datarootdir}/info'
install_sh='$(SHELL) /home/elon/prj/DeamonProcess/install-sh'
libdir='${exec_prefix}/lib'
libexecdir='${exec_prefix}/libexec'
localedir='${datarootdir}/locale'
localstatedir='${prefix}/var'
mandir='${datarootdir}/man'
mkdir_p='/bin/mkdir -p'
oldincludedir='/usr/include'
pdfdir='${docdir}'
prefix='/usr/local'
program_transform_name='s,x,x,'
psdir='${docdir}'
sbindir='${exec_prefix}/sbin'
sharedstatedir='${prefix}/com'
sysconfdir='${prefix}/etc'
target_alias=''

## ----------- ##
## confdefs.h. ##
## ----------- ##

#define PACKAGE_NAME "DeamonProcess"
#define PACKAGE_TARNAME "deamonprocess"
#define PACKAGE_VERSION "1.0"
#define PACKAGE_STRING "DeamonProcess 1.0"
#define PACKAGE_BUGREPORT "BUG-REPORT-ADDRESS"
#define PACKAGE "DeamonProcess"
#define VERSION "1.0"
#define STDC_HEADERS 1
#define HAVE_SYS_WAIT_H 1
#define HAVE_SYS_TYPES_H 1
#define HAVE_SYS_STAT_H 1
#define HAVE_STDLIB_H 1
#define HAVE_STRING_H 1
#define HAVE_MEMORY_H 1
#define HAVE_STRINGS_H 1
#define HAVE_INTTYPES_H 1
#define HAVE_STDINT_H 1
#define HAVE_UNISTD_H 1
#define HAVE_STDLIB_H 1
#define HAVE_SYSLOG_H 1
#define HAVE_UNISTD_H 1
#define HAVE_FORK 1
#define HAVE_VFORK 1
#define HAVE_WORKING_VFORK 1
#define HAVE_WORKING_FORK 1

configure: exit 0
