This file contains any messages produced by compilers while
running configure, to aid debugging if configure makes a mistake.

It was created by Sort configure 1.0, which was
generated by GNU Autoconf 2.61.  Invocation command line was

  $ ./configure 

## --------- ##
## Platform. ##
## --------- ##

hostname = lenny
uname -m = i686
uname -r = 2.6.24-1-686
uname -s = Linux
uname -v = #1 SMP Thu May 8 02:16:39 UTC 2008

/usr/bin/uname -p = unknown
/bin/uname -X     = unknown

/bin/arch              = unknown
/usr/bin/arch -k       = unknown
/usr/convex/getsysinfo = unknown
/usr/bin/hostinfo      = unknown
/bin/machine           = unknown
/usr/bin/oslevel       = unknown
/bin/universe          = unknown

PATH: /usr/local/bin
PATH: /usr/bin
PATH: /bin
PATH: /usr/games


## ----------- ##
## Core tests. ##
## ----------- ##

configure:1788: checking for a BSD-compatible install
configure:1844: result: /usr/bin/install -c
configure:1855: checking whether build environment is sane
configure:1898: result: yes
configure:1926: checking for a thread-safe mkdir -p
configure:1965: result: /bin/mkdir -p
configure:1978: checking for gawk
configure:2008: result: no
configure:1978: checking for mawk
configure:1994: found /usr/bin/mawk
configure:2005: result: mawk
configure:2016: checking whether make sets $(MAKE)
configure:2037: result: yes
configure:2285: checking for g++
configure:2301: found /usr/bin/g++
configure:2312: result: g++
configure:2343: checking for C++ compiler version
configure:2350: g++ --version >&5
g++ (Debian 4.3.2-1.1) 4.3.2
Copyright (C) 2008 Free Software Foundation, Inc.
This is free software; see the source for copying conditions.  There is NO
warranty; not even for MERCHANTABILITY or FITNESS FOR A PARTICULAR PURPOSE.

configure:2353: $? = 0
configure:2360: g++ -v >&5
Using built-in specs.
Target: i486-linux-gnu
Configured with: ../src/configure -v --with-pkgversion='Debian 4.3.2-1.1' --with-bugurl=file:///usr/share/doc/gcc-4.3/README.Bugs --enable-languages=c,c++,fortran,objc,obj-c++ --prefix=/usr --enable-shared --with-system-zlib --libexecdir=/usr/lib --without-included-gettext --enable-threads=posix --enable-nls --with-gxx-include-dir=/usr/include/c++/4.3 --program-suffix=-4.3 --enable-clocale=gnu --enable-libstdcxx-debug --enable-objc-gc --enable-mpfr --enable-targets=all --enable-cld --enable-checking=release --build=i486-linux-gnu --host=i486-linux-gnu --target=i486-linux-gnu
Thread model: posix
gcc version 4.3.2 (Debian 4.3.2-1.1) 
configure:2363: $? = 0
configure:2370: g++ -V >&5
g++: '-V' option must have argument
configure:2373: $? = 1
configure:2396: checking for C++ compiler default output file name
configure:2423: g++    conftest.cpp  >&5
configure:2426: $? = 0
configure:2464: result: a.out
configure:2481: checking whether the C++ compiler works
configure:2491: ./a.out
configure:2494: $? = 0
configure:2511: result: yes
configure:2518: checking whether we are cross compiling
configure:2520: result: no
configure:2523: checking for suffix of executables
configure:2530: g++ -o conftest    conftest.cpp  >&5
configure:2533: $? = 0
configure:2557: result: 
configure:2563: checking for suffix of object files
configure:2589: g++ -c   conftest.cpp >&5
configure:2592: $? = 0
configure:2615: result: o
configure:2619: checking whether we are using the GNU C++ compiler
configure:2648: g++ -c   conftest.cpp >&5
configure:2654: $? = 0
configure:2671: result: yes
configure:2676: checking whether g++ accepts -g
configure:2706: g++ -c -g  conftest.cpp >&5
configure:2712: $? = 0
configure:2811: result: yes
configure:2845: checking for style of include used by make
configure:2873: result: GNU
configure:2898: checking dependency style of g++
configure:2989: result: gcc3
configure:3049: checking for ranlib
configure:3065: found /usr/bin/ranlib
configure:3076: result: ranlib
configure:3151: checking for gcc
configure:3167: found /usr/bin/gcc
configure:3178: result: gcc
configure:3416: checking for C compiler version
configure:3423: gcc --version >&5
gcc (Debian 4.3.2-1.1) 4.3.2
Copyright (C) 2008 Free Software Foundation, Inc.
This is free software; see the source for copying conditions.  There is NO
warranty; not even for MERCHANTABILITY or FITNESS FOR A PARTICULAR PURPOSE.

configure:3426: $? = 0
configure:3433: gcc -v >&5
Using built-in specs.
Target: i486-linux-gnu
Configured with: ../src/configure -v --with-pkgversion='Debian 4.3.2-1.1' --with-bugurl=file:///usr/share/doc/gcc-4.3/README.Bugs --enable-languages=c,c++,fortran,objc,obj-c++ --prefix=/usr --enable-shared --with-system-zlib --libexecdir=/usr/lib --without-included-gettext --enable-threads=posix --enable-nls --with-gxx-include-dir=/usr/include/c++/4.3 --program-suffix=-4.3 --enable-clocale=gnu --enable-libstdcxx-debug --enable-objc-gc --enable-mpfr --enable-targets=all --enable-cld --enable-checking=release --build=i486-linux-gnu --host=i486-linux-gnu --target=i486-linux-gnu
Thread model: posix
gcc version 4.3.2 (Debian 4.3.2-1.1) 
configure:3436: $? = 0
configure:3443: gcc -V >&5
gcc: '-V' option must have argument
configure:3446: $? = 1
configure:3449: checking whether we are using the GNU C compiler
configure:3478: gcc -c   conftest.c >&5
configure:3484: $? = 0
configure:3501: result: yes
configure:3506: checking whether gcc accepts -g
configure:3536: gcc -c -g  conftest.c >&5
configure:3542: $? = 0
configure:3641: result: yes
configure:3658: checking for gcc option to accept ISO C89
configure:3732: gcc  -c -g -O2  conftest.c >&5
configure:3738: $? = 0
configure:3761: result: none needed
configure:3781: checking dependency style of gcc
configure:3872: result: gcc3
configure:3893: checking how to run the C preprocessor
configure:3933: gcc -E  conftest.c
configure:3939: $? = 0
configure:3970: gcc -E  conftest.c
conftest.c:10:28: error: ac_nonexistent.h: No such file or directory
configure:3976: $? = 1
configure: failed program was:
| /* confdefs.h.  */
| #define PACKAGE_NAME "Sort"
| #define PACKAGE_TARNAME "sort"
| #define PACKAGE_VERSION "1.0"
| #define PACKAGE_STRING "Sort 1.0"
| #define PACKAGE_BUGREPORT "BUG-REPORT-ADDRESS"
| #define PACKAGE "thread"
| #define VERSION "1.0"
| /* end confdefs.h.  */
| #include <ac_nonexistent.h>
configure:4009: result: gcc -E
configure:4038: gcc -E  conftest.c
configure:4044: $? = 0
configure:4075: gcc -E  conftest.c
conftest.c:10:28: error: ac_nonexistent.h: No such file or directory
configure:4081: $? = 1
configure: failed program was:
| /* confdefs.h.  */
| #define PACKAGE_NAME "Sort"
| #define PACKAGE_TARNAME "sort"
| #define PACKAGE_VERSION "1.0"
| #define PACKAGE_STRING "Sort 1.0"
| #define PACKAGE_BUGREPORT "BUG-REPORT-ADDRESS"
| #define PACKAGE "thread"
| #define VERSION "1.0"
| /* end confdefs.h.  */
| #include <ac_nonexistent.h>
configure:4119: checking for grep that handles long lines and -e
configure:4193: result: /bin/grep
configure:4198: checking for egrep
configure:4276: result: /bin/grep -E
configure:4281: checking for ANSI C header files
configure:4311: gcc -c -g -O2  conftest.c >&5
configure:4317: $? = 0
configure:4416: gcc -o conftest -g -O2   conftest.c  >&5
configure:4419: $? = 0
configure:4425: ./conftest
configure:4428: $? = 0
configure:4445: result: yes
configure:4469: checking for sys/types.h
configure:4490: gcc -c -g -O2  conftest.c >&5
configure:4496: $? = 0
configure:4512: result: yes
configure:4469: checking for sys/stat.h
configure:4490: gcc -c -g -O2  conftest.c >&5
configure:4496: $? = 0
configure:4512: result: yes
configure:4469: checking for stdlib.h
configure:4490: gcc -c -g -O2  conftest.c >&5
configure:4496: $? = 0
configure:4512: result: yes
configure:4469: checking for string.h
configure:4490: gcc -c -g -O2  conftest.c >&5
configure:4496: $? = 0
configure:4512: result: yes
configure:4469: checking for memory.h
configure:4490: gcc -c -g -O2  conftest.c >&5
configure:4496: $? = 0
configure:4512: result: yes
configure:4469: checking for strings.h
configure:4490: gcc -c -g -O2  conftest.c >&5
configure:4496: $? = 0
configure:4512: result: yes
configure:4469: checking for inttypes.h
configure:4490: gcc -c -g -O2  conftest.c >&5
configure:4496: $? = 0
configure:4512: result: yes
configure:4469: checking for stdint.h
configure:4490: gcc -c -g -O2  conftest.c >&5
configure:4496: $? = 0
configure:4512: result: yes
configure:4469: checking for unistd.h
configure:4490: gcc -c -g -O2  conftest.c >&5
configure:4496: $? = 0
configure:4512: result: yes
configure:4530: checking for stdlib.h
configure:4536: result: yes
configure:4530: checking for string.h
configure:4536: result: yes
configure:4798: creating ./config.status

## ---------------------- ##
## Running config.status. ##
## ---------------------- ##

This file was extended by Sort config.status 1.0, which was
generated by GNU Autoconf 2.61.  Invocation command line was

  CONFIG_FILES    = 
  CONFIG_HEADERS  = 
  CONFIG_LINKS    = 
  CONFIG_COMMANDS = 
  $ ./config.status 

on lenny

config.status:644: creating Makefile
config.status:644: creating core/Makefile
config.status:644: creating lib/Makefile
config.status:644: creating config.h
config.status:919: executing depfiles commands

## ---------------- ##
## Cache variables. ##
## ---------------- ##

ac_cv_c_compiler_gnu=yes
ac_cv_cxx_compiler_gnu=yes
ac_cv_env_CCC_set=
ac_cv_env_CCC_value=
ac_cv_env_CC_set=
ac_cv_env_CC_value=
ac_cv_env_CFLAGS_set=
ac_cv_env_CFLAGS_value=
ac_cv_env_CPPFLAGS_set=
ac_cv_env_CPPFLAGS_value=
ac_cv_env_CPP_set=
ac_cv_env_CPP_value=
ac_cv_env_CXXFLAGS_set=
ac_cv_env_CXXFLAGS_value=
ac_cv_env_CXX_set=
ac_cv_env_CXX_value=
ac_cv_env_LDFLAGS_set=
ac_cv_env_LDFLAGS_value=
ac_cv_env_LIBS_set=
ac_cv_env_LIBS_value=
ac_cv_env_build_alias_set=
ac_cv_env_build_alias_value=
ac_cv_env_host_alias_set=
ac_cv_env_host_alias_value=
ac_cv_env_target_alias_set=
ac_cv_env_target_alias_value=
ac_cv_header_inttypes_h=yes
ac_cv_header_memory_h=yes
ac_cv_header_stdc=yes
ac_cv_header_stdint_h=yes
ac_cv_header_stdlib_h=yes
ac_cv_header_string_h=yes
ac_cv_header_strings_h=yes
ac_cv_header_sys_stat_h=yes
ac_cv_header_sys_types_h=yes
ac_cv_header_unistd_h=yes
ac_cv_objext=o
ac_cv_path_EGREP='/bin/grep -E'
ac_cv_path_GREP=/bin/grep
ac_cv_path_install='/usr/bin/install -c'
ac_cv_path_mkdir=/bin/mkdir
ac_cv_prog_AWK=mawk
ac_cv_prog_CPP='gcc -E'
ac_cv_prog_ac_ct_CC=gcc
ac_cv_prog_ac_ct_CXX=g++
ac_cv_prog_ac_ct_RANLIB=ranlib
ac_cv_prog_cc_c89=
ac_cv_prog_cc_g=yes
ac_cv_prog_cxx_g=yes
ac_cv_prog_make_make_set=yes
am_cv_CC_dependencies_compiler_type=gcc3
am_cv_CXX_dependencies_compiler_type=gcc3

## ----------------- ##
## Output variables. ##
## ----------------- ##

ACLOCAL='${SHELL} /home/elon/prj/sort/missing --run aclocal-1.10'
AMDEPBACKSLASH='\'
AMDEP_FALSE='#'
AMDEP_TRUE=''
AMTAR='${SHELL} /home/elon/prj/sort/missing --run tar'
AUTOCONF='${SHELL} /home/elon/prj/sort/missing --run autoconf'
AUTOHEADER='${SHELL} /home/elon/prj/sort/missing --run autoheader'
AUTOMAKE='${SHELL} /home/elon/prj/sort/missing --run automake-1.10'
AWK='mawk'
CC='gcc'
CCDEPMODE='depmode=gcc3'
CFLAGS='-g -O2'
CPP='gcc -E'
CPPFLAGS=''
CXX='g++'
CXXDEPMODE='depmode=gcc3'
CXXFLAGS='-g -O2'
CYGPATH_W='echo'
DEFS='-DHAVE_CONFIG_H'
DEPDIR='.deps'
ECHO_C=''
ECHO_N='-n'
ECHO_T=''
EGREP='/bin/grep -E'
EXEEXT=''
GREP='/bin/grep'
INSTALL_DATA='${INSTALL} -m 644'
INSTALL_PROGRAM='${INSTALL}'
INSTALL_SCRIPT='${INSTALL}'
INSTALL_STRIP_PROGRAM='$(install_sh) -c -s'
LDFLAGS=''
LIBOBJS=''
LIBS=''
LTLIBOBJS=''
MAKEINFO='${SHELL} /home/elon/prj/sort/missing --run makeinfo'
OBJEXT='o'
PACKAGE='thread'
PACKAGE_BUGREPORT='BUG-REPORT-ADDRESS'
PACKAGE_NAME='Sort'
PACKAGE_STRING='Sort 1.0'
PACKAGE_TARNAME='sort'
PACKAGE_VERSION='1.0'
PATH_SEPARATOR=':'
RANLIB='ranlib'
SET_MAKE=''
SHELL='/bin/sh'
STRIP=''
VERSION='1.0'
ac_ct_CC='gcc'
ac_ct_CXX='g++'
am__fastdepCC_FALSE='#'
am__fastdepCC_TRUE=''
am__fastdepCXX_FALSE='#'
am__fastdepCXX_TRUE=''
am__include='include'
am__isrc=''
am__leading_dot='.'
am__quote=''
am__tar='${AMTAR} chof - "$$tardir"'
am__untar='${AMTAR} xf -'
bindir='${exec_prefix}/bin'
build_alias=''
datadir='${datarootdir}'
datarootdir='${prefix}/share'
docdir='${datarootdir}/doc/${PACKAGE_TARNAME}'
dvidir='${docdir}'
exec_prefix='${prefix}'
host_alias=''
htmldir='${docdir}'
includedir='${prefix}/include'
infodir='${datarootdir}/info'
install_sh='$(SHELL) /home/elon/prj/sort/install-sh'
libdir='${exec_prefix}/lib'
libexecdir='${exec_prefix}/libexec'
localedir='${datarootdir}/locale'
localstatedir='${prefix}/var'
mandir='${datarootdir}/man'
mkdir_p='/bin/mkdir -p'
oldincludedir='/usr/include'
pdfdir='${docdir}'
prefix='/usr/local'
program_transform_name='s,x,x,'
psdir='${docdir}'
sbindir='${exec_prefix}/sbin'
sharedstatedir='${prefix}/com'
sysconfdir='${prefix}/etc'
target_alias=''

## ----------- ##
## confdefs.h. ##
## ----------- ##

#define PACKAGE_NAME "Sort"
#define PACKAGE_TARNAME "sort"
#define PACKAGE_VERSION "1.0"
#define PACKAGE_STRING "Sort 1.0"
#define PACKAGE_BUGREPORT "BUG-REPORT-ADDRESS"
#define PACKAGE "thread"
#define VERSION "1.0"
#define STDC_HEADERS 1
#define HAVE_SYS_TYPES_H 1
#define HAVE_SYS_STAT_H 1
#define HAVE_STDLIB_H 1
#define HAVE_STRING_H 1
#define HAVE_MEMORY_H 1
#define HAVE_STRINGS_H 1
#define HAVE_INTTYPES_H 1
#define HAVE_STDINT_H 1
#define HAVE_UNISTD_H 1
#define HAVE_STDLIB_H 1
#define HAVE_STRING_H 1

configure: exit 0
