This file contains any messages produced by compilers while
running configure, to aid debugging if configure makes a mistake.

It was created by fnxmlparser configure 0.0.0.1, which was
generated by GNU Autoconf 2.61.  Invocation command line was

  $ ./configure --prefix=/home/yaoquan/opt/x86-usr

## --------- ##
## Platform. ##
## --------- ##

hostname = lenny505
uname -m = i686
uname -r = 2.6.26-2-686
uname -s = Linux
uname -v = #1 SMP Mon Aug 30 07:01:57 UTC 2010

/usr/bin/uname -p = unknown
/bin/uname -X     = unknown

/bin/arch              = unknown
/usr/bin/arch -k       = unknown
/usr/convex/getsysinfo = unknown
/usr/bin/hostinfo      = unknown
/bin/machine           = unknown
/usr/bin/oslevel       = unknown
/bin/universe          = unknown

PATH: /usr/local/bin
PATH: /usr/bin
PATH: /bin
PATH: /usr/games


## ----------- ##
## Core tests. ##
## ----------- ##

configure:1984: checking for a BSD-compatible install
configure:2040: result: /usr/bin/install -c
configure:2051: checking whether build environment is sane
configure:2094: result: yes
configure:2127: checking for gawk
configure:2157: result: no
configure:2127: checking for mawk
configure:2143: found /usr/bin/mawk
configure:2154: result: mawk
configure:2165: checking whether make sets $(MAKE)
configure:2186: result: yes
configure:2426: checking for g++
configure:2442: found /usr/bin/g++
configure:2453: result: g++
configure:2484: checking for C++ compiler version
configure:2491: g++ --version >&5
g++ (Debian 4.3.2-1.1) 4.3.2
Copyright (C) 2008 Free Software Foundation, Inc.
This is free software; see the source for copying conditions.  There is NO
warranty; not even for MERCHANTABILITY or FITNESS FOR A PARTICULAR PURPOSE.

configure:2494: $? = 0
configure:2501: g++ -v >&5
Using built-in specs.
Target: i486-linux-gnu
Configured with: ../src/configure -v --with-pkgversion='Debian 4.3.2-1.1' --with-bugurl=file:///usr/share/doc/gcc-4.3/README.Bugs --enable-languages=c,c++,fortran,objc,obj-c++ --prefix=/usr --enable-shared --with-system-zlib --libexecdir=/usr/lib --without-included-gettext --enable-threads=posix --enable-nls --with-gxx-include-dir=/usr/include/c++/4.3 --program-suffix=-4.3 --enable-clocale=gnu --enable-libstdcxx-debug --enable-objc-gc --enable-mpfr --enable-targets=all --enable-cld --enable-checking=release --build=i486-linux-gnu --host=i486-linux-gnu --target=i486-linux-gnu
Thread model: posix
gcc version 4.3.2 (Debian 4.3.2-1.1) 
configure:2504: $? = 0
configure:2511: g++ -V >&5
g++: '-V' option must have argument
configure:2514: $? = 1
configure:2537: checking for C++ compiler default output file name
configure:2564: g++    conftest.cpp  >&5
configure:2567: $? = 0
configure:2605: result: a.out
configure:2622: checking whether the C++ compiler works
configure:2632: ./a.out
configure:2635: $? = 0
configure:2652: result: yes
configure:2659: checking whether we are cross compiling
configure:2661: result: no
configure:2664: checking for suffix of executables
configure:2671: g++ -o conftest    conftest.cpp  >&5
configure:2674: $? = 0
configure:2698: result: 
configure:2704: checking for suffix of object files
configure:2730: g++ -c   conftest.cpp >&5
configure:2733: $? = 0
configure:2756: result: o
configure:2760: checking whether we are using the GNU C++ compiler
configure:2789: g++ -c   conftest.cpp >&5
configure:2795: $? = 0
configure:2812: result: yes
configure:2817: checking whether g++ accepts -g
configure:2847: g++ -c -g  conftest.cpp >&5
configure:2853: $? = 0
configure:2952: result: yes
configure:2986: checking for style of include used by make
configure:3014: result: GNU
configure:3042: checking dependency style of g++
configure:3125: result: gcc3
configure:3190: checking for gcc
configure:3206: found /usr/bin/gcc
configure:3217: result: gcc
configure:3455: checking for C compiler version
configure:3462: gcc --version >&5
gcc (GCC) 4.1.3 20080704 (prerelease) (Debian 4.1.2-25)
Copyright (C) 2006 Free Software Foundation, Inc.
This is free software; see the source for copying conditions.  There is NO
warranty; not even for MERCHANTABILITY or FITNESS FOR A PARTICULAR PURPOSE.

configure:3465: $? = 0
configure:3472: gcc -v >&5
Using built-in specs.
Target: i486-linux-gnu
Configured with: ../src/configure -v --enable-languages=c,c++ --prefix=/usr --enable-shared --with-system-zlib --libexecdir=/usr/lib --without-included-gettext --enable-threads=posix --enable-nls --with-gxx-include-dir=/usr/include/c++/4.1.3 --program-suffix=-4.1 --enable-__cxa_atexit --enable-clocale=gnu --enable-libstdcxx-debug --with-tune=generic --enable-checking=release i486-linux-gnu
Thread model: posix
gcc version 4.1.3 20080704 (prerelease) (Debian 4.1.2-25)
configure:3475: $? = 0
configure:3482: gcc -V >&5
gcc: '-V' option must have argument
configure:3485: $? = 1
configure:3488: checking whether we are using the GNU C compiler
configure:3517: gcc -c   conftest.c >&5
configure:3523: $? = 0
configure:3540: result: yes
configure:3545: checking whether gcc accepts -g
configure:3575: gcc -c -g  conftest.c >&5
configure:3581: $? = 0
configure:3680: result: yes
configure:3697: checking for gcc option to accept ISO C89
configure:3771: gcc  -c -g -O2  conftest.c >&5
configure:3777: $? = 0
configure:3800: result: none needed
configure:3820: checking dependency style of gcc
configure:3903: result: gcc3
configure:3925: checking for pthread_rwlock_init in -lpthread
configure:3960: gcc -o conftest -g -O2   conftest.c -lpthread   >&5
configure:3966: $? = 0
configure:3984: result: yes
configure:4076: checking build system type
configure:4094: result: i686-pc-linux-gnu
configure:4116: checking host system type
configure:4131: result: i686-pc-linux-gnu
configure:4153: checking for a sed that does not truncate output
configure:4209: result: /bin/sed
configure:4212: checking for grep that handles long lines and -e
configure:4286: result: /bin/grep
configure:4291: checking for egrep
configure:4369: result: /bin/grep -E
configure:4385: checking for ld used by gcc
configure:4452: result: /usr/bin/ld
configure:4461: checking if the linker (/usr/bin/ld) is GNU ld
configure:4476: result: yes
configure:4481: checking for /usr/bin/ld option to reload object files
configure:4488: result: -r
configure:4506: checking for BSD-compatible nm
configure:4555: result: /usr/bin/nm -B
configure:4559: checking whether ln -s works
configure:4563: result: yes
configure:4570: checking how to recognize dependent libraries
configure:4756: result: pass_all
configure:5000: checking how to run the C preprocessor
configure:5040: gcc -E  conftest.c
configure:5046: $? = 0
configure:5077: gcc -E  conftest.c
conftest.c:11:28: error: ac_nonexistent.h: No such file or directory
configure:5083: $? = 1
configure: failed program was:
| /* confdefs.h.  */
| #define PACKAGE_NAME "fnxmlparser"
| #define PACKAGE_TARNAME "fnxmlparser"
| #define PACKAGE_VERSION "0.0.0.1"
| #define PACKAGE_STRING "fnxmlparser 0.0.0.1"
| #define PACKAGE_BUGREPORT "wyqscnu@163.com"
| #define PACKAGE "fnxmlparser"
| #define VERSION "0.0.0.1"
| #define HAVE_LIBPTHREAD 1
| /* end confdefs.h.  */
| #include <ac_nonexistent.h>
configure:5116: result: gcc -E
configure:5145: gcc -E  conftest.c
configure:5151: $? = 0
configure:5182: gcc -E  conftest.c
conftest.c:11:28: error: ac_nonexistent.h: No such file or directory
configure:5188: $? = 1
configure: failed program was:
| /* confdefs.h.  */
| #define PACKAGE_NAME "fnxmlparser"
| #define PACKAGE_TARNAME "fnxmlparser"
| #define PACKAGE_VERSION "0.0.0.1"
| #define PACKAGE_STRING "fnxmlparser 0.0.0.1"
| #define PACKAGE_BUGREPORT "wyqscnu@163.com"
| #define PACKAGE "fnxmlparser"
| #define VERSION "0.0.0.1"
| #define HAVE_LIBPTHREAD 1
| /* end confdefs.h.  */
| #include <ac_nonexistent.h>
configure:5226: checking for ANSI C header files
configure:5256: gcc -c -g -O2  conftest.c >&5
configure:5262: $? = 0
configure:5361: gcc -o conftest -g -O2   conftest.c -lpthread  >&5
configure:5364: $? = 0
configure:5370: ./conftest
configure:5373: $? = 0
configure:5390: result: yes
configure:5414: checking for sys/types.h
configure:5435: gcc -c -g -O2  conftest.c >&5
configure:5441: $? = 0
configure:5457: result: yes
configure:5414: checking for sys/stat.h
configure:5435: gcc -c -g -O2  conftest.c >&5
configure:5441: $? = 0
configure:5457: result: yes
configure:5414: checking for stdlib.h
configure:5435: gcc -c -g -O2  conftest.c >&5
configure:5441: $? = 0
configure:5457: result: yes
configure:5414: checking for string.h
configure:5435: gcc -c -g -O2  conftest.c >&5
configure:5441: $? = 0
configure:5457: result: yes
configure:5414: checking for memory.h
configure:5435: gcc -c -g -O2  conftest.c >&5
configure:5441: $? = 0
configure:5457: result: yes
configure:5414: checking for strings.h
configure:5435: gcc -c -g -O2  conftest.c >&5
configure:5441: $? = 0
configure:5457: result: yes
configure:5414: checking for inttypes.h
configure:5435: gcc -c -g -O2  conftest.c >&5
configure:5441: $? = 0
configure:5457: result: yes
configure:5414: checking for stdint.h
configure:5435: gcc -c -g -O2  conftest.c >&5
configure:5441: $? = 0
configure:5457: result: yes
configure:5414: checking for unistd.h
configure:5435: gcc -c -g -O2  conftest.c >&5
configure:5441: $? = 0
configure:5457: result: yes
configure:5484: checking dlfcn.h usability
configure:5501: gcc -c -g -O2  conftest.c >&5
configure:5507: $? = 0
configure:5521: result: yes
configure:5525: checking dlfcn.h presence
configure:5540: gcc -E  conftest.c
configure:5546: $? = 0
configure:5560: result: yes
configure:5593: checking for dlfcn.h
configure:5601: result: yes
configure:5624: checking how to run the C++ preprocessor
configure:5660: g++ -E  conftest.cpp
configure:5666: $? = 0
configure:5697: g++ -E  conftest.cpp
conftest.cpp:22:28: error: ac_nonexistent.h: No such file or directory
configure:5703: $? = 1
configure: failed program was:
| /* confdefs.h.  */
| #define PACKAGE_NAME "fnxmlparser"
| #define PACKAGE_TARNAME "fnxmlparser"
| #define PACKAGE_VERSION "0.0.0.1"
| #define PACKAGE_STRING "fnxmlparser 0.0.0.1"
| #define PACKAGE_BUGREPORT "wyqscnu@163.com"
| #define PACKAGE "fnxmlparser"
| #define VERSION "0.0.0.1"
| #define HAVE_LIBPTHREAD 1
| #define STDC_HEADERS 1
| #define HAVE_SYS_TYPES_H 1
| #define HAVE_SYS_STAT_H 1
| #define HAVE_STDLIB_H 1
| #define HAVE_STRING_H 1
| #define HAVE_MEMORY_H 1
| #define HAVE_STRINGS_H 1
| #define HAVE_INTTYPES_H 1
| #define HAVE_STDINT_H 1
| #define HAVE_UNISTD_H 1
| #define HAVE_DLFCN_H 1
| /* end confdefs.h.  */
| #include <ac_nonexistent.h>
configure:5736: result: g++ -E
configure:5765: g++ -E  conftest.cpp
configure:5771: $? = 0
configure:5802: g++ -E  conftest.cpp
conftest.cpp:22:28: error: ac_nonexistent.h: No such file or directory
configure:5808: $? = 1
configure: failed program was:
| /* confdefs.h.  */
| #define PACKAGE_NAME "fnxmlparser"
| #define PACKAGE_TARNAME "fnxmlparser"
| #define PACKAGE_VERSION "0.0.0.1"
| #define PACKAGE_STRING "fnxmlparser 0.0.0.1"
| #define PACKAGE_BUGREPORT "wyqscnu@163.com"
| #define PACKAGE "fnxmlparser"
| #define VERSION "0.0.0.1"
| #define HAVE_LIBPTHREAD 1
| #define STDC_HEADERS 1
| #define HAVE_SYS_TYPES_H 1
| #define HAVE_SYS_STAT_H 1
| #define HAVE_STDLIB_H 1
| #define HAVE_STRING_H 1
| #define HAVE_MEMORY_H 1
| #define HAVE_STRINGS_H 1
| #define HAVE_INTTYPES_H 1
| #define HAVE_STDINT_H 1
| #define HAVE_UNISTD_H 1
| #define HAVE_DLFCN_H 1
| /* end confdefs.h.  */
| #include <ac_nonexistent.h>
configure:5901: checking for g77
configure:5931: result: no
configure:5901: checking for xlf
configure:5931: result: no
configure:5901: checking for f77
configure:5931: result: no
configure:5901: checking for frt
configure:5931: result: no
configure:5901: checking for pgf77
configure:5931: result: no
configure:5901: checking for cf77
configure:5931: result: no
configure:5901: checking for fort77
configure:5931: result: no
configure:5901: checking for fl32
configure:5931: result: no
configure:5901: checking for af77
configure:5931: result: no
configure:5901: checking for xlf90
configure:5931: result: no
configure:5901: checking for f90
configure:5931: result: no
configure:5901: checking for pgf90
configure:5931: result: no
configure:5901: checking for pghpf
configure:5931: result: no
configure:5901: checking for epcf90
configure:5931: result: no
configure:5901: checking for gfortran
configure:5931: result: no
configure:5901: checking for g95
configure:5931: result: no
configure:5901: checking for xlf95
configure:5931: result: no
configure:5901: checking for f95
configure:5931: result: no
configure:5901: checking for fort
configure:5931: result: no
configure:5901: checking for ifort
configure:5931: result: no
configure:5901: checking for ifc
configure:5931: result: no
configure:5901: checking for efc
configure:5931: result: no
configure:5901: checking for pgf95
configure:5931: result: no
configure:5901: checking for lf95
configure:5931: result: no
configure:5901: checking for ftn
configure:5931: result: no
configure:5958: checking for Fortran 77 compiler version
configure:5965:  --version >&5
./configure: line 5966: --version: command not found
configure:5968: $? = 127
configure:5975:  -v >&5
./configure: line 5976: -v: command not found
configure:5978: $? = 127
configure:5985:  -V >&5
./configure: line 5986: -V: command not found
configure:5988: $? = 127
configure:5996: checking whether we are using the GNU Fortran 77 compiler
configure:6015:  -c  conftest.F >&5
./configure: line 6016: -c: command not found
configure:6021: $? = 127
configure: failed program was:
|       program main
| #ifndef __GNUC__
|        choke me
| #endif
| 
|       end
configure:6038: result: no
configure:6044: checking whether  accepts -g
configure:6061:  -c -g conftest.f >&5
./configure: line 6062: -c: command not found
configure:6067: $? = 127
configure: failed program was:
|       program main
| 
|       end
configure:6083: result: no
configure:6112: checking the maximum length of command line arguments
configure:6224: result: 98304
configure:6236: checking command to parse /usr/bin/nm -B output from gcc object
configure:6341: gcc -c -g -O2  conftest.c >&5
configure:6344: $? = 0
configure:6348: /usr/bin/nm -B conftest.o \| sed -n -e 's/^.*[ 	]\([ABCDGIRSTW][ABCDGIRSTW]*\)[ 	][ 	]*\([_A-Za-z][_A-Za-z0-9]*\)$/\1 \2 \2/p' \> conftest.nm
configure:6351: $? = 0
configure:6403: gcc -o conftest -g -O2   conftest.c conftstm.o >&5
configure:6406: $? = 0
configure:6444: result: ok
configure:6448: checking for objdir
configure:6463: result: .libs
configure:6555: checking for ar
configure:6571: found /usr/bin/ar
configure:6582: result: ar
configure:6651: checking for ranlib
configure:6667: found /usr/bin/ranlib
configure:6678: result: ranlib
configure:6747: checking for strip
configure:6763: found /usr/bin/strip
configure:6774: result: strip
configure:7372: checking if gcc supports -fno-rtti -fno-exceptions
configure:7390: gcc -c -g -O2  -fno-rtti -fno-exceptions conftest.c >&5
cc1: warning: command line option "-fno-rtti" is valid for C++/ObjC++ but not for C
configure:7394: $? = 0
configure:7407: result: no
configure:7422: checking for gcc option to produce PIC
configure:7654: result: -fPIC
configure:7662: checking if gcc PIC flag -fPIC works
configure:7680: gcc -c -g -O2  -fPIC -DPIC conftest.c >&5
configure:7684: $? = 0
configure:7697: result: yes
configure:7725: checking if gcc static flag -static works
configure:7753: result: yes
configure:7763: checking if gcc supports -c -o file.o
configure:7784: gcc -c -g -O2  -o out/conftest2.o conftest.c >&5
configure:7788: $? = 0
configure:7810: result: yes
configure:7836: checking whether the gcc linker (/usr/bin/ld) supports shared libraries
configure:8817: result: yes
configure:8838: checking whether -lc should be explicitly linked in
configure:8843: gcc -c -g -O2  conftest.c >&5
configure:8846: $? = 0
configure:8861: gcc -shared conftest.o  -v -Wl,-soname -Wl,conftest -o conftest 2\>\&1 \| grep  -lc  \>/dev/null 2\>\&1
configure:8864: $? = 0
configure:8876: result: no
configure:8884: checking dynamic linker characteristics
configure:9498: result: GNU/Linux ld.so
configure:9522: checking how to hardcode library paths into programs
configure:9547: result: immediate
configure:9561: checking whether stripping libraries is possible
configure:9566: result: yes
configure:10368: checking if libtool supports shared libraries
configure:10370: result: yes
configure:10373: checking whether to build shared libraries
configure:10394: result: yes
configure:10397: checking whether to build static libraries
configure:10401: result: yes
configure:10495: creating libtool
configure:11088: checking for ld used by g++
configure:11155: result: /usr/bin/ld
configure:11164: checking if the linker (/usr/bin/ld) is GNU ld
configure:11179: result: yes
configure:11230: checking whether the g++ linker (/usr/bin/ld) supports shared libraries
configure:12176: result: yes
configure:12193: g++ -c -g -O2  conftest.cpp >&5
configure:12196: $? = 0
configure:12352: checking for g++ option to produce PIC
configure:12636: result: -fPIC
configure:12644: checking if g++ PIC flag -fPIC works
configure:12662: g++ -c -g -O2  -fPIC -DPIC conftest.cpp >&5
configure:12666: $? = 0
configure:12679: result: yes
configure:12707: checking if g++ static flag -static works
configure:12735: result: yes
configure:12745: checking if g++ supports -c -o file.o
configure:12766: g++ -c -g -O2  -o out/conftest2.o conftest.cpp >&5
configure:12770: $? = 0
configure:12792: result: yes
configure:12818: checking whether the g++ linker (/usr/bin/ld) supports shared libraries
configure:12847: result: yes
configure:12914: checking dynamic linker characteristics
configure:13476: result: GNU/Linux ld.so
configure:13500: checking how to hardcode library paths into programs
configure:13525: result: immediate
configure:19774: checking for ANSI C header files
configure:19938: result: yes
configure:19956: checking for stdlib.h
configure:19962: result: yes
configure:19956: checking for string.h
configure:19962: result: yes
configure:19966: checking sys/time.h usability
configure:19983: gcc -c -g -O2  conftest.c >&5
configure:19989: $? = 0
configure:20003: result: yes
configure:20007: checking sys/time.h presence
configure:20022: gcc -E  conftest.c
configure:20028: $? = 0
configure:20042: result: yes
configure:20075: checking for sys/time.h
configure:20083: result: yes
configure:19956: checking for unistd.h
configure:19962: result: yes
configure:20098: checking for an ANSI C-conforming const
configure:20173: gcc -c -g -O2  conftest.c >&5
configure:20179: $? = 0
configure:20194: result: yes
configure:20204: checking whether time.h and sys/time.h may both be included
configure:20234: gcc -c -g -O2  conftest.c >&5
configure:20240: $? = 0
configure:20255: result: yes
configure:20272: checking for gettimeofday
configure:20328: gcc -o conftest -g -O2   conftest.c -lpthread  >&5
configure:20334: $? = 0
configure:20352: result: yes
configure:20272: checking for memset
configure:20328: gcc -o conftest -g -O2   conftest.c -lpthread  >&5
conftest.c:52: warning: conflicting types for built-in function 'memset'
configure:20334: $? = 0
configure:20352: result: yes
configure:20368: fnxmlparser-0.0.0.1           A xmlparser library for telephony application.
configure:20385: LIBFNXMLPARSER_VER : "0.0.0.1"
configure:20438: checking for pkg-config
configure:20456: found /usr/bin/pkg-config
configure:20468: result: /usr/bin/pkg-config
configure:20497: checking pkg-config is at least version 0.9.0
configure:20500: result: yes
configure:20641: creating ./config.status

## ---------------------- ##
## Running config.status. ##
## ---------------------- ##

This file was extended by fnxmlparser config.status 0.0.0.1, which was
generated by GNU Autoconf 2.61.  Invocation command line was

  CONFIG_FILES    = 
  CONFIG_HEADERS  = 
  CONFIG_LINKS    = 
  CONFIG_COMMANDS = 
  $ ./config.status 

on lenny505

config.status:665: creating Makefile
config.status:665: creating fnxmlparser.pc
config.status:665: creating src/lib/Makefile
config.status:665: creating src/test/Makefile
config.status:665: creating config.h
config.status:895: config.h is unchanged
config.status:941: executing depfiles commands

## ---------------- ##
## Cache variables. ##
## ---------------- ##

ac_cv_build=i686-pc-linux-gnu
ac_cv_c_compiler_gnu=yes
ac_cv_c_const=yes
ac_cv_cxx_compiler_gnu=yes
ac_cv_env_CCC_set=
ac_cv_env_CCC_value=
ac_cv_env_CC_set=
ac_cv_env_CC_value=
ac_cv_env_CFLAGS_set=
ac_cv_env_CFLAGS_value=
ac_cv_env_CPPFLAGS_set=
ac_cv_env_CPPFLAGS_value=
ac_cv_env_CPP_set=
ac_cv_env_CPP_value=
ac_cv_env_CXXCPP_set=
ac_cv_env_CXXCPP_value=
ac_cv_env_CXXFLAGS_set=
ac_cv_env_CXXFLAGS_value=
ac_cv_env_CXX_set=
ac_cv_env_CXX_value=
ac_cv_env_F77_set=
ac_cv_env_F77_value=
ac_cv_env_FFLAGS_set=
ac_cv_env_FFLAGS_value=
ac_cv_env_LDFLAGS_set=
ac_cv_env_LDFLAGS_value=
ac_cv_env_LIBS_set=
ac_cv_env_LIBS_value=
ac_cv_env_PKG_CONFIG_set=
ac_cv_env_PKG_CONFIG_value=
ac_cv_env_build_alias_set=
ac_cv_env_build_alias_value=
ac_cv_env_host_alias_set=
ac_cv_env_host_alias_value=
ac_cv_env_target_alias_set=
ac_cv_env_target_alias_value=
ac_cv_f77_compiler_gnu=no
ac_cv_func_gettimeofday=yes
ac_cv_func_memset=yes
ac_cv_header_dlfcn_h=yes
ac_cv_header_inttypes_h=yes
ac_cv_header_memory_h=yes
ac_cv_header_stdc=yes
ac_cv_header_stdint_h=yes
ac_cv_header_stdlib_h=yes
ac_cv_header_string_h=yes
ac_cv_header_strings_h=yes
ac_cv_header_sys_stat_h=yes
ac_cv_header_sys_time_h=yes
ac_cv_header_sys_types_h=yes
ac_cv_header_time=yes
ac_cv_header_unistd_h=yes
ac_cv_host=i686-pc-linux-gnu
ac_cv_lib_pthread_pthread_rwlock_init=yes
ac_cv_objext=o
ac_cv_path_EGREP='/bin/grep -E'
ac_cv_path_GREP=/bin/grep
ac_cv_path_ac_pt_PKG_CONFIG=/usr/bin/pkg-config
ac_cv_path_install='/usr/bin/install -c'
ac_cv_prog_AWK=mawk
ac_cv_prog_CPP='gcc -E'
ac_cv_prog_CXXCPP='g++ -E'
ac_cv_prog_ac_ct_AR=ar
ac_cv_prog_ac_ct_CC=gcc
ac_cv_prog_ac_ct_CXX=g++
ac_cv_prog_ac_ct_RANLIB=ranlib
ac_cv_prog_ac_ct_STRIP=strip
ac_cv_prog_cc_c89=
ac_cv_prog_cc_g=yes
ac_cv_prog_cxx_g=yes
ac_cv_prog_f77_g=no
ac_cv_prog_make_make_set=yes
am_cv_CC_dependencies_compiler_type=gcc3
am_cv_CXX_dependencies_compiler_type=gcc3
lt_cv_deplibs_check_method=pass_all
lt_cv_file_magic_cmd='$MAGIC_CMD'
lt_cv_file_magic_test_file=
lt_cv_ld_reload_flag=-r
lt_cv_objdir=.libs
lt_cv_path_LD=/usr/bin/ld
lt_cv_path_LDCXX=/usr/bin/ld
lt_cv_path_NM='/usr/bin/nm -B'
lt_cv_path_SED=/bin/sed
lt_cv_prog_compiler_c_o=yes
lt_cv_prog_compiler_c_o_CXX=yes
lt_cv_prog_compiler_pic_works=yes
lt_cv_prog_compiler_pic_works_CXX=yes
lt_cv_prog_compiler_rtti_exceptions=no
lt_cv_prog_compiler_static_works=yes
lt_cv_prog_compiler_static_works_CXX=yes
lt_cv_prog_gnu_ld=yes
lt_cv_prog_gnu_ldcxx=yes
lt_cv_sys_global_symbol_pipe='sed -n -e '\''s/^.*[ 	]\([ABCDGIRSTW][ABCDGIRSTW]*\)[ 	][ 	]*\([_A-Za-z][_A-Za-z0-9]*\)$/\1 \2 \2/p'\'''
lt_cv_sys_global_symbol_to_c_name_address='sed -n -e '\''s/^: \([^ ]*\) $/  {\"\1\", (lt_ptr) 0},/p'\'' -e '\''s/^[BCDEGRST] \([^ ]*\) \([^ ]*\)$/  {"\2", (lt_ptr) \&\2},/p'\'''
lt_cv_sys_global_symbol_to_cdecl='sed -n -e '\''s/^. .* \(.*\)$/extern int \1;/p'\'''
lt_cv_sys_lib_dlsearch_path_spec='/lib /usr/lib /lib/i486-linux-gnu /usr/lib/i486-linux-gnu /usr/local/lib '
lt_cv_sys_lib_search_path_spec='/usr/lib/gcc/i486-linux-gnu/4.1.3 /usr/lib /lib'
lt_cv_sys_max_cmd_len=98304
lt_lt_cv_prog_compiler_c_o='"yes"'
lt_lt_cv_prog_compiler_c_o_CXX='"yes"'
lt_lt_cv_sys_global_symbol_pipe='"sed -n -e '\''s/^.*[ 	]\\([ABCDGIRSTW][ABCDGIRSTW]*\\)[ 	][ 	]*\\([_A-Za-z][_A-Za-z0-9]*\\)\$/\\1 \\2 \\2/p'\''"'
lt_lt_cv_sys_global_symbol_to_c_name_address='"sed -n -e '\''s/^: \\([^ ]*\\) \$/  {\\\"\\1\\\", (lt_ptr) 0},/p'\'' -e '\''s/^[BCDEGRST] \\([^ ]*\\) \\([^ ]*\\)\$/  {\"\\2\", (lt_ptr) \\&\\2},/p'\''"'
lt_lt_cv_sys_global_symbol_to_cdecl='"sed -n -e '\''s/^. .* \\(.*\\)\$/extern int \\1;/p'\''"'

## ----------------- ##
## Output variables. ##
## ----------------- ##

ACLOCAL='${SHELL} /home/yaoquan/prj/fnXmlparser/missing --run aclocal-1.7'
AMDEPBACKSLASH='\'
AMDEP_FALSE='#'
AMDEP_TRUE=''
AMTAR='${SHELL} /home/yaoquan/prj/fnXmlparser/missing --run tar'
AR='ar'
AUTOCONF='${SHELL} /home/yaoquan/prj/fnXmlparser/missing --run autoconf'
AUTOHEADER='${SHELL} /home/yaoquan/prj/fnXmlparser/missing --run autoheader'
AUTOMAKE='${SHELL} /home/yaoquan/prj/fnXmlparser/missing --run automake-1.7'
AWK='mawk'
CC='gcc'
CCDEPMODE='depmode=gcc3'
CFLAGS='-g -O2'
CPP='gcc -E'
CPPFLAGS=''
CXX='g++'
CXXCPP='g++ -E'
CXXDEPMODE='depmode=gcc3'
CXXFLAGS='-g -O2'
CYGPATH_W='echo'
DEFS='-DHAVE_CONFIG_H'
DEPDIR='.deps'
DSYMUTIL=''
ECHO='echo'
ECHO_C=''
ECHO_N='-n'
ECHO_T=''
EGREP='/bin/grep -E'
EXEEXT=''
F77=''
FFLAGS=''
GREP='/bin/grep'
INSTALL_DATA='${INSTALL} -m 644'
INSTALL_PROGRAM='${INSTALL}'
INSTALL_SCRIPT='${INSTALL}'
INSTALL_STRIP_PROGRAM='${SHELL} $(install_sh) -c -s'
LDFLAGS=''
LIBFNXMLPARSER_SO_VERSION='0:0:0'
LIBFNXMLPARSER_VERSION='0.0.0.1'
LIBOBJS=''
LIBS='-lpthread '
LIBTOOL='$(SHELL) $(top_builddir)/libtool'
LN_S='ln -s'
LTLIBOBJS=''
MAKEINFO='${SHELL} /home/yaoquan/prj/fnXmlparser/missing --run makeinfo'
NMEDIT=''
OBJEXT='o'
PACKAGE='fnxmlparser'
PACKAGE_BUGREPORT='wyqscnu@163.com'
PACKAGE_NAME='fnxmlparser'
PACKAGE_STRING='fnxmlparser 0.0.0.1'
PACKAGE_TARNAME='fnxmlparser'
PACKAGE_VERSION='0.0.0.1'
PATH_SEPARATOR=':'
PKG_CONFIG='/usr/bin/pkg-config'
RANLIB='ranlib'
SED='/bin/sed'
SET_MAKE=''
SHELL='/bin/sh'
STRIP='strip'
VERSION='0.0.0.1'
ac_ct_CC='gcc'
ac_ct_CXX='g++'
ac_ct_F77=''
am__fastdepCC_FALSE='#'
am__fastdepCC_TRUE=''
am__fastdepCXX_FALSE='#'
am__fastdepCXX_TRUE=''
am__include='include'
am__leading_dot='.'
am__quote=''
bindir='${exec_prefix}/bin'
build='i686-pc-linux-gnu'
build_alias=''
build_cpu='i686'
build_os='linux-gnu'
build_vendor='pc'
datadir='${datarootdir}'
datarootdir='${prefix}/share'
docdir='${datarootdir}/doc/${PACKAGE_TARNAME}'
dvidir='${docdir}'
exec_prefix='${prefix}'
host='i686-pc-linux-gnu'
host_alias=''
host_cpu='i686'
host_os='linux-gnu'
host_vendor='pc'
htmldir='${docdir}'
includedir='${prefix}/include'
infodir='${datarootdir}/info'
install_sh='/home/yaoquan/prj/fnXmlparser/install-sh'
libdir='${exec_prefix}/lib'
libexecdir='${exec_prefix}/libexec'
localedir='${datarootdir}/locale'
localstatedir='${prefix}/var'
mandir='${datarootdir}/man'
oldincludedir='/usr/include'
pdfdir='${docdir}'
prefix='/home/yaoquan/opt/x86-usr'
program_transform_name='s,x,x,'
psdir='${docdir}'
sbindir='${exec_prefix}/sbin'
sharedstatedir='${prefix}/com'
sysconfdir='${prefix}/etc'
target_alias=''

## ----------- ##
## confdefs.h. ##
## ----------- ##

#define PACKAGE_NAME "fnxmlparser"
#define PACKAGE_TARNAME "fnxmlparser"
#define PACKAGE_VERSION "0.0.0.1"
#define PACKAGE_STRING "fnxmlparser 0.0.0.1"
#define PACKAGE_BUGREPORT "wyqscnu@163.com"
#define PACKAGE "fnxmlparser"
#define VERSION "0.0.0.1"
#define HAVE_LIBPTHREAD 1
#define STDC_HEADERS 1
#define HAVE_SYS_TYPES_H 1
#define HAVE_SYS_STAT_H 1
#define HAVE_STDLIB_H 1
#define HAVE_STRING_H 1
#define HAVE_MEMORY_H 1
#define HAVE_STRINGS_H 1
#define HAVE_INTTYPES_H 1
#define HAVE_STDINT_H 1
#define HAVE_UNISTD_H 1
#define HAVE_DLFCN_H 1
#define STDC_HEADERS 1
#define HAVE_STDLIB_H 1
#define HAVE_STRING_H 1
#define HAVE_SYS_TIME_H 1
#define HAVE_UNISTD_H 1
#define TIME_WITH_SYS_TIME 1
#define HAVE_GETTIMEOFDAY 1
#define HAVE_MEMSET 1

configure: exit 0

## ---------------------- ##
## Running config.status. ##
## ---------------------- ##

This file was extended by fnxmlparser config.status 0.0.0.1, which was
generated by GNU Autoconf 2.61.  Invocation command line was

  CONFIG_FILES    = 
  CONFIG_HEADERS  = 
  CONFIG_LINKS    = 
  CONFIG_COMMANDS = 
  $ ./config.status config.h

on lenny505

config.status:665: creating config.h
config.status:895: config.h is unchanged
