This file contains any messages produced by compilers while
running configure, to aid debugging if configure makes a mistake.

It was created by libfnAdvertisemenSkin configure 0.1.0, which was
generated by GNU Autoconf 2.61.  Invocation command line was

  $ ./configure --prefix=/home/yaoquan/opt/x86-usr --with-PACKAGE

## --------- ##
## Platform. ##
## --------- ##

hostname = lenny505
uname -m = i686
uname -r = 2.6.26-2-686
uname -s = Linux
uname -v = #1 SMP Mon Jun 21 05:58:44 UTC 2010

/usr/bin/uname -p = unknown
/bin/uname -X     = unknown

/bin/arch              = unknown
/usr/bin/arch -k       = unknown
/usr/convex/getsysinfo = unknown
/usr/bin/hostinfo      = unknown
/bin/machine           = unknown
/usr/bin/oslevel       = unknown
/bin/universe          = unknown

PATH: /usr/local/bin
PATH: /usr/bin
PATH: /bin
PATH: /usr/games


## ----------- ##
## Core tests. ##
## ----------- ##

configure:2001: checking for a BSD-compatible install
configure:2057: result: /usr/bin/install -c
configure:2068: checking whether build environment is sane
configure:2111: result: yes
configure:2139: checking for a thread-safe mkdir -p
configure:2178: result: /bin/mkdir -p
configure:2191: checking for gawk
configure:2221: result: no
configure:2191: checking for mawk
configure:2207: found /usr/bin/mawk
configure:2218: result: mawk
configure:2229: checking whether make sets $(MAKE)
configure:2250: result: yes
configure:2498: checking for g++
configure:2514: found /usr/bin/g++
configure:2525: result: g++
configure:2556: checking for C++ compiler version
configure:2563: g++ --version >&5
g++ (Debian 4.3.2-1.1) 4.3.2
Copyright (C) 2008 Free Software Foundation, Inc.
This is free software; see the source for copying conditions.  There is NO
warranty; not even for MERCHANTABILITY or FITNESS FOR A PARTICULAR PURPOSE.

configure:2566: $? = 0
configure:2573: g++ -v >&5
Using built-in specs.
Target: i486-linux-gnu
Configured with: ../src/configure -v --with-pkgversion='Debian 4.3.2-1.1' --with-bugurl=file:///usr/share/doc/gcc-4.3/README.Bugs --enable-languages=c,c++,fortran,objc,obj-c++ --prefix=/usr --enable-shared --with-system-zlib --libexecdir=/usr/lib --without-included-gettext --enable-threads=posix --enable-nls --with-gxx-include-dir=/usr/include/c++/4.3 --program-suffix=-4.3 --enable-clocale=gnu --enable-libstdcxx-debug --enable-objc-gc --enable-mpfr --enable-targets=all --enable-cld --enable-checking=release --build=i486-linux-gnu --host=i486-linux-gnu --target=i486-linux-gnu
Thread model: posix
gcc version 4.3.2 (Debian 4.3.2-1.1) 
configure:2576: $? = 0
configure:2583: g++ -V >&5
g++: '-V' option must have argument
configure:2586: $? = 1
configure:2609: checking for C++ compiler default output file name
configure:2636: g++    conftest.cpp  >&5
configure:2639: $? = 0
configure:2677: result: a.out
configure:2694: checking whether the C++ compiler works
configure:2704: ./a.out
configure:2707: $? = 0
configure:2724: result: yes
configure:2731: checking whether we are cross compiling
configure:2733: result: no
configure:2736: checking for suffix of executables
configure:2743: g++ -o conftest    conftest.cpp  >&5
configure:2746: $? = 0
configure:2770: result: 
configure:2776: checking for suffix of object files
configure:2802: g++ -c   conftest.cpp >&5
configure:2805: $? = 0
configure:2828: result: o
configure:2832: checking whether we are using the GNU C++ compiler
configure:2861: g++ -c   conftest.cpp >&5
configure:2867: $? = 0
configure:2884: result: yes
configure:2889: checking whether g++ accepts -g
configure:2919: g++ -c -g  conftest.cpp >&5
configure:2925: $? = 0
configure:3024: result: yes
configure:3058: checking for style of include used by make
configure:3086: result: GNU
configure:3111: checking dependency style of g++
configure:3202: result: gcc3
configure:3266: checking for gcc
configure:3282: found /usr/bin/gcc
configure:3293: result: gcc
configure:3531: checking for C compiler version
configure:3538: gcc --version >&5
gcc (GCC) 4.1.3 20080704 (prerelease) (Debian 4.1.2-25)
Copyright (C) 2006 Free Software Foundation, Inc.
This is free software; see the source for copying conditions.  There is NO
warranty; not even for MERCHANTABILITY or FITNESS FOR A PARTICULAR PURPOSE.

configure:3541: $? = 0
configure:3548: gcc -v >&5
Using built-in specs.
Target: i486-linux-gnu
Configured with: ../src/configure -v --enable-languages=c,c++ --prefix=/usr --enable-shared --with-system-zlib --libexecdir=/usr/lib --without-included-gettext --enable-threads=posix --enable-nls --with-gxx-include-dir=/usr/include/c++/4.1.3 --program-suffix=-4.1 --enable-__cxa_atexit --enable-clocale=gnu --enable-libstdcxx-debug --with-tune=generic --enable-checking=release i486-linux-gnu
Thread model: posix
gcc version 4.1.3 20080704 (prerelease) (Debian 4.1.2-25)
configure:3551: $? = 0
configure:3558: gcc -V >&5
gcc: '-V' option must have argument
configure:3561: $? = 1
configure:3564: checking whether we are using the GNU C compiler
configure:3593: gcc -c   conftest.c >&5
configure:3599: $? = 0
configure:3616: result: yes
configure:3621: checking whether gcc accepts -g
configure:3651: gcc -c -g  conftest.c >&5
configure:3657: $? = 0
configure:3756: result: yes
configure:3773: checking for gcc option to accept ISO C89
configure:3847: gcc  -c -g -O2  conftest.c >&5
configure:3853: $? = 0
configure:3876: result: none needed
configure:3896: checking dependency style of gcc
configure:3987: result: gcc3
configure:4004: checking for pthread_rwlock_init in -lpthread
configure:4039: gcc -o conftest -g -O2   conftest.c -lpthread   >&5
configure:4045: $? = 0
configure:4063: result: yes
configure:4154: checking build system type
configure:4172: result: i686-pc-linux-gnu
configure:4194: checking host system type
configure:4209: result: i686-pc-linux-gnu
configure:4231: checking for a sed that does not truncate output
configure:4287: result: /bin/sed
configure:4290: checking for grep that handles long lines and -e
configure:4364: result: /bin/grep
configure:4369: checking for egrep
configure:4447: result: /bin/grep -E
configure:4463: checking for ld used by gcc
configure:4530: result: /usr/bin/ld
configure:4539: checking if the linker (/usr/bin/ld) is GNU ld
configure:4554: result: yes
configure:4559: checking for /usr/bin/ld option to reload object files
configure:4566: result: -r
configure:4584: checking for BSD-compatible nm
configure:4633: result: /usr/bin/nm -B
configure:4637: checking whether ln -s works
configure:4641: result: yes
configure:4648: checking how to recognize dependent libraries
configure:4834: result: pass_all
configure:5078: checking how to run the C preprocessor
configure:5118: gcc -E  conftest.c
configure:5124: $? = 0
configure:5155: gcc -E  conftest.c
conftest.c:11:28: error: ac_nonexistent.h: No such file or directory
configure:5161: $? = 1
configure: failed program was:
| /* confdefs.h.  */
| #define PACKAGE_NAME "libfnAdvertisemenSkin"
| #define PACKAGE_TARNAME "libfnadvertisemenskin"
| #define PACKAGE_VERSION "0.1.0"
| #define PACKAGE_STRING "libfnAdvertisemenSkin 0.1.0"
| #define PACKAGE_BUGREPORT "wyqscnu@163.com"
| #define PACKAGE "libfnAdvertisemenSkin"
| #define VERSION "1.0"
| #define HAVE_LIBPTHREAD 1
| /* end confdefs.h.  */
| #include <ac_nonexistent.h>
configure:5194: result: gcc -E
configure:5223: gcc -E  conftest.c
configure:5229: $? = 0
configure:5260: gcc -E  conftest.c
conftest.c:11:28: error: ac_nonexistent.h: No such file or directory
configure:5266: $? = 1
configure: failed program was:
| /* confdefs.h.  */
| #define PACKAGE_NAME "libfnAdvertisemenSkin"
| #define PACKAGE_TARNAME "libfnadvertisemenskin"
| #define PACKAGE_VERSION "0.1.0"
| #define PACKAGE_STRING "libfnAdvertisemenSkin 0.1.0"
| #define PACKAGE_BUGREPORT "wyqscnu@163.com"
| #define PACKAGE "libfnAdvertisemenSkin"
| #define VERSION "1.0"
| #define HAVE_LIBPTHREAD 1
| /* end confdefs.h.  */
| #include <ac_nonexistent.h>
configure:5304: checking for ANSI C header files
configure:5334: gcc -c -g -O2  conftest.c >&5
configure:5340: $? = 0
configure:5439: gcc -o conftest -g -O2   conftest.c -lpthread  >&5
configure:5442: $? = 0
configure:5448: ./conftest
configure:5451: $? = 0
configure:5468: result: yes
configure:5492: checking for sys/types.h
configure:5513: gcc -c -g -O2  conftest.c >&5
configure:5519: $? = 0
configure:5535: result: yes
configure:5492: checking for sys/stat.h
configure:5513: gcc -c -g -O2  conftest.c >&5
configure:5519: $? = 0
configure:5535: result: yes
configure:5492: checking for stdlib.h
configure:5513: gcc -c -g -O2  conftest.c >&5
configure:5519: $? = 0
configure:5535: result: yes
configure:5492: checking for string.h
configure:5513: gcc -c -g -O2  conftest.c >&5
configure:5519: $? = 0
configure:5535: result: yes
configure:5492: checking for memory.h
configure:5513: gcc -c -g -O2  conftest.c >&5
configure:5519: $? = 0
configure:5535: result: yes
configure:5492: checking for strings.h
configure:5513: gcc -c -g -O2  conftest.c >&5
configure:5519: $? = 0
configure:5535: result: yes
configure:5492: checking for inttypes.h
configure:5513: gcc -c -g -O2  conftest.c >&5
configure:5519: $? = 0
configure:5535: result: yes
configure:5492: checking for stdint.h
configure:5513: gcc -c -g -O2  conftest.c >&5
configure:5519: $? = 0
configure:5535: result: yes
configure:5492: checking for unistd.h
configure:5513: gcc -c -g -O2  conftest.c >&5
configure:5519: $? = 0
configure:5535: result: yes
configure:5562: checking dlfcn.h usability
configure:5579: gcc -c -g -O2  conftest.c >&5
configure:5585: $? = 0
configure:5599: result: yes
configure:5603: checking dlfcn.h presence
configure:5618: gcc -E  conftest.c
configure:5624: $? = 0
configure:5638: result: yes
configure:5671: checking for dlfcn.h
configure:5679: result: yes
configure:5702: checking how to run the C++ preprocessor
configure:5738: g++ -E  conftest.cpp
configure:5744: $? = 0
configure:5775: g++ -E  conftest.cpp
conftest.cpp:22:28: error: ac_nonexistent.h: No such file or directory
configure:5781: $? = 1
configure: failed program was:
| /* confdefs.h.  */
| #define PACKAGE_NAME "libfnAdvertisemenSkin"
| #define PACKAGE_TARNAME "libfnadvertisemenskin"
| #define PACKAGE_VERSION "0.1.0"
| #define PACKAGE_STRING "libfnAdvertisemenSkin 0.1.0"
| #define PACKAGE_BUGREPORT "wyqscnu@163.com"
| #define PACKAGE "libfnAdvertisemenSkin"
| #define VERSION "1.0"
| #define HAVE_LIBPTHREAD 1
| #define STDC_HEADERS 1
| #define HAVE_SYS_TYPES_H 1
| #define HAVE_SYS_STAT_H 1
| #define HAVE_STDLIB_H 1
| #define HAVE_STRING_H 1
| #define HAVE_MEMORY_H 1
| #define HAVE_STRINGS_H 1
| #define HAVE_INTTYPES_H 1
| #define HAVE_STDINT_H 1
| #define HAVE_UNISTD_H 1
| #define HAVE_DLFCN_H 1
| /* end confdefs.h.  */
| #include <ac_nonexistent.h>
configure:5814: result: g++ -E
configure:5843: g++ -E  conftest.cpp
configure:5849: $? = 0
configure:5880: g++ -E  conftest.cpp
conftest.cpp:22:28: error: ac_nonexistent.h: No such file or directory
configure:5886: $? = 1
configure: failed program was:
| /* confdefs.h.  */
| #define PACKAGE_NAME "libfnAdvertisemenSkin"
| #define PACKAGE_TARNAME "libfnadvertisemenskin"
| #define PACKAGE_VERSION "0.1.0"
| #define PACKAGE_STRING "libfnAdvertisemenSkin 0.1.0"
| #define PACKAGE_BUGREPORT "wyqscnu@163.com"
| #define PACKAGE "libfnAdvertisemenSkin"
| #define VERSION "1.0"
| #define HAVE_LIBPTHREAD 1
| #define STDC_HEADERS 1
| #define HAVE_SYS_TYPES_H 1
| #define HAVE_SYS_STAT_H 1
| #define HAVE_STDLIB_H 1
| #define HAVE_STRING_H 1
| #define HAVE_MEMORY_H 1
| #define HAVE_STRINGS_H 1
| #define HAVE_INTTYPES_H 1
| #define HAVE_STDINT_H 1
| #define HAVE_UNISTD_H 1
| #define HAVE_DLFCN_H 1
| /* end confdefs.h.  */
| #include <ac_nonexistent.h>
configure:5979: checking for g77
configure:6009: result: no
configure:5979: checking for xlf
configure:6009: result: no
configure:5979: checking for f77
configure:6009: result: no
configure:5979: checking for frt
configure:6009: result: no
configure:5979: checking for pgf77
configure:6009: result: no
configure:5979: checking for cf77
configure:6009: result: no
configure:5979: checking for fort77
configure:6009: result: no
configure:5979: checking for fl32
configure:6009: result: no
configure:5979: checking for af77
configure:6009: result: no
configure:5979: checking for xlf90
configure:6009: result: no
configure:5979: checking for f90
configure:6009: result: no
configure:5979: checking for pgf90
configure:6009: result: no
configure:5979: checking for pghpf
configure:6009: result: no
configure:5979: checking for epcf90
configure:6009: result: no
configure:5979: checking for gfortran
configure:6009: result: no
configure:5979: checking for g95
configure:6009: result: no
configure:5979: checking for xlf95
configure:6009: result: no
configure:5979: checking for f95
configure:6009: result: no
configure:5979: checking for fort
configure:6009: result: no
configure:5979: checking for ifort
configure:6009: result: no
configure:5979: checking for ifc
configure:6009: result: no
configure:5979: checking for efc
configure:6009: result: no
configure:5979: checking for pgf95
configure:6009: result: no
configure:5979: checking for lf95
configure:6009: result: no
configure:5979: checking for ftn
configure:6009: result: no
configure:6036: checking for Fortran 77 compiler version
configure:6043:  --version >&5
./configure: line 6044: --version: command not found
configure:6046: $? = 127
configure:6053:  -v >&5
./configure: line 6054: -v: command not found
configure:6056: $? = 127
configure:6063:  -V >&5
./configure: line 6064: -V: command not found
configure:6066: $? = 127
configure:6074: checking whether we are using the GNU Fortran 77 compiler
configure:6093:  -c  conftest.F >&5
./configure: line 6094: -c: command not found
configure:6099: $? = 127
configure: failed program was:
|       program main
| #ifndef __GNUC__
|        choke me
| #endif
| 
|       end
configure:6116: result: no
configure:6122: checking whether  accepts -g
configure:6139:  -c -g conftest.f >&5
./configure: line 6140: -c: command not found
configure:6145: $? = 127
configure: failed program was:
|       program main
| 
|       end
configure:6161: result: no
configure:6190: checking the maximum length of command line arguments
configure:6302: result: 98304
configure:6314: checking command to parse /usr/bin/nm -B output from gcc object
configure:6419: gcc -c -g -O2  conftest.c >&5
configure:6422: $? = 0
configure:6426: /usr/bin/nm -B conftest.o \| sed -n -e 's/^.*[ 	]\([ABCDGIRSTW][ABCDGIRSTW]*\)[ 	][ 	]*\([_A-Za-z][_A-Za-z0-9]*\)$/\1 \2 \2/p' \> conftest.nm
configure:6429: $? = 0
configure:6481: gcc -o conftest -g -O2   conftest.c conftstm.o >&5
configure:6484: $? = 0
configure:6522: result: ok
configure:6526: checking for objdir
configure:6541: result: .libs
configure:6633: checking for ar
configure:6649: found /usr/bin/ar
configure:6660: result: ar
configure:6729: checking for ranlib
configure:6745: found /usr/bin/ranlib
configure:6756: result: ranlib
configure:6825: checking for strip
configure:6841: found /usr/bin/strip
configure:6852: result: strip
configure:7450: checking if gcc supports -fno-rtti -fno-exceptions
configure:7468: gcc -c -g -O2  -fno-rtti -fno-exceptions conftest.c >&5
cc1: warning: command line option "-fno-rtti" is valid for C++/ObjC++ but not for C
configure:7472: $? = 0
configure:7485: result: no
configure:7500: checking for gcc option to produce PIC
configure:7732: result: -fPIC
configure:7740: checking if gcc PIC flag -fPIC works
configure:7758: gcc -c -g -O2  -fPIC -DPIC conftest.c >&5
configure:7762: $? = 0
configure:7775: result: yes
configure:7803: checking if gcc static flag -static works
configure:7831: result: yes
configure:7841: checking if gcc supports -c -o file.o
configure:7862: gcc -c -g -O2  -o out/conftest2.o conftest.c >&5
configure:7866: $? = 0
configure:7888: result: yes
configure:7914: checking whether the gcc linker (/usr/bin/ld) supports shared libraries
configure:8895: result: yes
configure:8916: checking whether -lc should be explicitly linked in
configure:8921: gcc -c -g -O2  conftest.c >&5
configure:8924: $? = 0
configure:8939: gcc -shared conftest.o  -v -Wl,-soname -Wl,conftest -o conftest 2\>\&1 \| grep  -lc  \>/dev/null 2\>\&1
configure:8942: $? = 0
configure:8954: result: no
configure:8962: checking dynamic linker characteristics
configure:9576: result: GNU/Linux ld.so
configure:9600: checking how to hardcode library paths into programs
configure:9625: result: immediate
configure:9639: checking whether stripping libraries is possible
configure:9644: result: yes
configure:10446: checking if libtool supports shared libraries
configure:10448: result: yes
configure:10451: checking whether to build shared libraries
configure:10472: result: yes
configure:10475: checking whether to build static libraries
configure:10479: result: yes
configure:10573: creating libtool
configure:11166: checking for ld used by g++
configure:11233: result: /usr/bin/ld
configure:11242: checking if the linker (/usr/bin/ld) is GNU ld
configure:11257: result: yes
configure:11308: checking whether the g++ linker (/usr/bin/ld) supports shared libraries
configure:12254: result: yes
configure:12271: g++ -c -g -O2  conftest.cpp >&5
configure:12274: $? = 0
configure:12430: checking for g++ option to produce PIC
configure:12714: result: -fPIC
configure:12722: checking if g++ PIC flag -fPIC works
configure:12740: g++ -c -g -O2  -fPIC -DPIC conftest.cpp >&5
configure:12744: $? = 0
configure:12757: result: yes
configure:12785: checking if g++ static flag -static works
configure:12813: result: yes
configure:12823: checking if g++ supports -c -o file.o
configure:12844: g++ -c -g -O2  -o out/conftest2.o conftest.cpp >&5
configure:12848: $? = 0
configure:12870: result: yes
configure:12896: checking whether the g++ linker (/usr/bin/ld) supports shared libraries
configure:12925: result: yes
configure:12992: checking dynamic linker characteristics
configure:13554: result: GNU/Linux ld.so
configure:13578: checking how to hardcode library paths into programs
configure:13603: result: immediate
configure:19860: checking for dirent.h that defines DIR
configure:19889: gcc -c -g -O2  conftest.c >&5
configure:19895: $? = 0
configure:19911: result: yes
configure:19924: checking for library containing opendir
configure:19965: gcc -o conftest -g -O2   conftest.c -lpthread  >&5
configure:19971: $? = 0
configure:19999: result: none required
configure:20093: checking for ANSI C header files
configure:20257: result: yes
configure:20291: checking arpa/inet.h usability
configure:20308: gcc -c -g -O2  conftest.c >&5
configure:20314: $? = 0
configure:20328: result: yes
configure:20332: checking arpa/inet.h presence
configure:20347: gcc -E  conftest.c
configure:20353: $? = 0
configure:20367: result: yes
configure:20400: checking for arpa/inet.h
configure:20408: result: yes
configure:20291: checking fcntl.h usability
configure:20308: gcc -c -g -O2  conftest.c >&5
configure:20314: $? = 0
configure:20328: result: yes
configure:20332: checking fcntl.h presence
configure:20347: gcc -E  conftest.c
configure:20353: $? = 0
configure:20367: result: yes
configure:20400: checking for fcntl.h
configure:20408: result: yes
configure:20291: checking netinet/in.h usability
configure:20308: gcc -c -g -O2  conftest.c >&5
configure:20314: $? = 0
configure:20328: result: yes
configure:20332: checking netinet/in.h presence
configure:20347: gcc -E  conftest.c
configure:20353: $? = 0
configure:20367: result: yes
configure:20400: checking for netinet/in.h
configure:20408: result: yes
configure:20281: checking for stdlib.h
configure:20287: result: yes
configure:20281: checking for string.h
configure:20287: result: yes
configure:20291: checking sys/ioctl.h usability
configure:20308: gcc -c -g -O2  conftest.c >&5
configure:20314: $? = 0
configure:20328: result: yes
configure:20332: checking sys/ioctl.h presence
configure:20347: gcc -E  conftest.c
configure:20353: $? = 0
configure:20367: result: yes
configure:20400: checking for sys/ioctl.h
configure:20408: result: yes
configure:20291: checking sys/param.h usability
configure:20308: gcc -c -g -O2  conftest.c >&5
configure:20314: $? = 0
configure:20328: result: yes
configure:20332: checking sys/param.h presence
configure:20347: gcc -E  conftest.c
configure:20353: $? = 0
configure:20367: result: yes
configure:20400: checking for sys/param.h
configure:20408: result: yes
configure:20291: checking sys/socket.h usability
configure:20308: gcc -c -g -O2  conftest.c >&5
configure:20314: $? = 0
configure:20328: result: yes
configure:20332: checking sys/socket.h presence
configure:20347: gcc -E  conftest.c
configure:20353: $? = 0
configure:20367: result: yes
configure:20400: checking for sys/socket.h
configure:20408: result: yes
configure:20291: checking termios.h usability
configure:20308: gcc -c -g -O2  conftest.c >&5
configure:20314: $? = 0
configure:20328: result: yes
configure:20332: checking termios.h presence
configure:20347: gcc -E  conftest.c
configure:20353: $? = 0
configure:20367: result: yes
configure:20400: checking for termios.h
configure:20408: result: yes
configure:20281: checking for unistd.h
configure:20287: result: yes
configure:20423: checking for stdbool.h that conforms to C99
configure:20516: gcc -c -g -O2  conftest.c >&5
configure:20522: $? = 0
configure:20537: result: yes
configure:20539: checking for _Bool
configure:20569: gcc -c -g -O2  conftest.c >&5
configure:20575: $? = 0
configure:20590: result: yes
configure:20609: checking for an ANSI C-conforming const
configure:20684: gcc -c -g -O2  conftest.c >&5
configure:20690: $? = 0
configure:20705: result: yes
configure:20717: checking whether closedir returns void
configure:20751: gcc -o conftest -g -O2   conftest.c -lpthread  >&5
configure:20754: $? = 0
configure:20760: ./conftest
configure:20763: $? = 0
configure:20779: result: no
configure:20789: checking whether lstat dereferences a symlink specified with a trailing slash
configure:20825: gcc -o conftest -g -O2   conftest.c -lpthread  >&5
configure:20828: $? = 0
configure:20834: ./conftest
configure:20837: $? = 0
configure:20860: result: yes
configure:20879: checking whether lstat accepts an empty string
configure:20909: gcc -o conftest -g -O2   conftest.c -lpthread  >&5
configure:20912: $? = 0
configure:20918: ./conftest
configure:20921: $? = 0
configure:20937: result: no
configure:20953: checking whether lstat dereferences a symlink specified with a trailing slash
configure:21024: result: yes
configure:21043: checking whether stat accepts an empty string
configure:21073: gcc -o conftest -g -O2   conftest.c -lpthread  >&5
configure:21076: $? = 0
configure:21082: ./conftest
configure:21085: $? = 0
configure:21101: result: no
configure:21123: checking for memset
configure:21179: gcc -o conftest -g -O2   conftest.c -lpthread  >&5
conftest.c:61: warning: conflicting types for built-in function 'memset'
configure:21185: $? = 0
configure:21203: result: yes
configure:21123: checking for mkdir
configure:21179: gcc -o conftest -g -O2   conftest.c -lpthread  >&5
configure:21185: $? = 0
configure:21203: result: yes
configure:21123: checking for strstr
configure:21179: gcc -o conftest -g -O2   conftest.c -lpthread  >&5
conftest.c:63: warning: conflicting types for built-in function 'strstr'
configure:21185: $? = 0
configure:21203: result: yes
configure:21215: libfnAdvertisemenSkin-0.1.0           A skin library for advertisemen application.
configure:21232: LIBFNADVERTISEMENSKIN_VER : "0.1.0"
configure:21288: checking for pkg-config
configure:21306: found /usr/bin/pkg-config
configure:21318: result: /usr/bin/pkg-config
configure:21347: checking pkg-config is at least version 0.9.0
configure:21350: result: yes
configure:21361: checking for GTK2
configure:21426: result: yes
configure:21443: checking for JPEG
configure:21508: result: yes
configure:21525: FOUND CFLAGS DEFINES : "-g -O2 -D_REENTRANT -pthread -I/usr/include/gtk-2.0 -I/usr/lib/gtk-2.0/include -I/usr/include/atk-1.0 -I/usr/include/cairo -I/usr/include/pango-1.0 -I/usr/include/glib-2.0 -I/usr/lib/glib-2.0/include -I/usr/include/freetype2 -I/usr/include/directfb -I/usr/include/libpng12 -I/usr/include/pixman-1   -I/usr/include"
configure:21528: FOUND CPPFLAGS DEFINES : ""
configure:21531: FOUND LIBS DEFINES : "-lpthread  -pthread -lgtk-x11-2.0 -lgdk-x11-2.0 -latk-1.0 -lgdk_pixbuf-2.0 -lm -lpangocairo-1.0 -lpango-1.0 -lcairo -lgobject-2.0 -lgmodule-2.0 -ldl -lgthread-2.0 -lrt -lglib-2.0   -ljpeg"
configure:21657: creating ./config.status

## ---------------------- ##
## Running config.status. ##
## ---------------------- ##

This file was extended by libfnAdvertisemenSkin config.status 0.1.0, which was
generated by GNU Autoconf 2.61.  Invocation command line was

  CONFIG_FILES    = 
  CONFIG_HEADERS  = 
  CONFIG_LINKS    = 
  CONFIG_COMMANDS = 
  $ ./config.status 

on lenny505

config.status:674: creating Makefile
config.status:674: creating fnadvertisemenskin.pc
config.status:674: creating src/lib/Makefile
config.status:674: creating src/test/Makefile
config.status:674: creating config.h
config.status:920: config.h is unchanged
config.status:967: executing depfiles commands

## ---------------- ##
## Cache variables. ##
## ---------------- ##

ac_cv_build=i686-pc-linux-gnu
ac_cv_c_compiler_gnu=yes
ac_cv_c_const=yes
ac_cv_cxx_compiler_gnu=yes
ac_cv_env_CCC_set=
ac_cv_env_CCC_value=
ac_cv_env_CC_set=
ac_cv_env_CC_value=
ac_cv_env_CFLAGS_set=
ac_cv_env_CFLAGS_value=
ac_cv_env_CPPFLAGS_set=
ac_cv_env_CPPFLAGS_value=
ac_cv_env_CPP_set=
ac_cv_env_CPP_value=
ac_cv_env_CXXCPP_set=
ac_cv_env_CXXCPP_value=
ac_cv_env_CXXFLAGS_set=
ac_cv_env_CXXFLAGS_value=
ac_cv_env_CXX_set=
ac_cv_env_CXX_value=
ac_cv_env_F77_set=
ac_cv_env_F77_value=
ac_cv_env_FFLAGS_set=
ac_cv_env_FFLAGS_value=
ac_cv_env_GTK2_CFLAGS_set=set
ac_cv_env_GTK2_CFLAGS_value='-D_REENTRANT -I/usr/include/gtk-2.0 -I/usr/lib/gtk-2.0/include -I/usr/include/atk-1.0 -I/usr/include/cairo -I/usr/include/pango-1.0 -I/usr/include/glib-2.0 -I/usr/lib/glib-2.0/include -I/usr/include/freetype2 -I/usr/include/directfb -I/usr/include/libpng12 -I/usr/include/pixman-1  '
ac_cv_env_GTK2_LIBS_set=set
ac_cv_env_GTK2_LIBS_value='-lgtk-x11-2.0 -lgdk-x11-2.0 -latk-1.0 -lgdk_pixbuf-2.0 -lm -lpangocairo-1.0 -lpango-1.0 -lcairo -lgobject-2.0 -lgmodule-2.0 -ldl -lglib-2.0  '
ac_cv_env_JPEG_CFLAGS_set=set
ac_cv_env_JPEG_CFLAGS_value=-I/usr/include
ac_cv_env_JPEG_LIBS_set=set
ac_cv_env_JPEG_LIBS_value=-ljpeg
ac_cv_env_LDFLAGS_set=
ac_cv_env_LDFLAGS_value=
ac_cv_env_LIBS_set=
ac_cv_env_LIBS_value=
ac_cv_env_PKG_CONFIG_set=
ac_cv_env_PKG_CONFIG_value=
ac_cv_env_build_alias_set=
ac_cv_env_build_alias_value=
ac_cv_env_host_alias_set=
ac_cv_env_host_alias_value=
ac_cv_env_target_alias_set=
ac_cv_env_target_alias_value=
ac_cv_f77_compiler_gnu=no
ac_cv_func_closedir_void=no
ac_cv_func_lstat_dereferences_slashed_symlink=yes
ac_cv_func_lstat_empty_string_bug=no
ac_cv_func_memset=yes
ac_cv_func_mkdir=yes
ac_cv_func_stat_empty_string_bug=no
ac_cv_func_strstr=yes
ac_cv_header_arpa_inet_h=yes
ac_cv_header_dirent_dirent_h=yes
ac_cv_header_dlfcn_h=yes
ac_cv_header_fcntl_h=yes
ac_cv_header_inttypes_h=yes
ac_cv_header_memory_h=yes
ac_cv_header_netinet_in_h=yes
ac_cv_header_stdbool_h=yes
ac_cv_header_stdc=yes
ac_cv_header_stdint_h=yes
ac_cv_header_stdlib_h=yes
ac_cv_header_string_h=yes
ac_cv_header_strings_h=yes
ac_cv_header_sys_ioctl_h=yes
ac_cv_header_sys_param_h=yes
ac_cv_header_sys_socket_h=yes
ac_cv_header_sys_stat_h=yes
ac_cv_header_sys_types_h=yes
ac_cv_header_termios_h=yes
ac_cv_header_unistd_h=yes
ac_cv_host=i686-pc-linux-gnu
ac_cv_lib_pthread_pthread_rwlock_init=yes
ac_cv_objext=o
ac_cv_path_EGREP='/bin/grep -E'
ac_cv_path_GREP=/bin/grep
ac_cv_path_ac_pt_PKG_CONFIG=/usr/bin/pkg-config
ac_cv_path_install='/usr/bin/install -c'
ac_cv_path_mkdir=/bin/mkdir
ac_cv_prog_AWK=mawk
ac_cv_prog_CPP='gcc -E'
ac_cv_prog_CXXCPP='g++ -E'
ac_cv_prog_ac_ct_AR=ar
ac_cv_prog_ac_ct_CC=gcc
ac_cv_prog_ac_ct_CXX=g++
ac_cv_prog_ac_ct_RANLIB=ranlib
ac_cv_prog_ac_ct_STRIP=strip
ac_cv_prog_cc_c89=
ac_cv_prog_cc_g=yes
ac_cv_prog_cxx_g=yes
ac_cv_prog_f77_g=no
ac_cv_prog_make_make_set=yes
ac_cv_search_opendir='none required'
ac_cv_type__Bool=yes
am_cv_CC_dependencies_compiler_type=gcc3
am_cv_CXX_dependencies_compiler_type=gcc3
lt_cv_deplibs_check_method=pass_all
lt_cv_file_magic_cmd='$MAGIC_CMD'
lt_cv_file_magic_test_file=
lt_cv_ld_reload_flag=-r
lt_cv_objdir=.libs
lt_cv_path_LD=/usr/bin/ld
lt_cv_path_LDCXX=/usr/bin/ld
lt_cv_path_NM='/usr/bin/nm -B'
lt_cv_path_SED=/bin/sed
lt_cv_prog_compiler_c_o=yes
lt_cv_prog_compiler_c_o_CXX=yes
lt_cv_prog_compiler_pic_works=yes
lt_cv_prog_compiler_pic_works_CXX=yes
lt_cv_prog_compiler_rtti_exceptions=no
lt_cv_prog_compiler_static_works=yes
lt_cv_prog_compiler_static_works_CXX=yes
lt_cv_prog_gnu_ld=yes
lt_cv_prog_gnu_ldcxx=yes
lt_cv_sys_global_symbol_pipe='sed -n -e '\''s/^.*[ 	]\([ABCDGIRSTW][ABCDGIRSTW]*\)[ 	][ 	]*\([_A-Za-z][_A-Za-z0-9]*\)$/\1 \2 \2/p'\'''
lt_cv_sys_global_symbol_to_c_name_address='sed -n -e '\''s/^: \([^ ]*\) $/  {\"\1\", (lt_ptr) 0},/p'\'' -e '\''s/^[BCDEGRST] \([^ ]*\) \([^ ]*\)$/  {"\2", (lt_ptr) \&\2},/p'\'''
lt_cv_sys_global_symbol_to_cdecl='sed -n -e '\''s/^. .* \(.*\)$/extern int \1;/p'\'''
lt_cv_sys_lib_dlsearch_path_spec='/lib /usr/lib /lib/i486-linux-gnu /usr/lib/i486-linux-gnu /usr/local/lib '
lt_cv_sys_lib_search_path_spec='/usr/lib/gcc/i486-linux-gnu/4.1.3 /usr/lib /lib'
lt_cv_sys_max_cmd_len=98304
lt_lt_cv_prog_compiler_c_o='"yes"'
lt_lt_cv_prog_compiler_c_o_CXX='"yes"'
lt_lt_cv_sys_global_symbol_pipe='"sed -n -e '\''s/^.*[ 	]\\([ABCDGIRSTW][ABCDGIRSTW]*\\)[ 	][ 	]*\\([_A-Za-z][_A-Za-z0-9]*\\)\$/\\1 \\2 \\2/p'\''"'
lt_lt_cv_sys_global_symbol_to_c_name_address='"sed -n -e '\''s/^: \\([^ ]*\\) \$/  {\\\"\\1\\\", (lt_ptr) 0},/p'\'' -e '\''s/^[BCDEGRST] \\([^ ]*\\) \\([^ ]*\\)\$/  {\"\\2\", (lt_ptr) \\&\\2},/p'\''"'
lt_lt_cv_sys_global_symbol_to_cdecl='"sed -n -e '\''s/^. .* \\(.*\\)\$/extern int \\1;/p'\''"'
pkg_cv_GTK2_CFLAGS='-D_REENTRANT -I/usr/include/gtk-2.0 -I/usr/lib/gtk-2.0/include -I/usr/include/atk-1.0 -I/usr/include/cairo -I/usr/include/pango-1.0 -I/usr/include/glib-2.0 -I/usr/lib/glib-2.0/include -I/usr/include/freetype2 -I/usr/include/directfb -I/usr/include/libpng12 -I/usr/include/pixman-1  '
pkg_cv_GTK2_LIBS='-lgtk-x11-2.0 -lgdk-x11-2.0 -latk-1.0 -lgdk_pixbuf-2.0 -lm -lpangocairo-1.0 -lpango-1.0 -lcairo -lgobject-2.0 -lgmodule-2.0 -ldl -lglib-2.0  '
pkg_cv_JPEG_CFLAGS=-I/usr/include
pkg_cv_JPEG_LIBS=-ljpeg

## ----------------- ##
## Output variables. ##
## ----------------- ##

ACLOCAL='${SHELL} /home/elon/prj/libfnAdvertisemenSkin/missing --run aclocal-1.10'
AMDEPBACKSLASH='\'
AMDEP_FALSE='#'
AMDEP_TRUE=''
AMTAR='${SHELL} /home/elon/prj/libfnAdvertisemenSkin/missing --run tar'
AR='ar'
AUTOCONF='${SHELL} /home/elon/prj/libfnAdvertisemenSkin/missing --run autoconf'
AUTOHEADER='${SHELL} /home/elon/prj/libfnAdvertisemenSkin/missing --run autoheader'
AUTOMAKE='${SHELL} /home/elon/prj/libfnAdvertisemenSkin/missing --run automake-1.10'
AWK='mawk'
CC='gcc'
CCDEPMODE='depmode=gcc3'
CFLAGS='-g -O2 -D_REENTRANT -pthread -I/usr/include/gtk-2.0 -I/usr/lib/gtk-2.0/include -I/usr/include/atk-1.0 -I/usr/include/cairo -I/usr/include/pango-1.0 -I/usr/include/glib-2.0 -I/usr/lib/glib-2.0/include -I/usr/include/freetype2 -I/usr/include/directfb -I/usr/include/libpng12 -I/usr/include/pixman-1   -I/usr/include'
CPP='gcc -E'
CPPFLAGS=''
CXX='g++'
CXXCPP='g++ -E'
CXXDEPMODE='depmode=gcc3'
CXXFLAGS='-g -O2'
CYGPATH_W='echo'
DEFS='-DHAVE_CONFIG_H'
DEPDIR='.deps'
DSYMUTIL=''
ECHO='echo'
ECHO_C=''
ECHO_N='-n'
ECHO_T=''
EGREP='/bin/grep -E'
EXEEXT=''
F77=''
FFLAGS=''
GREP='/bin/grep'
GTK2_CFLAGS='-D_REENTRANT -I/usr/include/gtk-2.0 -I/usr/lib/gtk-2.0/include -I/usr/include/atk-1.0 -I/usr/include/cairo -I/usr/include/pango-1.0 -I/usr/include/glib-2.0 -I/usr/lib/glib-2.0/include -I/usr/include/freetype2 -I/usr/include/directfb -I/usr/include/libpng12 -I/usr/include/pixman-1  '
GTK2_LIBS='-lgtk-x11-2.0 -lgdk-x11-2.0 -latk-1.0 -lgdk_pixbuf-2.0 -lm -lpangocairo-1.0 -lpango-1.0 -lcairo -lgobject-2.0 -lgmodule-2.0 -ldl -lglib-2.0  '
INSTALL_DATA='${INSTALL} -m 644'
INSTALL_PROGRAM='${INSTALL}'
INSTALL_SCRIPT='${INSTALL}'
INSTALL_STRIP_PROGRAM='$(install_sh) -c -s'
JPEG_CFLAGS='-I/usr/include'
JPEG_LIBS='-ljpeg'
LDFLAGS=''
LIBFNADVERTISEMENSKIN_SO_VERSION='0:1:0'
LIBFNADVERTISEMENSKIN_VERSION='0.1.0'
LIBOBJS=''
LIBS='-lpthread  -pthread -lgtk-x11-2.0 -lgdk-x11-2.0 -latk-1.0 -lgdk_pixbuf-2.0 -lm -lpangocairo-1.0 -lpango-1.0 -lcairo -lgobject-2.0 -lgmodule-2.0 -ldl -lgthread-2.0 -lrt -lglib-2.0   -ljpeg'
LIBTOOL='$(SHELL) $(top_builddir)/libtool'
LN_S='ln -s'
LTLIBOBJS=''
MAKEINFO='${SHELL} /home/elon/prj/libfnAdvertisemenSkin/missing --run makeinfo'
NMEDIT=''
OBJEXT='o'
PACKAGE='libfnadvertisemenskin'
PACKAGE_BUGREPORT='wyqscnu@163.com'
PACKAGE_NAME='libfnAdvertisemenSkin'
PACKAGE_STRING='libfnAdvertisemenSkin 0.1.0'
PACKAGE_TARNAME='libfnadvertisemenskin'
PACKAGE_VERSION='0.1.0'
PATH_SEPARATOR=':'
PKG_CONFIG='/usr/bin/pkg-config'
RANLIB='ranlib'
SED='/bin/sed'
SET_MAKE=''
SHELL='/bin/sh'
STRIP='strip'
VERSION='1.0'
ac_ct_CC='gcc'
ac_ct_CXX='g++'
ac_ct_F77=''
am__fastdepCC_FALSE='#'
am__fastdepCC_TRUE=''
am__fastdepCXX_FALSE='#'
am__fastdepCXX_TRUE=''
am__include='include'
am__isrc=''
am__leading_dot='.'
am__quote=''
am__tar='${AMTAR} chof - "$$tardir"'
am__untar='${AMTAR} xf -'
bindir='${exec_prefix}/bin'
build='i686-pc-linux-gnu'
build_alias=''
build_cpu='i686'
build_os='linux-gnu'
build_vendor='pc'
datadir='${datarootdir}'
datarootdir='${prefix}/share'
docdir='${datarootdir}/doc/${PACKAGE_TARNAME}'
dvidir='${docdir}'
exec_prefix='${prefix}'
host='i686-pc-linux-gnu'
host_alias=''
host_cpu='i686'
host_os='linux-gnu'
host_vendor='pc'
htmldir='${docdir}'
includedir='${prefix}/include'
infodir='${datarootdir}/info'
install_sh='$(SHELL) /home/elon/prj/libfnAdvertisemenSkin/install-sh'
libdir='${exec_prefix}/lib'
libexecdir='${exec_prefix}/libexec'
localedir='${datarootdir}/locale'
localstatedir='${prefix}/var'
mandir='${datarootdir}/man'
mkdir_p='/bin/mkdir -p'
oldincludedir='/usr/include'
pdfdir='${docdir}'
prefix='/home/yaoquan/opt/x86-usr'
program_transform_name='s,x,x,'
psdir='${docdir}'
sbindir='${exec_prefix}/sbin'
sharedstatedir='${prefix}/com'
sysconfdir='${prefix}/etc'
target_alias=''

## ----------- ##
## confdefs.h. ##
## ----------- ##

#define PACKAGE_NAME "libfnAdvertisemenSkin"
#define PACKAGE_TARNAME "libfnadvertisemenskin"
#define PACKAGE_VERSION "0.1.0"
#define PACKAGE_STRING "libfnAdvertisemenSkin 0.1.0"
#define PACKAGE_BUGREPORT "wyqscnu@163.com"
#define PACKAGE "libfnAdvertisemenSkin"
#define VERSION "1.0"
#define HAVE_LIBPTHREAD 1
#define STDC_HEADERS 1
#define HAVE_SYS_TYPES_H 1
#define HAVE_SYS_STAT_H 1
#define HAVE_STDLIB_H 1
#define HAVE_STRING_H 1
#define HAVE_MEMORY_H 1
#define HAVE_STRINGS_H 1
#define HAVE_INTTYPES_H 1
#define HAVE_STDINT_H 1
#define HAVE_UNISTD_H 1
#define HAVE_DLFCN_H 1
#define HAVE_DIRENT_H 1
#define STDC_HEADERS 1
#define HAVE_ARPA_INET_H 1
#define HAVE_FCNTL_H 1
#define HAVE_NETINET_IN_H 1
#define HAVE_STDLIB_H 1
#define HAVE_STRING_H 1
#define HAVE_SYS_IOCTL_H 1
#define HAVE_SYS_PARAM_H 1
#define HAVE_SYS_SOCKET_H 1
#define HAVE_TERMIOS_H 1
#define HAVE_UNISTD_H 1
#define HAVE__BOOL 1
#define HAVE_STDBOOL_H 1
#define LSTAT_FOLLOWS_SLASHED_SYMLINK 1
#define LSTAT_FOLLOWS_SLASHED_SYMLINK 1
#define HAVE_MEMSET 1
#define HAVE_MKDIR 1
#define HAVE_STRSTR 1

configure: exit 0

## ---------------------- ##
## Running config.status. ##
## ---------------------- ##

This file was extended by libfnAdvertisemenSkin config.status 0.1.0, which was
generated by GNU Autoconf 2.61.  Invocation command line was

  CONFIG_FILES    = 
  CONFIG_HEADERS  = 
  CONFIG_LINKS    = 
  CONFIG_COMMANDS = 
  $ ./config.status config.h

on lenny505

config.status:674: creating config.h
config.status:920: config.h is unchanged
