This file contains any messages produced by compilers while
running configure, to aid debugging if configure makes a mistake.

It was created by reader configure 1.0, which was
generated by GNU Autoconf 2.61.  Invocation command line was

  $ ./configure 

## --------- ##
## Platform. ##
## --------- ##

hostname = lenny505
uname -m = i686
uname -r = 2.6.26-2-686
uname -s = Linux
uname -v = #1 SMP Mon Jun 21 05:58:44 UTC 2010

/usr/bin/uname -p = unknown
/bin/uname -X     = unknown

/bin/arch              = unknown
/usr/bin/arch -k       = unknown
/usr/convex/getsysinfo = unknown
/usr/bin/hostinfo      = unknown
/bin/machine           = unknown
/usr/bin/oslevel       = unknown
/bin/universe          = unknown

PATH: /usr/local/bin
PATH: /usr/bin
PATH: /bin
PATH: /usr/games


## ----------- ##
## Core tests. ##
## ----------- ##

configure:1788: checking for a BSD-compatible install
configure:1844: result: /usr/bin/install -c
configure:1855: checking whether build environment is sane
configure:1898: result: yes
configure:1926: checking for a thread-safe mkdir -p
configure:1965: result: /bin/mkdir -p
configure:1978: checking for gawk
configure:2008: result: no
configure:1978: checking for mawk
configure:1994: found /usr/bin/mawk
configure:2005: result: mawk
configure:2016: checking whether make sets $(MAKE)
configure:2037: result: yes
configure:2285: checking for g++
configure:2301: found /usr/bin/g++
configure:2312: result: g++
configure:2343: checking for C++ compiler version
configure:2350: g++ --version >&5
g++ (Debian 4.3.2-1.1) 4.3.2
Copyright (C) 2008 Free Software Foundation, Inc.
This is free software; see the source for copying conditions.  There is NO
warranty; not even for MERCHANTABILITY or FITNESS FOR A PARTICULAR PURPOSE.

configure:2353: $? = 0
configure:2360: g++ -v >&5
Using built-in specs.
Target: i486-linux-gnu
Configured with: ../src/configure -v --with-pkgversion='Debian 4.3.2-1.1' --with-bugurl=file:///usr/share/doc/gcc-4.3/README.Bugs --enable-languages=c,c++,fortran,objc,obj-c++ --prefix=/usr --enable-shared --with-system-zlib --libexecdir=/usr/lib --without-included-gettext --enable-threads=posix --enable-nls --with-gxx-include-dir=/usr/include/c++/4.3 --program-suffix=-4.3 --enable-clocale=gnu --enable-libstdcxx-debug --enable-objc-gc --enable-mpfr --enable-targets=all --enable-cld --enable-checking=release --build=i486-linux-gnu --host=i486-linux-gnu --target=i486-linux-gnu
Thread model: posix
gcc version 4.3.2 (Debian 4.3.2-1.1) 
configure:2363: $? = 0
configure:2370: g++ -V >&5
g++: '-V' option must have argument
configure:2373: $? = 1
configure:2396: checking for C++ compiler default output file name
configure:2423: g++    conftest.cpp  >&5
configure:2426: $? = 0
configure:2464: result: a.out
configure:2481: checking whether the C++ compiler works
configure:2491: ./a.out
configure:2494: $? = 0
configure:2511: result: yes
configure:2518: checking whether we are cross compiling
configure:2520: result: no
configure:2523: checking for suffix of executables
configure:2530: g++ -o conftest    conftest.cpp  >&5
configure:2533: $? = 0
configure:2557: result: 
configure:2563: checking for suffix of object files
configure:2589: g++ -c   conftest.cpp >&5
configure:2592: $? = 0
configure:2615: result: o
configure:2619: checking whether we are using the GNU C++ compiler
configure:2648: g++ -c   conftest.cpp >&5
configure:2654: $? = 0
configure:2671: result: yes
configure:2676: checking whether g++ accepts -g
configure:2706: g++ -c -g  conftest.cpp >&5
configure:2712: $? = 0
configure:2811: result: yes
configure:2845: checking for style of include used by make
configure:2873: result: GNU
configure:2898: checking dependency style of g++
configure:2989: result: gcc3
configure:3052: checking for gcc
configure:3068: found /usr/bin/gcc
configure:3079: result: gcc
configure:3317: checking for C compiler version
configure:3324: gcc --version >&5
gcc (GCC) 4.1.3 20080704 (prerelease) (Debian 4.1.2-25)
Copyright (C) 2006 Free Software Foundation, Inc.
This is free software; see the source for copying conditions.  There is NO
warranty; not even for MERCHANTABILITY or FITNESS FOR A PARTICULAR PURPOSE.

configure:3327: $? = 0
configure:3334: gcc -v >&5
Using built-in specs.
Target: i486-linux-gnu
Configured with: ../src/configure -v --enable-languages=c,c++ --prefix=/usr --enable-shared --with-system-zlib --libexecdir=/usr/lib --without-included-gettext --enable-threads=posix --enable-nls --with-gxx-include-dir=/usr/include/c++/4.1.3 --program-suffix=-4.1 --enable-__cxa_atexit --enable-clocale=gnu --enable-libstdcxx-debug --with-tune=generic --enable-checking=release i486-linux-gnu
Thread model: posix
gcc version 4.1.3 20080704 (prerelease) (Debian 4.1.2-25)
configure:3337: $? = 0
configure:3344: gcc -V >&5
gcc: '-V' option must have argument
configure:3347: $? = 1
configure:3350: checking whether we are using the GNU C compiler
configure:3379: gcc -c   conftest.c >&5
configure:3385: $? = 0
configure:3402: result: yes
configure:3407: checking whether gcc accepts -g
configure:3437: gcc -c -g  conftest.c >&5
configure:3443: $? = 0
configure:3542: result: yes
configure:3559: checking for gcc option to accept ISO C89
configure:3633: gcc  -c -g -O2  conftest.c >&5
configure:3639: $? = 0
configure:3662: result: none needed
configure:3682: checking dependency style of gcc
configure:3773: result: gcc3
configure:3793: checking for main in -lpthread
configure:3822: gcc -o conftest -g -O2   conftest.c -lpthread   >&5
configure:3828: $? = 0
configure:3846: result: yes
configure:3864: checking how to run the C preprocessor
configure:3904: gcc -E  conftest.c
configure:3910: $? = 0
configure:3941: gcc -E  conftest.c
conftest.c:11:28: error: ac_nonexistent.h: No such file or directory
configure:3947: $? = 1
configure: failed program was:
| /* confdefs.h.  */
| #define PACKAGE_NAME "reader"
| #define PACKAGE_TARNAME "reader"
| #define PACKAGE_VERSION "1.0"
| #define PACKAGE_STRING "reader 1.0"
| #define PACKAGE_BUGREPORT "BUG-REPORT-ADDRESS"
| #define PACKAGE "reader"
| #define VERSION "1.0"
| #define HAVE_LIBPTHREAD 1
| /* end confdefs.h.  */
| #include <ac_nonexistent.h>
configure:3980: result: gcc -E
configure:4009: gcc -E  conftest.c
configure:4015: $? = 0
configure:4046: gcc -E  conftest.c
conftest.c:11:28: error: ac_nonexistent.h: No such file or directory
configure:4052: $? = 1
configure: failed program was:
| /* confdefs.h.  */
| #define PACKAGE_NAME "reader"
| #define PACKAGE_TARNAME "reader"
| #define PACKAGE_VERSION "1.0"
| #define PACKAGE_STRING "reader 1.0"
| #define PACKAGE_BUGREPORT "BUG-REPORT-ADDRESS"
| #define PACKAGE "reader"
| #define VERSION "1.0"
| #define HAVE_LIBPTHREAD 1
| /* end confdefs.h.  */
| #include <ac_nonexistent.h>
configure:4090: checking for grep that handles long lines and -e
configure:4164: result: /bin/grep
configure:4169: checking for egrep
configure:4247: result: /bin/grep -E
configure:4252: checking for ANSI C header files
configure:4282: gcc -c -g -O2  conftest.c >&5
configure:4288: $? = 0
configure:4387: gcc -o conftest -g -O2   conftest.c -lpthread  >&5
configure:4390: $? = 0
configure:4396: ./conftest
configure:4399: $? = 0
configure:4416: result: yes
configure:4440: checking for sys/types.h
configure:4461: gcc -c -g -O2  conftest.c >&5
configure:4467: $? = 0
configure:4483: result: yes
configure:4440: checking for sys/stat.h
configure:4461: gcc -c -g -O2  conftest.c >&5
configure:4467: $? = 0
configure:4483: result: yes
configure:4440: checking for stdlib.h
configure:4461: gcc -c -g -O2  conftest.c >&5
configure:4467: $? = 0
configure:4483: result: yes
configure:4440: checking for string.h
configure:4461: gcc -c -g -O2  conftest.c >&5
configure:4467: $? = 0
configure:4483: result: yes
configure:4440: checking for memory.h
configure:4461: gcc -c -g -O2  conftest.c >&5
configure:4467: $? = 0
configure:4483: result: yes
configure:4440: checking for strings.h
configure:4461: gcc -c -g -O2  conftest.c >&5
configure:4467: $? = 0
configure:4483: result: yes
configure:4440: checking for inttypes.h
configure:4461: gcc -c -g -O2  conftest.c >&5
configure:4467: $? = 0
configure:4483: result: yes
configure:4440: checking for stdint.h
configure:4461: gcc -c -g -O2  conftest.c >&5
configure:4467: $? = 0
configure:4483: result: yes
configure:4440: checking for unistd.h
configure:4461: gcc -c -g -O2  conftest.c >&5
configure:4467: $? = 0
configure:4483: result: yes
configure:4503: checking for stdint.h
configure:4509: result: yes
configure:4503: checking for stdlib.h
configure:4509: result: yes
configure:4503: checking for string.h
configure:4509: result: yes
configure:4503: checking for unistd.h
configure:4509: result: yes
configure:4687: checking for ranlib
configure:4703: found /usr/bin/ranlib
configure:4714: result: ranlib
configure:4741: checking for an ANSI C-conforming const
configure:4816: gcc -c -g -O2  conftest.c >&5
configure:4822: $? = 0
configure:4837: result: yes
configure:4847: checking for inline
configure:4873: gcc -c -g -O2  conftest.c >&5
configure:4879: $? = 0
configure:4897: result: inline
configure:4917: checking for int32_t
configure:4948: gcc -c -g -O2  conftest.c >&5
configure:4954: $? = 0
configure:4983: gcc -c -g -O2  conftest.c >&5
conftest.c: In function 'main':
conftest.c:62: warning: integer overflow in expression
conftest.c:62: error: size of array 'test_array' is negative
configure:4989: $? = 1
configure: failed program was:
| /* confdefs.h.  */
| #define PACKAGE_NAME "reader"
| #define PACKAGE_TARNAME "reader"
| #define PACKAGE_VERSION "1.0"
| #define PACKAGE_STRING "reader 1.0"
| #define PACKAGE_BUGREPORT "BUG-REPORT-ADDRESS"
| #define PACKAGE "reader"
| #define VERSION "1.0"
| #define HAVE_LIBPTHREAD 1
| #define STDC_HEADERS 1
| #define HAVE_SYS_TYPES_H 1
| #define HAVE_SYS_STAT_H 1
| #define HAVE_STDLIB_H 1
| #define HAVE_STRING_H 1
| #define HAVE_MEMORY_H 1
| #define HAVE_STRINGS_H 1
| #define HAVE_INTTYPES_H 1
| #define HAVE_STDINT_H 1
| #define HAVE_UNISTD_H 1
| #define HAVE_STDINT_H 1
| #define HAVE_STDLIB_H 1
| #define HAVE_STRING_H 1
| #define HAVE_UNISTD_H 1
| /* end confdefs.h.  */
| #include <stdio.h>
| #ifdef HAVE_SYS_TYPES_H
| # include <sys/types.h>
| #endif
| #ifdef HAVE_SYS_STAT_H
| # include <sys/stat.h>
| #endif
| #ifdef STDC_HEADERS
| # include <stdlib.h>
| # include <stddef.h>
| #else
| # ifdef HAVE_STDLIB_H
| #  include <stdlib.h>
| # endif
| #endif
| #ifdef HAVE_STRING_H
| # if !defined STDC_HEADERS && defined HAVE_MEMORY_H
| #  include <memory.h>
| # endif
| # include <string.h>
| #endif
| #ifdef HAVE_STRINGS_H
| # include <strings.h>
| #endif
| #ifdef HAVE_INTTYPES_H
| # include <inttypes.h>
| #endif
| #ifdef HAVE_STDINT_H
| # include <stdint.h>
| #endif
| #ifdef HAVE_UNISTD_H
| # include <unistd.h>
| #endif
| int
| main ()
| {
| static int test_array [1 - 2 * !((int32_t) ((((int32_t) 1 << (32 - 2)) - 1) * 2 + 1)
| 	         < (int32_t) ((((int32_t) 1 << (32 - 2)) - 1) * 2 + 2))];
| test_array [0] = 0
| 
|   ;
|   return 0;
| }
configure:5018: result: yes
configure:5031: checking for int64_t
configure:5062: gcc -c -g -O2  conftest.c >&5
configure:5068: $? = 0
configure:5097: gcc -c -g -O2  conftest.c >&5
conftest.c: In function 'main':
conftest.c:62: warning: integer overflow in expression
conftest.c:62: error: size of array 'test_array' is negative
configure:5103: $? = 1
configure: failed program was:
| /* confdefs.h.  */
| #define PACKAGE_NAME "reader"
| #define PACKAGE_TARNAME "reader"
| #define PACKAGE_VERSION "1.0"
| #define PACKAGE_STRING "reader 1.0"
| #define PACKAGE_BUGREPORT "BUG-REPORT-ADDRESS"
| #define PACKAGE "reader"
| #define VERSION "1.0"
| #define HAVE_LIBPTHREAD 1
| #define STDC_HEADERS 1
| #define HAVE_SYS_TYPES_H 1
| #define HAVE_SYS_STAT_H 1
| #define HAVE_STDLIB_H 1
| #define HAVE_STRING_H 1
| #define HAVE_MEMORY_H 1
| #define HAVE_STRINGS_H 1
| #define HAVE_INTTYPES_H 1
| #define HAVE_STDINT_H 1
| #define HAVE_UNISTD_H 1
| #define HAVE_STDINT_H 1
| #define HAVE_STDLIB_H 1
| #define HAVE_STRING_H 1
| #define HAVE_UNISTD_H 1
| /* end confdefs.h.  */
| #include <stdio.h>
| #ifdef HAVE_SYS_TYPES_H
| # include <sys/types.h>
| #endif
| #ifdef HAVE_SYS_STAT_H
| # include <sys/stat.h>
| #endif
| #ifdef STDC_HEADERS
| # include <stdlib.h>
| # include <stddef.h>
| #else
| # ifdef HAVE_STDLIB_H
| #  include <stdlib.h>
| # endif
| #endif
| #ifdef HAVE_STRING_H
| # if !defined STDC_HEADERS && defined HAVE_MEMORY_H
| #  include <memory.h>
| # endif
| # include <string.h>
| #endif
| #ifdef HAVE_STRINGS_H
| # include <strings.h>
| #endif
| #ifdef HAVE_INTTYPES_H
| # include <inttypes.h>
| #endif
| #ifdef HAVE_STDINT_H
| # include <stdint.h>
| #endif
| #ifdef HAVE_UNISTD_H
| # include <unistd.h>
| #endif
| int
| main ()
| {
| static int test_array [1 - 2 * !((int64_t) ((((int64_t) 1 << (64 - 2)) - 1) * 2 + 1)
| 	         < (int64_t) ((((int64_t) 1 << (64 - 2)) - 1) * 2 + 2))];
| test_array [0] = 0
| 
|   ;
|   return 0;
| }
configure:5132: result: yes
configure:5144: checking for size_t
configure:5174: gcc -c -g -O2  conftest.c >&5
configure:5180: $? = 0
configure:5195: result: yes
configure:5207: checking for ssize_t
configure:5237: gcc -c -g -O2  conftest.c >&5
configure:5243: $? = 0
configure:5258: result: yes
configure:5270: checking whether time.h and sys/time.h may both be included
configure:5300: gcc -c -g -O2  conftest.c >&5
configure:5306: $? = 0
configure:5321: result: yes
configure:5332: checking for uint16_t
configure:5363: gcc -c -g -O2  conftest.c >&5
configure:5369: $? = 0
configure:5390: result: yes
configure:5404: checking for uint32_t
configure:5435: gcc -c -g -O2  conftest.c >&5
configure:5441: $? = 0
configure:5462: result: yes
configure:5480: checking for uint64_t
configure:5511: gcc -c -g -O2  conftest.c >&5
configure:5517: $? = 0
configure:5538: result: yes
configure:5562: checking for stdlib.h
configure:5568: result: yes
configure:5702: checking for GNU libc compatible malloc
configure:5736: gcc -o conftest -g -O2   conftest.c -lpthread  >&5
configure:5739: $? = 0
configure:5745: ./conftest
configure:5748: $? = 0
configure:5764: result: yes
configure:5798: checking for memset
configure:5854: gcc -o conftest -g -O2   conftest.c -lpthread  >&5
conftest.c:51: warning: conflicting types for built-in function 'memset'
configure:5860: $? = 0
configure:5878: result: yes
configure:5798: checking for stpcpy
configure:5854: gcc -o conftest -g -O2   conftest.c -lpthread  >&5
conftest.c:52: warning: conflicting types for built-in function 'stpcpy'
configure:5860: $? = 0
configure:5878: result: yes
configure:5798: checking for strndup
configure:5854: gcc -o conftest -g -O2   conftest.c -lpthread  >&5
conftest.c:53: warning: conflicting types for built-in function 'strndup'
configure:5860: $? = 0
configure:5878: result: yes
configure:6012: creating ./config.status

## ---------------------- ##
## Running config.status. ##
## ---------------------- ##

This file was extended by reader config.status 1.0, which was
generated by GNU Autoconf 2.61.  Invocation command line was

  CONFIG_FILES    = 
  CONFIG_HEADERS  = 
  CONFIG_LINKS    = 
  CONFIG_COMMANDS = 
  $ ./config.status 

on lenny505

config.status:644: creating Makefile
config.status:644: creating lib/Makefile
config.status:644: creating core/Makefile
config.status:644: creating config.h
config.status:881: config.h is unchanged
config.status:928: executing depfiles commands

## ---------------- ##
## Cache variables. ##
## ---------------- ##

ac_cv_c_compiler_gnu=yes
ac_cv_c_const=yes
ac_cv_c_inline=inline
ac_cv_c_int32_t=yes
ac_cv_c_int64_t=yes
ac_cv_c_uint16_t=yes
ac_cv_c_uint32_t=yes
ac_cv_c_uint64_t=yes
ac_cv_cxx_compiler_gnu=yes
ac_cv_env_CCC_set=
ac_cv_env_CCC_value=
ac_cv_env_CC_set=
ac_cv_env_CC_value=
ac_cv_env_CFLAGS_set=
ac_cv_env_CFLAGS_value=
ac_cv_env_CPPFLAGS_set=
ac_cv_env_CPPFLAGS_value=
ac_cv_env_CPP_set=
ac_cv_env_CPP_value=
ac_cv_env_CXXFLAGS_set=
ac_cv_env_CXXFLAGS_value=
ac_cv_env_CXX_set=
ac_cv_env_CXX_value=
ac_cv_env_LDFLAGS_set=
ac_cv_env_LDFLAGS_value=
ac_cv_env_LIBS_set=
ac_cv_env_LIBS_value=
ac_cv_env_build_alias_set=
ac_cv_env_build_alias_value=
ac_cv_env_host_alias_set=
ac_cv_env_host_alias_value=
ac_cv_env_target_alias_set=
ac_cv_env_target_alias_value=
ac_cv_func_malloc_0_nonnull=yes
ac_cv_func_memset=yes
ac_cv_func_stpcpy=yes
ac_cv_func_strndup=yes
ac_cv_header_inttypes_h=yes
ac_cv_header_memory_h=yes
ac_cv_header_stdc=yes
ac_cv_header_stdint_h=yes
ac_cv_header_stdlib_h=yes
ac_cv_header_string_h=yes
ac_cv_header_strings_h=yes
ac_cv_header_sys_stat_h=yes
ac_cv_header_sys_types_h=yes
ac_cv_header_time=yes
ac_cv_header_unistd_h=yes
ac_cv_lib_pthread_main=yes
ac_cv_objext=o
ac_cv_path_EGREP='/bin/grep -E'
ac_cv_path_GREP=/bin/grep
ac_cv_path_install='/usr/bin/install -c'
ac_cv_path_mkdir=/bin/mkdir
ac_cv_prog_AWK=mawk
ac_cv_prog_CPP='gcc -E'
ac_cv_prog_ac_ct_CC=gcc
ac_cv_prog_ac_ct_CXX=g++
ac_cv_prog_ac_ct_RANLIB=ranlib
ac_cv_prog_cc_c89=
ac_cv_prog_cc_g=yes
ac_cv_prog_cxx_g=yes
ac_cv_prog_make_make_set=yes
ac_cv_type_size_t=yes
ac_cv_type_ssize_t=yes
am_cv_CC_dependencies_compiler_type=gcc3
am_cv_CXX_dependencies_compiler_type=gcc3

## ----------------- ##
## Output variables. ##
## ----------------- ##

ACLOCAL='${SHELL} /home/elon/prj/myreader/missing --run aclocal-1.10'
AMDEPBACKSLASH='\'
AMDEP_FALSE='#'
AMDEP_TRUE=''
AMTAR='${SHELL} /home/elon/prj/myreader/missing --run tar'
AUTOCONF='${SHELL} /home/elon/prj/myreader/missing --run autoconf'
AUTOHEADER='${SHELL} /home/elon/prj/myreader/missing --run autoheader'
AUTOMAKE='${SHELL} /home/elon/prj/myreader/missing --run automake-1.10'
AWK='mawk'
CC='gcc'
CCDEPMODE='depmode=gcc3'
CFLAGS='-g -O2'
CPP='gcc -E'
CPPFLAGS=''
CXX='g++'
CXXDEPMODE='depmode=gcc3'
CXXFLAGS='-g -O2'
CYGPATH_W='echo'
DEFS='-DHAVE_CONFIG_H'
DEPDIR='.deps'
ECHO_C=''
ECHO_N='-n'
ECHO_T=''
EGREP='/bin/grep -E'
EXEEXT=''
GREP='/bin/grep'
INSTALL_DATA='${INSTALL} -m 644'
INSTALL_PROGRAM='${INSTALL}'
INSTALL_SCRIPT='${INSTALL}'
INSTALL_STRIP_PROGRAM='$(install_sh) -c -s'
LDFLAGS=''
LIBOBJS=''
LIBS='-lpthread '
LTLIBOBJS=''
MAKEINFO='${SHELL} /home/elon/prj/myreader/missing --run makeinfo'
OBJEXT='o'
PACKAGE='reader'
PACKAGE_BUGREPORT='BUG-REPORT-ADDRESS'
PACKAGE_NAME='reader'
PACKAGE_STRING='reader 1.0'
PACKAGE_TARNAME='reader'
PACKAGE_VERSION='1.0'
PATH_SEPARATOR=':'
RANLIB='ranlib'
SET_MAKE=''
SHELL='/bin/sh'
STRIP=''
VERSION='1.0'
ac_ct_CC='gcc'
ac_ct_CXX='g++'
am__fastdepCC_FALSE='#'
am__fastdepCC_TRUE=''
am__fastdepCXX_FALSE='#'
am__fastdepCXX_TRUE=''
am__include='include'
am__isrc=''
am__leading_dot='.'
am__quote=''
am__tar='${AMTAR} chof - "$$tardir"'
am__untar='${AMTAR} xf -'
bindir='${exec_prefix}/bin'
build_alias=''
datadir='${datarootdir}'
datarootdir='${prefix}/share'
docdir='${datarootdir}/doc/${PACKAGE_TARNAME}'
dvidir='${docdir}'
exec_prefix='${prefix}'
host_alias=''
htmldir='${docdir}'
includedir='${prefix}/include'
infodir='${datarootdir}/info'
install_sh='$(SHELL) /home/elon/prj/myreader/install-sh'
libdir='${exec_prefix}/lib'
libexecdir='${exec_prefix}/libexec'
localedir='${datarootdir}/locale'
localstatedir='${prefix}/var'
mandir='${datarootdir}/man'
mkdir_p='/bin/mkdir -p'
oldincludedir='/usr/include'
pdfdir='${docdir}'
prefix='/usr/local'
program_transform_name='s,x,x,'
psdir='${docdir}'
sbindir='${exec_prefix}/sbin'
sharedstatedir='${prefix}/com'
sysconfdir='${prefix}/etc'
target_alias=''

## ----------- ##
## confdefs.h. ##
## ----------- ##

#define PACKAGE_NAME "reader"
#define PACKAGE_TARNAME "reader"
#define PACKAGE_VERSION "1.0"
#define PACKAGE_STRING "reader 1.0"
#define PACKAGE_BUGREPORT "BUG-REPORT-ADDRESS"
#define PACKAGE "reader"
#define VERSION "1.0"
#define HAVE_LIBPTHREAD 1
#define STDC_HEADERS 1
#define HAVE_SYS_TYPES_H 1
#define HAVE_SYS_STAT_H 1
#define HAVE_STDLIB_H 1
#define HAVE_STRING_H 1
#define HAVE_MEMORY_H 1
#define HAVE_STRINGS_H 1
#define HAVE_INTTYPES_H 1
#define HAVE_STDINT_H 1
#define HAVE_UNISTD_H 1
#define HAVE_STDINT_H 1
#define HAVE_STDLIB_H 1
#define HAVE_STRING_H 1
#define HAVE_UNISTD_H 1
#define TIME_WITH_SYS_TIME 1
#define HAVE_STDLIB_H 1
#define HAVE_MALLOC 1
#define HAVE_MEMSET 1
#define HAVE_STPCPY 1
#define HAVE_STRNDUP 1

configure: exit 0
